  0.000014 4
  0.055431 0
  0.083332 2
  0.162127 0
  0.187363 4
  0.267486 0
  0.295394 2
  0.374176 0
  0.398976 4
  0.479100 0
  0.507456 2
  0.586246 0
  0.611049 4
  0.691175 0
  0.719525 2
  0.798311 0
  0.823110 4
  0.903231 0
  0.931584 2
  1.009920 0
  1.035165 4
  1.115285 0
  1.143632 2
  1.221975 0
  1.246819 4
  1.327336 0
  1.355244 2
  1.434029 0
  1.458828 4
  1.539406 0
  1.567757 2
  1.646104 0
  1.670902 4
  1.751466 0
  1.779379 2
  1.858163 0
  1.882963 4
  1.963083 0
  1.992928 2
  2.070216 0
