  0.019020 4
  0.103786 0
  0.124608 2
  0.209590 0
  0.231073 4
  0.315393 0
  0.336220 2
  0.421646 0
  0.442458 4
  0.527449 0
  0.548941 2
  0.633708 0
  0.655192 4
  0.739523 0
  0.761019 2
  0.845772 0
  0.867258 4
  0.951581 0
  0.972401 2
  1.057832 0
  1.078870 4
  1.163630 0
  1.184455 2
  1.269882 0
  1.290921 4
  1.375685 0
  1.396513 2
  1.481937 0
  1.502973 4
  1.587305 0
  1.608572 2
  1.693562 0
  1.715049 4
  1.799376 0
  1.820640 2
  1.905628 0
  1.927107 4
  2.011431 0
  2.032920 2
  2.117682 0
