  0.000016 2
  0.532222 6
  0.532254 2
  0.586934 6
  0.586961 2
  0.634523 6
  0.634547 2
  0.637593 6
  0.637609 2
  1.261207 6
  1.261263 2
  1.515077 6
  1.515116 2
  1.718122 6
  1.718159 2
  2.335653 6
  2.335699 2
  2.715907 6
  2.715948 2
  3.235237 6
  3.235279 2
  3.731411 6
  3.731452 2
  4.110035 6
  4.110071 2
  4.126627 6
  4.126663 2
  4.304601 6
  4.304641 2
  4.311287 6
  4.311316 2
  4.978525 6
  4.978568 2
  6.390200 6
  6.390247 2
  7.127519 6
  7.127561 2
  7.267018 6
  7.267059 2
  8.129353 6
