  0.000015 2
  0.077084 6
  0.161405 2
  0.289140 6
  0.373455 2
  0.501194 6
  0.585512 2
  0.713256 6
  0.797581 2
  0.925319 6
  1.009640 2
  1.136706 6
  1.221691 2
  1.348758 6
  1.433748 2
  1.560816 6
  1.645805 2
  1.773108 6
  1.857431 2
  1.985171 6
  2.069486 2
  2.197222 6
  2.281538 2
  2.409276 6
  2.493594 2
  2.620666 6
  2.706060 2
  2.832738 6
  2.917725 2
  3.044791 6
  3.129777 2
  3.257068 6
  3.341386 2
  3.469125 6
  3.553441 2
  3.681185 6
  3.765514 2
  3.893255 6
  3.977571 2
  4.105307 6
