  0.000018 2
  0.072204 6
  0.072228 2
  0.886624 6
  0.886657 2
  0.921948 6
  0.921972 2
  0.943059 6
  0.943082 2
  1.646210 6
  1.646273 2
  2.584304 6
  2.584353 2
  4.113521 6
  4.113565 2
  4.229387 6
  4.229424 2
  4.371845 6
  4.371884 2
  5.433137 6
  5.433185 2
  6.190137 6
  6.190185 2
  6.343794 6
  6.343845 2
  6.349153 6
  6.349180 2
  6.457774 6
  6.457814 2
  6.646505 6
  6.646553 2
  6.674435 6
  6.674475 2
  6.685513 6
  6.685547 2
  6.754078 6
  6.754121 2
  7.044511 6
  7.044550 2
  7.134097 6
