  0.000014 0
  0.013088 2
  0.098078 0
  0.118893 4
  0.204331 0
  0.225381 2
  0.309701 0
  0.330959 4
  0.416397 0
  0.436779 2
  0.521770 0
  0.543023 4
  0.628028 0
  0.648855 2
  0.733853 0
  0.755109 4
  0.840110 0
  0.860933 2
  0.945920 0
  0.967406 4
  1.052176 0
  1.073666 2
  1.157985 0
  1.179474 4
  1.264239 0
  1.285065 2
  1.370054 0
  1.390867 4
  1.476304 0
  1.497129 2
  1.582124 0
  1.602937 4
  1.688383 0
  1.709439 2
  1.794205 0
  1.815021 4
  1.900458 0
  1.921514 2
  2.005832 0
  2.027087 4
