   0.010  1115.000 1394.100   10000  11150  13941 10.2387
   0.020  1118.400 1390.900   10000  11184  13909 10.2387
   0.031  1115.800 1391.100   10000  11158  13911 10.2387
   0.041  1116.300 1392.200   10000  11163  13922 10.2387
   0.051  1114.000 1390.000   10000  11140  13900 10.2387
   0.061  1114.200 1391.100   10000  11142  13911 10.2387
   0.071  1114.600 1392.100   10000  11146  13921 10.2387
   0.081  1117.100 1389.100   10000  11171  13891 10.2387
   0.092  1112.800 1392.400   10000  11128  13924 10.2387
   0.103  1117.600 1391.700   10000  11176  13917 10.2387
   0.113  1112.600 1391.600   10000  11126  13916 10.2387
   0.124  1114.700 1391.900   10000  11147  13919 10.2387
   0.134  1112.900 1390.200   10000  11129  13902 10.2387
   0.144  1111.700 1390.800   10000  11117  13908 10.2387
   0.154  1113.900 1393.400   10000  11139  13934 10.2387
   0.164  1113.900 1389.800   10000  11139  13898 10.2387
   0.174  1111.900 1392.000   10000  11119  13920 10.2387
   0.185  1115.400 1392.000   10000  11154  13920 10.2387
   0.196  1114.200 1392.700   10000  11142  13927 10.2387
   0.206  1112.700 1390.200   10000  11127  13902 10.2387
   0.216  1113.000 1390.400   10000  11130  13904 10.2387
   0.227  1111.400 1387.800   10000  11114  13878 10.2387
   0.237  1116.700 1389.200   10000  11167  13892 10.2387
   0.247  1110.700 1390.200   10000  11107  13902 10.2387
   0.257  1111.100 1389.400   10000  11111  13894 10.2387
   0.267  1112.700 1390.900   10000  11127  13909 10.2387
   0.277  1109.300 1390.600   10000  11093  13906 10.2387
   0.289  1110.400 1389.000   10000  11104  13890 10.2387
   0.299  1110.600 1390.400   10000  11106  13904 10.2387
   0.309  1109.800 1389.600   10000  11098  13896 10.2387
   0.319  1111.000 1391.200   10000  11110  13912 10.2387
   0.330  1109.600 1391.500   10000  11096  13915 10.2387
   0.340  1113.200 1390.300   10000  11132  13903 10.2387
   0.350  1111.700 1389.300   10000  11117  13893 10.2387
   0.360  1109.800 1388.400   10000  11098  13884 10.2387
   0.370  1108.900 1386.000   10000  11089  13860 10.2387
   0.382  1109.200 1389.800   10000  11092  13898 10.2387
   0.392  1110.700 1389.000   10000  11107  13890 10.2387
   0.402  1109.600 1390.000   10000  11096  13900 10.2387
   0.412  1108.800 1388.400   10000  11088  13884 10.2387
   0.423  1113.200 1388.500   10000  11132  13885 10.2387
   0.433  1109.900 1388.200   10000  11099  13882 10.2387
   0.443  1111.500 1389.300   10000  11115  13893 10.2387
   0.453  1112.800 1387.900   10000  11128  13879 10.2387
   0.463  1109.800 1389.500   10000  11098  13895 10.2387
   0.475  1110.100 1390.400   10000  11101  13904 10.2387
   0.485  1110.800 1389.600   10000  11108  13896 10.2387
   0.495  1110.100 1390.000   10000  11101  13900 10.2387
   0.505  1110.700 1390.000   10000  11107  13900 10.2387
   0.516  1109.600 1387.600   10000  11096  13876 10.2387
   0.526  1111.000 1388.400   10000  11110  13884 10.2387
   0.536  1107.700 1389.700   10000  11077  13897 10.2387
   0.546  1112.200 1390.000   10000  11122  13900 10.2387
   0.558  1108.700 1390.200   10000  11087  13902 10.2387
   0.568  1112.700 1388.700   10000  11127  13887 10.2387
   0.578  1110.000 1388.800   10000  11100  13888 10.2387
   0.588  1110.900 1389.700   10000  11109  13897 10.2387
   0.598  1110.500 1391.700   10000  11105  13917 10.2387
   0.608  1112.600 1390.300   10000  11126  13903 10.2387
   0.619  1112.200 1389.600   10000  11122  13896 10.2387
   0.629  1107.800 1390.000   10000  11078  13900 10.2387
   0.639  1109.900 1392.200   10000  11099  13922 10.2387
   0.650  1106.600 1392.300   10000  11066  13923 10.2387
   0.661  1107.000 1391.100   10000  11070  13911 10.2387
   0.671  1111.600 1389.100   10000  11116  13891 10.2387
   0.681  1107.000 1393.100   10000  11070  13931 10.2387
   0.691  1107.500 1390.200   10000  11075  13902 10.2387
   0.701  1107.700 1393.400   10000  11077  13934 10.2387
   0.712  1109.400 1393.400   10000  11094  13934 10.2387
   0.722  1113.800 1391.000   10000  11138  13910 10.2387
   0.732  1109.500 1392.300   10000  11095  13923 10.2387
   0.743  1113.000 1393.500   10000  11130  13935 10.2387
   0.753  1107.500 1391.000   10000  11075  13910 10.2387
   0.764  1109.900 1389.500   10000  11099  13895 10.2387
   0.774  1110.800 1390.300   10000  11108  13903 10.2387
   0.784  1109.400 1393.000   10000  11094  13930 10.2387
   0.794  1109.900 1391.900   10000  11099  13919 10.2387
   0.804  1108.400 1391.600   10000  11084  13916 10.2387
   0.815  1108.700 1391.500   10000  11087  13915 10.2387
   0.825  1108.700 1391.600   10000  11087  13916 10.2387
   0.836  1107.400 1391.900   10000  11074  13919 10.2387
   0.846  1109.600 1390.100   10000  11096  13901 10.2387
   0.857  1109.800 1392.400   10000  11098  13924 10.2387
   0.867  1110.300 1391.100   10000  11103  13911 10.2387
   0.877  1109.100 1390.200   10000  11091  13902 10.2387
   0.887  1109.300 1390.200   10000  11093  13902 10.2387
   0.897  1111.500 1391.800   10000  11115  13918 10.2387
   0.907  1109.300 1391.400   10000  11093  13914 10.2387
   0.918  1109.100 1390.700   10000  11091  13907 10.2387
   0.929  1107.100 1388.800   10000  11071  13888 10.2387
   0.939  1108.700 1390.500   10000  11087  13905 10.2387
   0.949  1107.600 1391.900   10000  11076  13919 10.2387
   0.960  1108.600 1389.600   10000  11086  13896 10.2387
   0.970  1108.600 1393.300   10000  11086  13933 10.2387
   0.980  1110.900 1387.400   10000  11109  13874 10.2387
   0.990  1111.600 1390.000   10000  11116  13900 10.2387
   1.000  1109.000 1390.400   10000  11090  13904 10.2387
   1.011  1110.300 1389.200   10000  11103  13892 10.2387
   1.022  1108.600 1391.400   10000  11086  13914 10.2387
   1.032  1106.300 1389.400   10000  11063  13894 10.2387
   1.042  1111.000 1390.000   10000  11110  13900 10.2387
   1.053  1109.700 1392.100   10000  11097  13921 10.2387
   1.063  1107.600 1392.100   10000  11076  13921 10.2387
   1.073  1110.200 1390.900   10000  11102  13909 10.2387
   1.083  1107.300 1389.200   10000  11073  13892 10.2387
   1.093  1109.900 1389.700   10000  11099  13897 10.2387
   1.105  1106.200 1388.600   10000  11062  13886 10.2387
   1.115  1110.700 1387.700   10000  11107  13877 10.2387
   1.125  1106.800 1389.000   10000  11068  13890 10.2387
   1.135  1108.200 1388.900   10000  11082  13889 10.2387
   1.145  1111.500 1388.600   10000  11115  13886 10.2387
   1.156  1108.100 1388.100   10000  11081  13881 10.2387
   1.166  1112.100 1387.200   10000  11121  13872 10.2387
   1.176  1110.100 1387.800   10000  11101  13878 10.2387
   1.186  1108.300 1388.600   10000  11083  13886 10.2387
   1.198  1108.300 1389.700   10000  11083  13897 10.2387
   1.208  1110.200 1390.800   10000  11102  13908 10.2387
   1.218  1109.300 1386.500   10000  11093  13865 10.2387
   1.228  1111.800 1390.400   10000  11118  13904 10.2387
   1.238  1109.400 1388.500   10000  11094  13885 10.2387
   1.248  1111.700 1389.900   10000  11117  13899 10.2387
   1.259  1108.400 1389.400   10000  11084  13894 10.2387
   1.269  1108.900 1390.400   10000  11089  13904 10.2387
   1.279  1109.300 1389.200   10000  11093  13892 10.2387
   1.290  1112.400 1389.500   10000  11124  13895 10.2387
   1.301  1110.800 1389.800   10000  11108  13898 10.2387
   1.311  1107.000 1390.300   10000  11070  13903 10.2387
   1.321  1110.500 1390.900   10000  11105  13909 10.2387
   1.331  1109.700 1389.900   10000  11097  13899 10.2387
   1.341  1111.100 1390.500   10000  11111  13905 10.2387
   1.352  1109.200 1388.200   10000  11092  13882 10.2387
   1.362  1111.600 1386.500   10000  11116  13865 10.2387
   1.372  1111.000 1391.700   10000  11110  13917 10.2387
   1.383  1109.800 1388.200   10000  11098  13882 10.2387
   1.394  1113.200 1389.700   10000  11132  13897 10.2387
   1.404  1110.400 1392.500   10000  11104  13925 10.2387
   1.414  1113.100 1389.400   10000  11131  13894 10.2387
   1.424  1114.000 1391.900   10000  11140  13919 10.2387
   1.434  1108.900 1389.900   10000  11089  13899 10.2387
   1.445  1110.800 1388.300   10000  11108  13883 10.2387
   1.455  1110.000 1390.400   10000  11100  13904 10.2387
   1.465  1110.600 1387.900   10000  11106  13879 10.2387
   1.476  1110.700 1390.900   10000  11107  13909 10.2387
   1.486  1108.300 1390.300   10000  11083  13903 10.2387
   1.497  1109.100 1390.600   10000  11091  13906 10.2387
   1.507  1107.900 1389.800   10000  11079  13898 10.2387
   1.517  1111.800 1387.700   10000  11118  13877 10.2387
   1.527  1110.400 1390.300   10000  11104  13903 10.2387
   1.537  1110.800 1388.700   10000  11108  13887 10.2387
   1.548  1113.500 1390.400   10000  11135  13904 10.2387
   1.558  1109.000 1390.600   10000  11090  13906 10.2387
   1.569  1108.100 1385.600   10000  11081  13856 10.2387
   1.579  1108.700 1389.900   10000  11087  13899 10.2387
   1.590  1109.000 1390.800   10000  11090  13908 10.2387
   1.600  1109.300 1391.700   10000  11093  13917 10.2387
   1.610  1108.800 1391.900   10000  11088  13919 10.2387
   1.620  1109.200 1391.200   10000  11092  13912 10.2387
   1.630  1109.300 1390.100   10000  11093  13901 10.2387
   1.641  1106.200 1391.900   10000  11062  13919 10.2387
   1.652  1107.400 1391.400   10000  11074  13914 10.2387
   1.662  1108.300 1392.700   10000  11083  13927 10.2387
   1.672  1109.300 1390.200   10000  11093  13902 10.2387
   1.683  1105.600 1389.500   10000  11056  13895 10.2387
   1.693  1106.300 1391.000   10000  11063  13910 10.2387
   1.703  1109.100 1391.500   10000  11091  13915 10.2387
   1.713  1111.400 1391.300   10000  11114  13913 10.2387
   1.723  1108.300 1391.300   10000  11083  13913 10.2387
   1.733  1107.900 1390.300   10000  11079  13903 10.2387
   1.745  1107.600 1389.800   10000  11076  13898 10.2387
   1.755  1106.600 1391.600   10000  11066  13916 10.2387
   1.765  1108.700 1389.600   10000  11087  13896 10.2387
   1.775  1109.100 1391.600   10000  11091  13916 10.2387
   1.786  1107.000 1388.800   10000  11070  13888 10.2387
   1.796  1105.600 1388.500   10000  11056  13885 10.2387
   1.806  1108.100 1389.400   10000  11081  13894 10.2387
   1.816  1108.600 1388.900   10000  11086  13889 10.2387
   1.826  1106.600 1389.400   10000  11066  13894 10.2387
   1.838  1106.500 1389.000   10000  11065  13890 10.2387
   1.848  1107.000 1388.300   10000  11070  13883 10.2387
   1.858  1105.700 1388.400   10000  11057  13884 10.2387
   1.868  1107.400 1388.000   10000  11074  13880 10.2387
   1.879  1108.100 1391.500   10000  11081  13915 10.2387
   1.889  1107.600 1390.600   10000  11076  13906 10.2387
   1.899  1108.000 1392.300   10000  11080  13923 10.2387
   1.909  1105.400 1388.900   10000  11054  13889 10.2387
   1.919  1107.800 1391.600   10000  11078  13916 10.2387
   1.931  1107.100 1393.100   10000  11071  13931 10.2387
   1.941  1108.000 1390.400   10000  11080  13904 10.2387
   1.951  1107.900 1393.200   10000  11079  13932 10.2387
   1.961  1107.700 1390.900   10000  11077  13909 10.2535
   1.971  1107.600 1390.200   10000  11076  13902 10.2535
   1.982  1109.400 1391.600   10000  11094  13916 10.2535
   1.992  1112.400 1389.600   10000  11124  13896 10.2535
   2.002  1107.900 1391.500   10000  11079  13915 10.2535
   2.012  1106.600 1390.900   10000  11066  13909 10.2535
   2.024  1108.200 1391.100   10000  11082  13911 10.2535
   2.034  1110.400 1391.500   10000  11104  13915 10.2535
   2.044  1107.900 1389.800   10000  11079  13898 10.2535
   2.054  1108.900 1390.800   10000  11089  13908 10.2535
   2.064  1107.400 1389.900   10000  11074  13899 10.2535
   2.075  1106.100 1392.100   10000  11061  13921 10.2535
   2.085  1104.700 1390.300   10000  11047  13903 10.2535
   2.095  1107.700 1394.500   10000  11077  13945 10.2535
   2.105  1106.400 1392.600   10000  11064  13926 10.2535
   2.117  1108.500 1389.800   10000  11085  13898 10.2535
   2.127  1107.900 1392.200   10000  11079  13922 10.2535
   2.137  1106.300 1390.000   10000  11063  13900 10.2535
   2.147  1108.100 1390.500   10000  11081  13905 10.2535
   2.157  1106.900 1390.500   10000  11069  13905 10.2535
   2.168  1106.700 1390.300   10000  11067  13903 10.2535
   2.178  1105.600 1392.300   10000  11056  13923 10.2535
   2.188  1110.300 1391.500   10000  11103  13915 10.2535
   2.199  1109.500 1391.300   10000  11095  13913 10.2535
   2.210  1108.700 1389.800   10000  11087  13898 10.2535
   2.220  1110.900 1389.500   10000  11109  13895 10.2535
   2.230  1107.200 1389.100   10000  11072  13891 10.2535
   2.240  1108.000 1391.000   10000  11080  13910 10.2535
   2.250  1110.500 1392.600   10000  11105  13926 10.2535
   2.261  1107.700 1391.100   10000  11077  13911 10.2535
   2.271  1108.600 1391.400   10000  11086  13914 10.2535
   2.281  1108.600 1391.300   10000  11086  13913 10.2535
   2.292  1107.100 1389.500   10000  11071  13895 10.2535
   2.303  1110.900 1392.600   10000  11109  13926 10.2535
   2.313  1111.200 1390.000   10000  11112  13900 10.2535
   2.323  1110.000 1389.100   10000  11100  13891 10.2535
   2.333  1108.400 1392.600   10000  11084  13926 10.2535
   2.343  1111.200 1389.000   10000  11112  13890 10.2535
   2.354  1111.200 1391.500   10000  11112  13915 10.2535
   2.364  1109.200 1393.500   10000  11092  13935 10.2535
   2.374  1109.800 1391.600   10000  11098  13916 10.2535
   2.385  1107.100 1393.100   10000  11071  13931 10.2535
   2.396  1108.700 1391.700   10000  11087  13917 10.2535
   2.406  1109.900 1392.500   10000  11099  13925 10.2535
   2.416  1108.800 1394.300   10000  11088  13943 10.2535
   2.426  1107.400 1393.200   10000  11074  13932 10.2535
   2.436  1112.000 1392.500   10000  11120  13925 10.2535
   2.447  1110.500 1391.800   10000  11105  13918 10.2535
   2.457  1109.900 1391.400   10000  11099  13914 10.2535
   2.467  1109.800 1390.400   10000  11098  13904 10.2535
   2.478  1109.700 1390.600   10000  11097  13906 10.2535
   2.489  1109.400 1392.200   10000  11094  13922 10.2535
   2.499  1109.800 1390.500   10000  11098  13905 10.2535
   2.509  1111.000 1392.200   10000  11110  13922 10.2535
   2.519  1110.900 1391.500   10000  11109  13915 10.2535
   2.529  1106.900 1390.800   10000  11069  13908 10.2535
   2.540  1110.900 1391.100   10000  11109  13911 10.2535
   2.550  1111.000 1391.200   10000  11110  13912 10.2535
   2.560  1111.000 1390.100   10000  11110  13901 10.2535
   2.571  1108.300 1390.100   10000  11083  13901 10.2535
   2.582  1108.600 1390.600   10000  11086  13906 10.2535
   2.592  1110.600 1390.700   10000  11106  13907 10.2535
   2.602  1108.500 1389.800   10000  11085  13898 10.2535
   2.612  1106.900 1390.600   10000  11069  13906 10.2535
   2.623  1108.500 1391.500   10000  11085  13915 10.2535
   2.633  1106.300 1391.800   10000  11063  13918 10.2535
   2.643  1107.600 1390.600   10000  11076  13906 10.2535
   2.653  1109.500 1393.800   10000  11095  13938 10.2535
   2.665  1110.200 1392.000   10000  11102  13920 10.2535
   2.675  1105.500 1392.200   10000  11055  13922 10.2535
   2.685  1106.500 1393.100   10000  11065  13931 10.2535
   2.695  1109.000 1389.800   10000  11090  13898 10.2535
   2.705  1107.500 1391.800   10000  11075  13918 10.2535
   2.715  1105.800 1393.300   10000  11058  13933 10.2535
   2.726  1107.500 1390.900   10000  11075  13909 10.2535
   2.736  1106.000 1390.600   10000  11060  13906 10.2535
   2.747  1108.800 1391.100   10000  11088  13911 10.2535
   2.757  1108.800 1393.100   10000  11088  13931 10.2535
   2.768  1108.500 1392.200   10000  11085  13922 10.2535
   2.778  1108.600 1393.000   10000  11086  13930 10.2535
   2.788  1108.700 1391.400   10000  11087  13914 10.2535
   2.798  1105.900 1390.800   10000  11059  13908 10.2535
   2.808  1106.500 1391.000   10000  11065  13910 10.2535
   2.818  1107.700 1392.700   10000  11077  13927 10.2535
   2.829  1107.400 1393.600   10000  11074  13936 10.2535
   2.840  1105.600 1392.500   10000  11056  13925 10.2535
   2.850  1107.500 1391.400   10000  11075  13914 10.2535
   2.860  1104.400 1393.700   10000  11044  13937 10.2535
   2.871  1107.100 1393.000   10000  11071  13930 10.2535
   2.881  1107.200 1389.300   10000  11072  13893 10.2535
   2.891  1106.200 1391.900   10000  11062  13919 10.2535
   2.901  1105.000 1389.800   10000  11050  13898 10.2535
   2.911  1105.900 1391.200   10000  11059  13912 10.2535
   2.922  1107.200 1392.700   10000  11072  13927 10.2535
   2.933  1105.200 1392.500   10000  11052  13925 10.2535
   2.943  1108.000 1391.600   10000  11080  13916 10.2535
   2.953  1109.400 1392.600   10000  11094  13926 10.2535
   2.963  1105.500 1389.300   10000  11055  13893 10.2535
   2.974  1107.000 1390.900   10000  11070  13909 10.2535
   2.984  1104.600 1392.900   10000  11046  13929 10.2535
   2.994  1103.200 1394.200   10000  11032  13942 10.2535
   3.004  1104.200 1395.000   10000  11042  13950 10.2535
   3.014  1106.400 1390.600   10000  11064  13906 10.2535
   3.026  1106.100 1392.000   10000  11061  13920 10.2535
   3.036  1106.300 1390.000   10000  11063  13900 10.2535
   3.046  1108.600 1390.700   10000  11086  13907 10.2535
   3.056  1107.200 1391.700   10000  11072  13917 10.2535
   3.067  1108.400 1388.300   10000  11084  13883 10.2535
   3.077  1107.400 1392.400   10000  11074  13924 10.2535
   3.087  1108.700 1390.400   10000  11087  13904 10.2535
   3.097  1108.700 1391.600   10000  11087  13916 10.2535
   3.107  1106.100 1393.200   10000  11061  13932 10.2535
   3.119  1107.200 1391.600   10000  11072  13916 10.2535
   3.129  1108.000 1392.000   10000  11080  13920 10.2535
   3.139  1106.600 1389.900   10000  11066  13899 10.2535
   3.149  1109.000 1390.800   10000  11090  13908 10.2535
   3.159  1107.300 1391.600   10000  11073  13916 10.2535
   3.170  1106.200 1391.900   10000  11062  13919 10.2535
   3.180  1103.400 1392.200   10000  11034  13922 10.2535
   3.190  1108.000 1392.700   10000  11080  13927 10.2535
   3.201  1107.800 1392.800   10000  11078  13928 10.2535
   3.212  1107.400 1391.300   10000  11074  13913 10.2535
   3.222  1106.200 1390.300   10000  11062  13903 10.2535
   3.232  1106.500 1394.500   10000  11065  13945 10.2535
   3.242  1108.000 1394.300   10000  11080  13943 10.2535
   3.252  1107.300 1392.700   10000  11073  13927 10.2535
   3.262  1110.400 1393.300   10000  11104  13933 10.2535
   3.273  1107.500 1392.700   10000  11075  13927 10.2535
   3.283  1104.900 1390.800   10000  11049  13908 10.2535
   3.294  1108.800 1394.900   10000  11088  13949 10.2535
   3.304  1107.800 1394.000   10000  11078  13940 10.2535
   3.315  1107.600 1394.000   10000  11076  13940 10.2535
   3.325  1104.700 1396.800   10000  11047  13968 10.2535
   3.335  1106.200 1391.500   10000  11062  13915 10.2535
   3.345  1107.900 1392.900   10000  11079  13929 10.2387
   3.355  1105.500 1393.100   10000  11055  13931 10.2387
   3.366  1104.200 1390.000   10000  11042  13900 10.2387
   3.376  1104.600 1390.400   10000  11046  13904 10.2387
   3.387  1104.400 1394.500   10000  11044  13945 10.2387
   3.397  1105.000 1390.800   10000  11050  13908 10.2387
   3.408  1105.800 1393.000   10000  11058  13930 10.2387
   3.418  1107.300 1392.600   10000  11073  13926 10.2387
   3.428  1107.300 1392.600   10000  11073  13926 10.2387
   3.438  1105.900 1391.200   10000  11059  13912 10.2387
   3.448  1106.500 1393.600   10000  11065  13936 10.2387
   3.459  1106.200 1393.900   10000  11062  13939 10.2387
   3.469  1107.800 1391.400   10000  11078  13914 10.2387
   3.480  1104.600 1393.500   10000  11046  13935 10.2387
   3.490  1106.800 1392.300   10000  11068  13923 10.2387
   3.501  1108.400 1395.700   10000  11084  13957 10.2387
   3.511  1103.800 1394.400   10000  11038  13944 10.2387
   3.521  1107.400 1393.300   10000  11074  13933 10.2387
   3.531  1107.000 1393.600   10000  11070  13936 10.2387
   3.541  1108.200 1391.600   10000  11082  13916 10.2387
   3.552  1106.800 1394.300   10000  11068  13943 10.2387
   3.562  1106.000 1391.500   10000  11060  13915 10.2387
   3.573  1107.800 1391.900   10000  11078  13919 10.2387
   3.583  1104.400 1394.100   10000  11044  13941 10.2387
   3.594  1104.400 1393.400   10000  11044  13934 10.2387
   3.604  1106.300 1393.500   10000  11063  13935 10.2387
   3.614  1104.900 1392.600   10000  11049  13926 10.2387
   3.624  1107.900 1394.600   10000  11079  13946 10.2387
   3.634  1108.900 1395.200   10000  11089  13952 10.2387
   3.645  1105.500 1392.900   10000  11055  13929 10.2387
   3.655  1107.600 1392.500   10000  11076  13925 10.2387
   3.666  1104.800 1391.800   10000  11048  13918 10.2387
   3.676  1102.800 1393.500   10000  11028  13935 10.2387
   3.687  1105.500 1392.700   10000  11055  13927 10.2387
   3.697  1107.200 1394.500   10000  11072  13945 10.2387
   3.707  1106.200 1392.300   10000  11062  13923 10.2387
   3.717  1103.900 1392.500   10000  11039  13925 10.2387
   3.727  1105.700 1395.000   10000  11057  13950 10.2387
   3.737  1105.500 1390.500   10000  11055  13905 10.2387
   3.749  1105.400 1392.900   10000  11054  13929 10.2387
   3.759  1105.100 1392.700   10000  11051  13927 10.2387
   3.769  1104.000 1391.100   10000  11040  13911 10.2387
   3.779  1103.300 1393.800   10000  11033  13938 10.2387
   3.790  1106.200 1393.000   10000  11062  13930 10.2387
   3.800  1102.600 1392.000   10000  11026  13920 10.2387
   3.810  1104.600 1392.700   10000  11046  13927 10.2387
   3.820  1105.400 1392.300   10000  11054  13923 10.2387
   3.830  1104.900 1393.900   10000  11049  13939 10.2387
   3.842  1106.600 1392.200   10000  11066  13922 10.2387
   3.852  1107.200 1392.400   10000  11072  13924 10.2387
   3.862  1104.300 1392.700   10000  11043  13927 10.2387
   3.872  1105.600 1391.300   10000  11056  13913 10.2387
   3.883  1104.900 1393.200   10000  11049  13932 10.2387
   3.893  1106.100 1391.500   10000  11061  13915 10.2387
   3.903  1105.000 1393.700   10000  11050  13937 10.2387
   3.913  1103.700 1390.600   10000  11037  13906 10.2387
   3.923  1105.600 1393.800   10000  11056  13938 10.2387
   3.935  1101.900 1395.200   10000  11019  13952 10.2387
   3.945  1106.400 1392.500   10000  11064  13925 10.2387
   3.955  1104.800 1393.000   10000  11048  13930 10.2387
   3.965  1107.500 1393.500   10000  11075  13935 10.2387
   3.976  1106.800 1390.900   10000  11068  13909 10.2387
   3.986  1105.400 1395.400   10000  11054  13954 10.2387
   3.996  1105.900 1393.000   10000  11059  13930 10.2387
   4.006  1105.600 1394.100   10000  11056  13941 10.2387
   4.016  1110.100 1396.200   10000  11101  13962 10.2387
   4.028  1108.200 1395.800   10000  11082  13958 10.2387
   4.038  1108.400 1393.100   10000  11084  13931 10.2387
   4.048  1108.200 1395.900   10000  11082  13959 10.2387
   4.058  1107.300 1394.300   10000  11073  13943 10.2387
   4.068  1109.500 1397.500   10000  11095  13975 10.2387
   4.079  1106.600 1393.700   10000  11066  13937 10.2387
   4.089  1107.000 1394.800   10000  11070  13948 10.2387
   4.099  1105.300 1395.200   10000  11053  13952 10.2387
   4.109  1105.400 1395.200   10000  11054  13952 10.2387
   4.121  1103.700 1394.900   10000  11037  13949 10.2387
   4.131  1104.600 1394.100   10000  11046  13941 10.2387
   4.141  1107.700 1394.100   10000  11077  13941 10.2387
   4.151  1107.300 1395.000   10000  11073  13950 10.2387
   4.161  1105.900 1392.100   10000  11059  13921 10.2387
   4.171  1108.300 1392.600   10000  11083  13926 10.2387
   4.182  1107.000 1392.300   10000  11070  13923 10.2387
   4.192  1109.500 1393.400   10000  11095  13934 10.2387
   4.202  1108.500 1394.700   10000  11085  13947 10.2387
   4.213  1106.600 1393.400   10000  11066  13934 10.2387
   4.224  1107.500 1394.200   10000  11075  13942 10.2387
   4.234  1105.900 1393.300   10000  11059  13933 10.2387
   4.244  1104.900 1390.900   10000  11049  13909 10.2387
   4.254  1105.600 1392.100   10000  11056  13921 10.2387
   4.264  1103.500 1391.900   10000  11035  13919 10.2387
   4.275  1108.100 1393.700   10000  11081  13937 10.2387
   4.285  1104.200 1393.200   10000  11042  13932 10.2387
   4.296  1107.000 1394.300   10000  11070  13943 10.2387
   4.306  1105.600 1398.700   10000  11056  13987 10.2387
   4.317  1105.600 1395.900   10000  11056  13959 10.2387
   4.327  1107.800 1397.000   10000  11078  13970 10.2387
   4.337  1103.900 1397.100   10000  11039  13971 10.2387
   4.347  1106.500 1392.900   10000  11065  13929 10.2387
   4.357  1108.300 1395.700   10000  11083  13957 10.2387
   4.367  1105.900 1396.200   10000  11059  13962 10.2387
   4.378  1104.400 1395.100   10000  11044  13951 10.2387
   4.389  1106.700 1393.600   10000  11067  13936 10.2387
   4.399  1108.100 1395.100   10000  11081  13951 10.2387
   4.409  1105.900 1395.900   10000  11059  13959 10.2387
   4.420  1105.200 1395.300   10000  11052  13953 10.2387
   4.430  1109.000 1396.200   10000  11090  13962 10.2387
   4.440  1104.300 1396.700   10000  11043  13967 10.2387
   4.450  1105.400 1395.900   10000  11054  13959 10.2387
   4.460  1106.800 1395.400   10000  11068  13954 10.2387
   4.471  1109.100 1395.500   10000  11091  13955 10.2387
   4.482  1107.200 1394.400   10000  11072  13944 10.2387
   4.492  1105.300 1396.000   10000  11053  13960 10.2387
   4.502  1106.700 1396.100   10000  11067  13961 10.2387
   4.513  1107.400 1395.700   10000  11074  13957 10.2387
   4.523  1107.400 1396.600   10000  11074  13966 10.2387
   4.533  1108.200 1396.900   10000  11082  13969 10.2387
   4.543  1106.000 1395.300   10000  11060  13953 10.2387
   4.553  1109.100 1396.400   10000  11091  13964 10.2387
   4.564  1107.300 1393.400   10000  11073  13934 10.2387
   4.575  1106.700 1393.300   10000  11067  13933 10.2387
   4.585  1106.800 1394.100   10000  11068  13941 10.2387
   4.595  1107.500 1392.200   10000  11075  13922 10.2387
   4.606  1104.700 1395.600   10000  11047  13956 10.2387
   4.616  1104.000 1393.600   10000  11040  13936 10.2387
   4.626  1106.500 1396.000   10000  11065  13960 10.2387
   4.636  1104.100 1396.000   10000  11041  13960 10.2387
   4.646  1107.800 1393.600   10000  11078  13936 10.2387
   4.657  1106.100 1397.500   10000  11061  13975 10.2387
   4.668  1106.800 1393.400   10000  11068  13934 10.2387
   4.678  1106.800 1394.900   10000  11068  13949 10.2387
   4.688  1106.000 1396.200   10000  11060  13962 10.2387
   4.698  1105.600 1394.500   10000  11056  13945 10.2387
   4.709  1105.400 1395.900   10000  11054  13959 10.2387
   4.719  1105.500 1393.600   10000  11055  13936 10.2387
   4.729  1107.900 1392.000   10000  11079  13920 10.2387
   4.739  1105.000 1395.300   10000  11050  13953 10.2387
   4.749  1107.100 1394.700   10000  11071  13947 10.2387
   4.761  1106.300 1394.600   10000  11063  13946 10.2387
   4.771  1104.800 1394.500   10000  11048  13945 10.2387
   4.781  1103.800 1395.500   10000  11038  13955 10.2387
   4.791  1107.200 1396.900   10000  11072  13969 10.2387
   4.802  1106.500 1396.000   10000  11065  13960 10.2387
   4.812  1104.600 1394.300   10000  11046  13943 10.2387
   4.822  1106.100 1395.600   10000  11061  13956 10.2387
   4.832  1105.200 1394.600   10000  11052  13946 10.2387
   4.844  1106.800 1396.500   10000  11068  13965 10.2387
   4.854  1103.500 1397.300   10000  11035  13973 10.2387
   4.864  1105.700 1395.800   10000  11057  13958 10.2387
   4.874  1106.700 1396.800   10000  11067  13968 10.2387
   4.884  1105.300 1394.300   10000  11053  13943 10.2387
   4.895  1106.400 1396.800   10000  11064  13968 10.2387
   4.905  1107.300 1394.800   10000  11073  13948 10.2387
   4.915  1105.600 1392.700   10000  11056  13927 10.2387
   4.925  1103.700 1396.700   10000  11037  13967 10.2387
   4.937  1102.700 1395.300   10000  11027  13953 10.2387
   4.947  1105.100 1395.800   10000  11051  13958 10.2387
   4.957  1102.400 1396.400   10000  11024  13964 10.2387
   4.967  1105.600 1395.000   10000  11056  13950 10.2387
   4.977  1104.800 1398.500   10000  11048  13985 10.2387
   4.988  1105.000 1395.700   10000  11050  13957 10.2387
   4.998  1107.200 1397.300   10000  11072  13973 10.2387
   5.008  1102.500 1397.400   10000  11025  13974 10.2387
   5.018  1107.100 1394.600   10000  11071  13946 10.2387
   5.029  1104.500 1397.600   10000  11045  13976 10.2387
   5.040  1104.800 1394.900   10000  11048  13949 10.2387
   5.050  1106.000 1393.300   10000  11060  13933 10.2387
   5.060  1103.300 1395.000   10000  11033  13950 10.2387
   5.070  1105.100 1393.800   10000  11051  13938 10.2387
   5.080  1103.900 1396.900   10000  11039  13969 10.2387
   5.091  1104.100 1392.600   10000  11041  13926 10.2387
   5.101  1104.900 1394.700   10000  11049  13947 10.2387
   5.111  1104.900 1394.300   10000  11049  13943 10.2387
   5.123  1103.800 1392.500   10000  11038  13925 10.2387
   5.133  1104.700 1397.100   10000  11047  13971 10.2387
   5.143  1105.300 1394.300   10000  11053  13943 10.2387
   5.153  1106.800 1397.300   10000  11068  13973 10.2387
   5.163  1106.700 1396.000   10000  11067  13960 10.2387
