   0.050  1111.540 1419.800   50000  55577  70990 10.2387
   0.100  1109.840 1420.800   50000  55492  71040 10.2387
   0.151  1110.500 1420.460   50000  55525  71023 10.2387
   0.201  1111.680 1420.100   50000  55584  71005 10.2387
   0.251  1112.340 1421.160   50000  55617  71058 10.2387
   0.301  1109.760 1420.740   50000  55488  71037 10.2387
   0.351  1111.740 1420.680   50000  55587  71034 10.2387
   0.402  1111.200 1420.360   50000  55560  71018 10.2387
   0.452  1099.160 1419.040   50000  54958  70952 10.2387
   0.503  1101.180 1419.800   50000  55059  70990 10.2387
   0.553  1103.480 1419.680   50000  55174  70984 10.2387
   0.604  1103.020 1420.340   50000  55151  71017 10.2387
   0.654  1105.540 1419.100   50000  55277  70955 10.2387
   0.704  1113.440 1420.320   50000  55672  71016 10.2387
   0.754  1112.820 1419.880   50000  55641  70994 10.2387
   0.804  1111.960 1420.140   50000  55598  71007 10.2387
   0.855  1110.840 1420.280   50000  55542  71014 10.2387
   0.905  1112.400 1420.220   50000  55620  71011 10.2387
   0.956  1111.720 1420.700   50000  55586  71035 10.2387
   1.006  1111.420 1420.400   50000  55571  71020 10.2387
   1.057  1111.420 1421.100   50000  55571  71055 10.2387
   1.107  1111.280 1422.340   50000  55564  71117 10.2387
   1.157  1111.100 1421.920   50000  55555  71096 10.2387
   1.207  1110.740 1421.020   50000  55537  71051 10.2387
   1.257  1112.540 1421.040   50000  55627  71052 10.2387
   1.308  1111.040 1421.140   50000  55552  71057 10.2387
   1.358  1110.740 1420.480   50000  55537  71024 10.2387
   1.409  1112.600 1421.040   50000  55630  71052 10.2387
   1.459  1111.800 1420.160   50000  55590  71008 10.2387
   1.510  1112.260 1420.800   50000  55613  71040 10.2387
   1.560  1112.340 1420.720   50000  55617  71036 10.2387
   1.610  1111.780 1421.060   50000  55589  71053 10.2387
   1.660  1111.700 1421.360   50000  55585  71068 10.2387
   1.710  1112.240 1420.840   50000  55612  71042 10.2387
   1.761  1111.260 1421.260   50000  55563  71063 10.2387
   1.811  1109.740 1420.540   50000  55487  71027 10.2387
   1.862  1105.520 1421.620   50000  55276  71081 10.2387
   1.913  1107.520 1420.460   50000  55376  71023 10.2387
   1.963  1107.360 1420.540   50000  55368  71027 10.2387
   2.013  1107.860 1421.180   50000  55393  71059 10.2387
   2.063  1108.000 1421.080   50000  55400  71054 10.2387
   2.113  1107.400 1420.660   50000  55370  71033 10.2387
   2.163  1106.820 1420.900   50000  55341  71045 10.2387
   2.214  1108.600 1421.140   50000  55430  71057 10.2387
   2.264  1108.820 1420.960   50000  55441  71048 10.2387
   2.315  1109.240 1420.760   50000  55462  71038 10.2387
   2.366  1109.860 1421.720   50000  55493  71086 10.2387
   2.416  1109.020 1420.720   50000  55451  71036 10.2387
   2.466  1106.620 1421.180   50000  55331  71059 10.2387
   2.516  1107.040 1420.580   50000  55352  71029 10.2387
   2.566  1106.340 1420.460   50000  55317  71023 10.2387
   2.617  1107.240 1420.840   50000  55362  71042 10.2387
   2.667  1110.200 1420.360   50000  55510  71018 10.2535
   2.718  1113.740 1420.280   50000  55687  71014 10.2535
   2.768  1113.200 1420.360   50000  55660  71018 10.2535
   2.819  1113.120 1420.660   50000  55656  71033 10.2535
   2.869  1113.380 1421.140   50000  55669  71057 10.2535
   2.919  1112.900 1420.940   50000  55645  71047 10.2535
   2.969  1112.960 1420.760   50000  55648  71038 10.2535
   3.019  1112.440 1420.300   50000  55622  71015 10.2535
