   0.010   466.400  439.300   10000   4664   4393  9.7045
   0.020   469.900  439.200   10000   4699   4392  9.7045
   0.031   467.700  439.100   10000   4677   4391  9.7045
   0.041   464.900  439.100   10000   4649   4391  9.7045
   0.051   470.400  439.200   10000   4704   4392  9.7045
   0.061   469.000  439.100   10000   4690   4391  9.7045
   0.071   467.100  439.200   10000   4671   4392  9.7045
   0.081   467.800  439.100   10000   4678   4391  9.7045
   0.092   472.800  439.400   10000   4728   4394  9.7045
   0.103   468.200  439.400   10000   4682   4394  9.7045
   0.113   469.200  439.200   10000   4692   4392  9.7045
   0.124   469.700  439.300   10000   4697   4393  9.7045
   0.134   470.700  439.400   10000   4707   4394  9.7045
   0.144   472.800  439.400   10000   4728   4394  9.7045
   0.154   469.200  439.300   10000   4692   4393  9.7045
   0.164   469.500  439.400   10000   4695   4394  9.7045
   0.175   470.600  439.600   10000   4706   4396  9.7045
   0.185   470.900  439.500   10000   4709   4395  9.7045
   0.196   474.800  439.400   10000   4748   4394  9.7045
   0.206   473.400  439.500   10000   4734   4395  9.7045
   0.217   468.400  439.400   10000   4684   4394  9.7045
   0.227   467.900  439.500   10000   4679   4395  9.7045
   0.237   467.300  439.400   10000   4673   4394  9.7045
   0.247   470.900  439.300   10000   4709   4393  9.7045
   0.257   470.500  439.400   10000   4705   4394  9.7045
   0.268   467.900  439.500   10000   4679   4395  9.7045
   0.278   467.300  439.500   10000   4673   4395  9.7045
   0.289   466.600  439.600   10000   4666   4396  9.7045
   0.299   469.800  439.500   10000   4698   4395  9.7045
   0.310   469.100  439.400   10000   4691   4394  9.7045
   0.320   470.600  439.500   10000   4706   4395  9.7045
   0.330   470.000  439.300   10000   4700   4393  9.7045
   0.340   468.100  439.300   10000   4681   4393  9.7045
   0.350   468.300  439.400   10000   4683   4394  9.7045
   0.360   470.500  439.200   10000   4705   4392  9.7045
   0.371   470.400  439.200   10000   4704   4392  9.7045
   0.382   470.600  439.100   10000   4706   4391  9.7045
   0.392   470.800  439.200   10000   4708   4392  9.7045
   0.402   469.400  439.100   10000   4694   4391  9.7045
   0.413   468.200  439.000   10000   4682   4390  9.7045
   0.423   469.800  439.100   10000   4698   4391  9.7045
   0.433   471.100  439.200   10000   4711   4392  9.7045
   0.443   465.700  439.200   10000   4657   4392  9.7045
   0.453   472.200  439.400   10000   4722   4394  9.7045
   0.464   473.500  439.300   10000   4735   4393  9.7045
   0.475   471.400  439.300   10000   4714   4393  9.7045
   0.485   471.100  439.200   10000   4711   4392  9.7045
   0.495   469.200  439.000   10000   4692   4390  9.7045
   0.506   473.900  438.900   10000   4739   4389  9.7045
   0.516   469.300  439.000   10000   4693   4390  9.7045
   0.526   468.400  439.000   10000   4684   4390  9.7045
   0.536   473.400  439.000   10000   4734   4390  9.7045
   0.546   473.100  438.900   10000   4731   4389  9.7045
   0.558   466.500  439.000   10000   4665   4390  9.7045
   0.568   472.300  438.900   10000   4723   4389  9.7045
   0.578   468.000  439.000   10000   4680   4390  9.7045
   0.588   472.100  439.000   10000   4721   4390  9.7045
   0.599   468.100  439.100   10000   4681   4391  9.7045
   0.609   466.200  439.200   10000   4662   4392  9.7045
   0.619   466.300  439.100   10000   4663   4391  9.7045
   0.629   473.800  439.200   10000   4738   4392  9.7045
   0.639   472.200  439.000   10000   4722   4390  9.7045
   0.651   472.500  439.000   10000   4725   4390  9.7045
   0.661   466.700  438.900   10000   4667   4389  9.7045
   0.671   472.100  438.900   10000   4721   4389  9.7045
   0.681   471.100  439.000   10000   4711   4390  9.7045
   0.691   470.500  438.900   10000   4705   4389  9.7045
   0.702   470.700  438.800   10000   4707   4388  9.7045
   0.712   468.300  438.800   10000   4683   4388  9.7045
   0.722   472.600  439.000   10000   4726   4390  9.7045
   0.732   472.900  438.900   10000   4729   4389  9.7045
   0.744   469.100  439.000   10000   4691   4390  9.7045
   0.754   468.400  439.000   10000   4684   4390  9.7045
   0.764   474.300  438.900   10000   4743   4389  9.7045
   0.774   471.300  438.900   10000   4713   4389  9.7045
   0.784   467.200  438.900   10000   4672   4389  9.7045
   0.795   469.400  438.700   10000   4694   4387  9.7045
   0.805   472.300  438.800   10000   4723   4388  9.7045
   0.815   471.200  438.900   10000   4712   4389  9.7045
   0.825   471.800  439.000   10000   4718   4390  9.7045
   0.837   471.400  439.000   10000   4714   4390  9.7045
   0.847   468.300  439.000   10000   4683   4390  9.7045
   0.857   469.000  438.900   10000   4690   4389  9.7045
   0.867   472.600  438.900   10000   4726   4389  9.7045
   0.877   469.200  438.900   10000   4692   4389  9.7045
   0.887   471.500  439.100   10000   4715   4391  9.7045
   0.898   472.500  439.200   10000   4725   4392  9.7045
   0.908   472.300  439.000   10000   4723   4390  9.7045
   0.918   473.900  439.100   10000   4739   4391  9.7045
   0.929   470.900  438.900   10000   4709   4389  9.7045
   0.940   471.600  438.800   10000   4716   4388  9.7045
   0.950   466.100  438.700   10000   4661   4387  9.7045
   0.960   472.800  438.800   10000   4728   4388  9.7045
   0.970   468.700  438.800   10000   4687   4388  9.7045
   0.980   472.800  438.800   10000   4728   4388  9.7045
   0.990   472.100  438.700   10000   4721   4387  9.7045
   1.001   472.400  438.800   10000   4724   4388  9.7045
   1.011   466.700  438.800   10000   4667   4388  9.7045
   1.022   473.100  438.900   10000   4731   4389  9.7045
   1.032   469.000  438.800   10000   4690   4388  9.7045
   1.043   467.200  438.900   10000   4672   4389  9.7045
   1.053   474.700  438.900   10000   4747   4389  9.7045
   1.063   470.700  438.900   10000   4707   4389  9.7045
   1.073   473.000  439.000   10000   4730   4390  9.7045
   1.083   470.100  439.000   10000   4701   4390  9.7045
   1.094   468.200  439.100   10000   4682   4391  9.7045
   1.105   469.300  438.900   10000   4693   4389  9.7045
   1.115   472.200  439.000   10000   4722   4390  9.7045
   1.125   466.100  438.900   10000   4661   4389  9.7045
   1.135   465.900  439.100   10000   4659   4391  9.7045
   1.146   470.200  439.000   10000   4702   4390  9.7045
   1.156   469.200  438.900   10000   4692   4389  9.7045
   1.166   469.500  438.700   10000   4695   4387  9.7045
   1.176   469.300  438.800   10000   4693   4388  9.7045
   1.186   470.100  438.900   10000   4701   4389  9.7045
   1.198   470.300  438.900   10000   4703   4389  9.7045
   1.208   472.500  439.000   10000   4725   4390  9.7045
   1.218   469.900  438.900   10000   4699   4389  9.7045
   1.228   473.000  439.000   10000   4730   4390  9.7045
   1.239   470.700  439.000   10000   4707   4390  9.7045
   1.249   471.200  438.900   10000   4712   4389  9.7045
   1.259   468.400  438.800   10000   4684   4388  9.7045
   1.269   475.800  438.800   10000   4758   4388  9.7045
   1.279   468.200  438.500   10000   4682   4385  9.7045
   1.291   471.800  438.700   10000   4718   4387  9.7045
   1.301   471.500  438.600   10000   4715   4386  9.7045
   1.311   474.200  438.600   10000   4742   4386  9.7045
   1.321   472.700  438.600   10000   4727   4386  9.7045
   1.332   472.600  438.600   10000   4726   4386  9.7045
   1.342   470.000  438.600   10000   4700   4386  9.7045
   1.352   474.500  438.500   10000   4745   4385  9.7045
   1.362   471.900  438.400   10000   4719   4384  9.7045
   1.372   467.400  438.500   10000   4674   4385  9.7045
   1.384   473.700  438.500   10000   4737   4385  9.7045
   1.394   465.600  438.500   10000   4656   4385  9.7045
   1.404   474.400  438.800   10000   4744   4388  9.7045
   1.414   474.100  438.700   10000   4741   4387  9.7045
   1.425   471.300  438.700   10000   4713   4387  9.7045
   1.435   476.500  438.700   10000   4765   4387  9.7045
   1.445   470.000  438.600   10000   4700   4386  9.7045
   1.455   470.500  438.700   10000   4705   4387  9.7045
   1.465   470.800  438.700   10000   4708   4387  9.7045
   1.477   470.000  438.700   10000   4700   4387  9.7045
   1.487   472.300  438.700   10000   4723   4387  9.7045
   1.497   471.400  438.600   10000   4714   4386  9.7045
   1.507   471.400  438.500   10000   4714   4385  9.7045
   1.518   469.700  438.400   10000   4697   4384  9.7045
   1.528   469.900  438.700   10000   4699   4387  9.7045
   1.538   471.200  438.600   10000   4712   4386  9.7045
   1.548   472.900  438.500   10000   4729   4385  9.7045
   1.558   473.400  438.400   10000   4734   4384  9.7045
   1.570   470.100  438.600   10000   4701   4386  9.7045
   1.580   468.300  438.500   10000   4683   4385  9.7045
   1.590   472.100  438.600   10000   4721   4386  9.7045
   1.601   470.800  438.800   10000   4708   4388  9.7045
   1.611   474.700  438.700   10000   4747   4387  9.7045
   1.621   474.300  438.600   10000   4743   4386  9.7045
   1.631   472.900  438.600   10000   4729   4386  9.7045
   1.641   470.900  438.700   10000   4709   4387  9.7045
   1.653   469.200  438.800   10000   4692   4388  9.7045
   1.663   470.800  438.700   10000   4708   4387  9.7045
   1.673   471.600  438.700   10000   4716   4387  9.7045
   1.683   473.200  438.800   10000   4732   4388  9.7045
   1.694   470.300  438.800   10000   4703   4388  9.7045
   1.704   469.100  439.000   10000   4691   4390  9.7045
   1.714   473.300  438.700   10000   4733   4387  9.7045
   1.724   471.900  438.900   10000   4719   4389  9.7045
   1.734   471.500  439.000   10000   4715   4390  9.7045
   1.746   465.300  439.000   10000   4653   4390  9.7045
   1.756   474.000  439.100   10000   4740   4391  9.7045
   1.766   476.200  438.800   10000   4762   4388  9.7045
   1.776   469.800  438.900   10000   4698   4389  9.7045
   1.786   472.600  438.900   10000   4726   4389  9.7045
   1.797   467.200  438.900   10000   4672   4389  9.7045
   1.807   472.600  439.000   10000   4726   4390  9.7045
   1.817   472.000  438.900   10000   4720   4389  9.7045
   1.827   473.200  439.000   10000   4732   4390  9.7045
   1.839   471.100  439.100   10000   4711   4391  9.7045
   1.849   471.600  439.100   10000   4716   4391  9.7045
   1.859   469.900  439.100   10000   4699   4391  9.7045
   1.869   471.700  439.000   10000   4717   4390  9.7045
   1.879   475.600  439.200   10000   4756   4392  9.7045
   1.890   471.300  439.400   10000   4713   4394  9.7045
   1.900   471.100  439.200   10000   4711   4392  9.7045
   1.910   473.800  439.000   10000   4738   4390  9.7045
   1.920   470.200  438.900   10000   4702   4389  9.7045
   1.932   472.900  439.000   10000   4729   4390  9.7045
   1.943   471.100  438.800   10000   4711   4388  9.7045
   1.953   472.400  438.800   10000   4724   4388  9.7045
   1.963   473.600  438.700   10000   4736   4387  9.7045
   1.973   471.800  438.800   10000   4718   4388  9.7045
   1.983   471.400  438.700   10000   4714   4387  9.7045
   1.993   470.300  438.800   10000   4703   4388  9.7045
   2.004   471.300  438.900   10000   4713   4389  9.7045
   2.014   472.800  438.700   10000   4728   4387  9.7045
   2.025   472.500  438.600   10000   4725   4386  9.7045
   2.035   470.800  438.700   10000   4708   4387  9.7045
   2.046   472.900  438.700   10000   4729   4387  9.7045
   2.056   471.200  438.800   10000   4712   4388  9.7045
   2.066   472.800  439.000   10000   4728   4390  9.7045
   2.076   473.400  439.000   10000   4734   4390  9.7045
   2.086   474.700  439.200   10000   4747   4392  9.7045
   2.097   473.300  439.200   10000   4733   4392  9.7045
   2.107   472.500  439.100   10000   4725   4391  9.7045
   2.118   475.800  439.100   10000   4758   4391  9.7045
   2.128   471.700  439.200   10000   4717   4392  9.7045
   2.139   469.900  439.200   10000   4699   4392  9.7045
   2.149   473.900  439.100   10000   4739   4391  9.7045
   2.159   470.600  439.100   10000   4706   4391  9.7045
   2.169   471.800  439.200   10000   4718   4392  9.7045
   2.179   474.700  439.000   10000   4747   4390  9.7045
   2.190   475.900  438.900   10000   4759   4389  9.7045
   2.201   471.900  438.900   10000   4719   4389  9.7045
   2.211   471.200  438.800   10000   4712   4388  9.7045
   2.221   474.100  438.700   10000   4741   4387  9.7045
   2.232   471.200  438.700   10000   4712   4387  9.7045
   2.242   473.600  438.600   10000   4736   4386  9.7045
   2.252   475.600  438.800   10000   4756   4388  9.7045
   2.262   471.000  438.900   10000   4710   4389  9.7045
   2.272   471.900  439.000   10000   4719   4390  9.7045
   2.282   476.600  438.900   10000   4766   4389  9.7045
   2.294   471.300  439.000   10000   4713   4390  9.7045
   2.304   471.200  438.900   10000   4712   4389  9.7045
   2.314   472.200  438.900   10000   4722   4389  9.7045
   2.324   470.900  439.000   10000   4709   4390  9.7045
   2.335   473.600  439.000   10000   4736   4390  9.7045
   2.345   471.500  439.000   10000   4715   4390  9.7045
   2.355   473.800  439.000   10000   4738   4390  9.7045
   2.365   472.300  438.800   10000   4723   4388  9.7045
   2.375   471.200  438.800   10000   4712   4388  9.7045
   2.387   475.000  438.900   10000   4750   4389  9.7045
   2.397   472.600  438.900   10000   4726   4389  9.7045
   2.407   469.000  438.700   10000   4690   4387  9.7045
   2.418   470.600  438.900   10000   4706   4389  9.7045
   2.428   468.900  438.700   10000   4689   4387  9.7045
   2.438   468.400  438.700   10000   4684   4387  9.7045
   2.448   477.400  438.700   10000   4774   4387  9.7045
   2.458   469.300  438.600   10000   4693   4386  9.7045
   2.468   473.800  438.500   10000   4738   4385  9.7045
   2.480   469.700  438.500   10000   4697   4385  9.7045
   2.490   469.200  438.400   10000   4692   4384  9.7045
   2.500   469.800  438.500   10000   4698   4385  9.7045
   2.510   469.600  438.600   10000   4696   4386  9.7045
   2.521   470.700  438.600   10000   4707   4386  9.7045
   2.531   472.500  438.600   10000   4725   4386  9.7045
   2.541   471.200  438.600   10000   4712   4386  9.7045
   2.551   472.200  438.600   10000   4722   4386  9.7045
   2.561   472.900  438.500   10000   4729   4385  9.7045
   2.573   476.500  438.700   10000   4765   4387  9.7045
   2.583   470.000  438.800   10000   4700   4388  9.7045
   2.593   474.700  438.700   10000   4747   4387  9.7045
   2.603   471.800  438.800   10000   4718   4388  9.7045
   2.614   467.300  438.700   10000   4673   4387  9.7045
   2.624   472.300  438.800   10000   4723   4388  9.7045
   2.634   469.100  438.900   10000   4691   4389  9.7045
   2.644   469.700  438.800   10000   4697   4388  9.7045
   2.654   472.100  439.000   10000   4721   4390  9.7045
   2.666   470.500  438.900   10000   4705   4389  9.7045
   2.676   470.700  439.000   10000   4707   4390  9.7045
   2.686   471.600  439.000   10000   4716   4390  9.7193
   2.696   474.500  438.900   10000   4745   4389  9.7193
   2.707   471.200  438.900   10000   4712   4389  9.7193
   2.717   471.700  438.900   10000   4717   4389  9.7193
   2.727   469.800  439.000   10000   4698   4390  9.7193
   2.737   474.400  439.000   10000   4744   4390  9.7193
   2.749   473.500  438.900   10000   4735   4389  9.7193
   2.759   472.800  438.900   10000   4728   4389  9.7193
   2.769   471.400  439.100   10000   4714   4391  9.7193
   2.779   470.900  439.200   10000   4709   4392  9.7193
   2.789   470.400  439.100   10000   4704   4391  9.7193
   2.800   472.200  439.100   10000   4722   4391  9.7193
   2.810   473.800  438.900   10000   4738   4389  9.7193
   2.820   474.900  439.100   10000   4749   4391  9.7193
   2.830   467.500  439.300   10000   4675   4393  9.7193
   2.842   470.600  439.200   10000   4706   4392  9.7193
   2.852   466.100  439.200   10000   4661   4392  9.7193
   2.862   475.000  439.000   10000   4750   4390  9.7193
   2.872   473.500  439.000   10000   4735   4390  9.7193
   2.882   473.700  439.000   10000   4737   4390  9.7193
   2.893   472.600  439.000   10000   4726   4390  9.7193
   2.903   473.700  438.800   10000   4737   4388  9.7193
   2.913   474.500  438.800   10000   4745   4388  9.7193
   2.923   471.800  438.800   10000   4718   4388  9.7193
   2.935   472.300  438.800   10000   4723   4388  9.7193
   2.945   469.700  438.800   10000   4697   4388  9.7193
   2.955   474.200  438.900   10000   4742   4389  9.7193
   2.965   470.600  439.000   10000   4706   4390  9.7193
   2.975   472.200  438.900   10000   4722   4389  9.7193
   2.985   469.900  438.900   10000   4699   4389  9.7193
   2.996   468.300  439.000   10000   4683   4390  9.7193
   3.006   472.100  438.900   10000   4721   4389  9.7193
   3.016   472.900  438.900   10000   4729   4389  9.7193
   3.028   474.800  438.800   10000   4748   4388  9.7193
   3.038   469.500  439.000   10000   4695   4390  9.7193
   3.048   470.300  439.000   10000   4703   4390  9.7193
   3.058   471.700  439.000   10000   4717   4390  9.7193
   3.068   466.500  439.000   10000   4665   4390  9.7193
   3.078   471.000  439.100   10000   4710   4391  9.7193
   3.089   472.700  439.100   10000   4727   4391  9.7193
   3.099   470.700  439.000   10000   4707   4390  9.7193
   3.109   471.400  438.900   10000   4714   4389  9.7193
   3.120   473.800  438.700   10000   4738   4387  9.7193
   3.131   472.100  438.900   10000   4721   4389  9.7193
   3.141   472.700  438.800   10000   4727   4388  9.7193
   3.151   470.900  438.800   10000   4709   4388  9.7193
   3.161   471.500  438.700   10000   4715   4387  9.7193
   3.171   470.700  438.900   10000   4707   4389  9.7193
   3.182   472.500  438.800   10000   4725   4388  9.7193
   3.192   470.200  438.800   10000   4702   4388  9.7193
   3.203   469.600  438.900   10000   4696   4389  9.7193
   3.213   471.000  438.900   10000   4710   4389  9.7193
   3.224   473.100  439.100   10000   4731   4391  9.7193
   3.234   471.100  438.900   10000   4711   4389  9.7193
   3.244   473.500  438.800   10000   4735   4388  9.7193
   3.254   470.900  438.800   10000   4709   4388  9.7193
   3.264   474.000  438.700   10000   4740   4387  9.7193
   3.275   469.500  438.700   10000   4695   4387  9.7193
   3.285   471.800  438.800   10000   4718   4388  9.7193
   3.296   470.000  438.700   10000   4700   4387  9.7193
   3.306   471.300  438.800   10000   4713   4388  9.7193
   3.317   471.300  438.800   10000   4713   4388  9.7193
   3.327   470.900  438.800   10000   4709   4388  9.7193
   3.337   476.100  438.800   10000   4761   4388  9.7193
   3.347   474.300  438.600   10000   4743   4386  9.7193
   3.357   472.200  438.600   10000   4722   4386  9.7193
   3.368   474.100  438.700   10000   4741   4387  9.7193
   3.378   472.900  438.700   10000   4729   4387  9.7193
   3.389   474.200  438.800   10000   4742   4388  9.7193
   3.399   471.000  438.900   10000   4710   4389  9.7193
   3.410   471.300  438.900   10000   4713   4389  9.7193
   3.420   472.400  438.900   10000   4724   4389  9.7193
   3.430   470.800  439.000   10000   4708   4390  9.7193
   3.440   473.100  438.800   10000   4731   4388  9.7193
   3.450   470.600  438.800   10000   4706   4388  9.7193
   3.461   471.400  438.900   10000   4714   4389  9.7193
   3.471   469.400  439.000   10000   4694   4390  9.7193
   3.482   474.100  438.800   10000   4741   4388  9.7193
   3.492   473.900  438.700   10000   4739   4387  9.7193
   3.503   472.400  438.900   10000   4724   4389  9.7193
   3.513   473.300  438.700   10000   4733   4387  9.7193
   3.523   470.900  438.600   10000   4709   4386  9.7193
   3.533   472.400  438.600   10000   4724   4386  9.7193
   3.543   473.000  438.500   10000   4730   4385  9.7193
   3.553   474.800  438.500   10000   4748   4385  9.7193
   3.564   471.300  438.400   10000   4713   4384  9.7193
   3.575   473.300  438.400   10000   4733   4384  9.7193
   3.585   468.900  438.500   10000   4689   4385  9.7193
   3.596   471.500  438.500   10000   4715   4385  9.7193
   3.606   470.200  438.600   10000   4702   4386  9.7193
   3.616   470.400  438.600   10000   4704   4386  9.7193
   3.626   472.700  438.500   10000   4727   4385  9.7193
   3.636   472.600  438.500   10000   4726   4385  9.7193
   3.647   466.300  438.700   10000   4663   4387  9.7193
   3.657   469.600  438.600   10000   4696   4386  9.7193
   3.668   472.100  438.800   10000   4721   4388  9.7193
   3.678   470.800  438.800   10000   4708   4388  9.7193
   3.689   471.300  438.700   10000   4713   4387  9.7193
   3.699   475.200  438.800   10000   4752   4388  9.7193
   3.709   476.100  438.600   10000   4761   4386  9.7193
   3.719   472.300  438.900   10000   4723   4389  9.7193
   3.729   473.600  438.800   10000   4736   4388  9.7193
   3.740   475.400  438.900   10000   4754   4389  9.7193
   3.751   470.700  439.000   10000   4707   4390  9.7193
   3.761   469.500  438.700   10000   4695   4387  9.7193
   3.771   472.900  438.800   10000   4729   4388  9.7193
   3.782   473.600  438.800   10000   4736   4388  9.7193
   3.792   473.800  438.800   10000   4738   4388  9.7193
   3.802   472.500  439.000   10000   4725   4390  9.7193
   3.812   470.800  438.700   10000   4708   4387  9.7193
   3.822   468.900  438.800   10000   4689   4388  9.7193
   3.832   468.200  438.900   10000   4682   4389  9.7193
   3.844   469.000  438.800   10000   4690   4388  9.7193
   3.854   468.600  439.000   10000   4686   4390  9.7193
   3.864   469.400  438.800   10000   4694   4388  9.7193
   3.874   468.900  438.900   10000   4689   4389  9.7193
   3.885   469.000  438.800   10000   4690   4388  9.7193
   3.895   472.100  438.600   10000   4721   4386  9.7193
   3.905   471.100  438.700   10000   4711   4387  9.7193
   3.915   469.500  438.700   10000   4695   4387  9.7193
   3.925   469.500  438.600   10000   4695   4386  9.7193
   3.937   467.700  438.500   10000   4677   4385  9.7193
   3.947   472.100  438.500   10000   4721   4385  9.7193
   3.957   473.800  438.700   10000   4738   4387  9.7193
   3.967   470.100  438.700   10000   4701   4387  9.7193
   3.978   469.400  438.600   10000   4694   4386  9.7193
   3.988   468.300  438.700   10000   4683   4387  9.7193
   3.998   468.300  438.600   10000   4683   4386  9.7193
   4.008   470.200  438.700   10000   4702   4387  9.7193
   4.018   473.400  438.600   10000   4734   4386  9.7193
   4.030   471.000  438.500   10000   4710   4385  9.6897
   4.040   466.600  438.600   10000   4666   4386  9.6897
   4.050   473.200  438.600   10000   4732   4386  9.6897
   4.061   470.100  438.600   10000   4701   4386  9.6897
   4.071   471.900  438.500   10000   4719   4385  9.6897
   4.081   474.700  438.400   10000   4747   4384  9.6897
   4.091   473.700  438.600   10000   4737   4386  9.6897
   4.101   471.100  438.600   10000   4711   4386  9.6897
   4.111   471.300  438.500   10000   4713   4385  9.6897
   4.123   470.300  438.600   10000   4703   4386  9.6897
   4.133   472.800  438.700   10000   4728   4387  9.6897
   4.143   472.400  438.600   10000   4724   4386  9.6897
   4.153   473.000  438.700   10000   4730   4387  9.6897
   4.164   471.900  438.800   10000   4719   4388  9.6897
   4.174   471.300  438.800   10000   4713   4388  9.6897
   4.184   468.800  438.600   10000   4688   4386  9.6897
   4.194   468.400  438.600   10000   4684   4386  9.6897
   4.204   474.000  438.600   10000   4740   4386  9.6897
   4.216   469.200  438.500   10000   4692   4385  9.6897
   4.226   470.600  438.500   10000   4706   4385  9.6897
   4.236   469.800  438.600   10000   4698   4386  9.6897
   4.246   472.800  438.700   10000   4728   4387  9.6897
   4.257   463.700  438.600   10000   4637   4386  9.6897
   4.267   470.600  438.600   10000   4706   4386  9.6897
   4.277   476.000  438.600   10000   4760   4386  9.6897
   4.287   474.600  438.600   10000   4746   4386  9.6897
   4.299   470.100  438.400   10000   4701   4384  9.6897
   4.309   471.900  438.700   10000   4719   4387  9.6897
   4.319   472.500  438.700   10000   4725   4387  9.6897
   4.329   470.000  438.600   10000   4700   4386  9.6897
   4.339   476.900  438.700   10000   4769   4387  9.6897
   4.350   471.600  438.900   10000   4716   4389  9.6897
   4.360   473.500  438.800   10000   4735   4388  9.6897
   4.370   475.200  438.800   10000   4752   4388  9.6897
   4.380   467.700  438.700   10000   4677   4387  9.6897
   4.392   473.900  438.900   10000   4739   4389  9.6897
   4.402   472.300  439.000   10000   4723   4390  9.6897
   4.412   470.500  438.900   10000   4705   4389  9.6897
   4.422   470.800  439.000   10000   4708   4390  9.6897
   4.432   472.500  439.000   10000   4725   4390  9.6897
   4.443   474.200  438.800   10000   4742   4388  9.6897
   4.453   470.200  438.800   10000   4702   4388  9.6897
   4.463   471.500  438.900   10000   4715   4389  9.6897
   4.473   476.200  438.900   10000   4762   4389  9.6897
   4.485   474.600  438.900   10000   4746   4389  9.6897
   4.495   472.600  438.700   10000   4726   4387  9.6897
   4.505   470.400  438.900   10000   4704   4389  9.6897
   4.515   476.200  438.800   10000   4762   4388  9.6897
   4.526   472.000  439.000   10000   4720   4390  9.6897
   4.536   471.300  439.100   10000   4713   4391  9.6897
   4.546   471.500  438.900   10000   4715   4389  9.6897
   4.556   477.100  438.800   10000   4771   4388  9.6897
   4.566   473.100  438.900   10000   4731   4389  9.6897
   4.578   474.800  438.800   10000   4748   4388  9.6897
   4.588   465.500  438.800   10000   4655   4388  9.6897
   4.598   474.300  438.700   10000   4743   4387  9.6897
   4.608   471.500  438.700   10000   4715   4387  9.6897
   4.619   467.800  438.700   10000   4678   4387  9.6897
   4.629   474.700  438.700   10000   4747   4387  9.6897
   4.639   469.800  438.600   10000   4698   4386  9.6897
   4.649   465.500  438.600   10000   4655   4386  9.6897
   4.659   478.200  438.600   10000   4782   4386  9.6897
   4.671   475.800  438.600   10000   4758   4386  9.6897
   4.681   476.500  438.600   10000   4765   4386  9.6897
   4.691   470.400  438.600   10000   4704   4386  9.6897
   4.701   470.500  438.900   10000   4705   4389  9.6897
   4.712   467.600  438.800   10000   4676   4388  9.6897
   4.722   474.600  438.600   10000   4746   4386  9.6897
   4.732   472.600  438.800   10000   4726   4388  9.6897
   4.742   475.300  439.000   10000   4753   4390  9.6897
   4.752   470.600  439.000   10000   4706   4390  9.6897
   4.764   475.300  438.800   10000   4753   4388  9.6897
   4.774   472.400  438.900   10000   4724   4389  9.6897
   4.784   473.000  438.900   10000   4730   4389  9.6897
   4.794   474.900  438.900   10000   4749   4389  9.6897
   4.805   475.900  438.900   10000   4759   4389  9.6897
   4.815   466.700  438.900   10000   4667   4389  9.6897
   4.825   474.600  438.800   10000   4746   4388  9.6897
   4.835   472.200  438.800   10000   4722   4388  9.6897
   4.847   471.400  438.700   10000   4714   4387  9.6897
   4.857   470.600  438.800   10000   4706   4388  9.6897
   4.867   472.200  438.900   10000   4722   4389  9.6897
   4.877   469.000  438.900   10000   4690   4389  9.6897
   4.887   473.600  438.700   10000   4736   4387  9.6897
   4.898   476.400  438.800   10000   4764   4388  9.6897
   4.908   474.700  438.800   10000   4747   4388  9.6897
   4.918   468.900  438.900   10000   4689   4389  9.6897
   4.928   468.500  438.800   10000   4685   4388  9.6897
   4.946   473.100  438.900   10000   4731   4389  9.6897
   4.956   474.800  439.000   10000   4748   4390  9.6897
   4.966   471.200  438.900   10000   4712   4389  9.6897
   4.977   472.500  438.800   10000   4725   4388  9.6897
   4.987   469.500  438.700   10000   4695   4387  9.6897
   4.997   473.100  438.700   10000   4731   4387  9.6897
   5.007   472.700  438.800   10000   4727   4388  9.6897
   5.017   470.900  438.900   10000   4709   4389  9.6897
   5.027   469.400  438.900   10000   4694   4389  9.6897
   5.039   474.500  439.000   10000   4745   4390  9.6897
   5.049   470.200  438.900   10000   4702   4389  9.6897
   5.059   471.000  438.700   10000   4710   4387  9.6897
   5.070   473.200  438.700   10000   4732   4387  9.6897
   5.080   473.800  438.800   10000   4738   4388  9.6897
   5.090   474.700  438.800   10000   4747   4388  9.6897
   5.100   472.800  438.800   10000   4728   4388  9.6897
   5.110   469.800  438.700   10000   4698   4387  9.6897
   5.121   469.300  439.000   10000   4693   4390  9.6897
   5.132   472.100  439.000   10000   4721   4390  9.6897
   5.142   475.400  438.900   10000   4754   4389  9.6897
   5.152   471.900  438.900   10000   4719   4389  9.6897
   5.163   473.100  438.900   10000   4731   4389  9.6897
   5.173   470.100  439.000   10000   4701   4390  9.6897
