   0.010  1277.000  973.700   10000  12770   9737  9.0813
   0.020  1280.700  973.700   10000  12807   9737  9.0813
   0.031  1279.000  973.700   10000  12790   9737  9.0813
   0.041  1277.900  973.100   10000  12779   9731  9.0813
   0.051  1278.900  973.300   10000  12789   9733  9.0813
   0.061  1279.800  972.600   10000  12798   9726  9.0813
   0.071  1279.100  973.200   10000  12791   9732  9.0813
   0.081  1279.600  973.000   10000  12796   9730  9.0813
   0.092  1279.400  973.300   10000  12794   9733  9.0813
   0.103  1279.000  972.800   10000  12790   9728  9.0813
   0.113  1279.300  972.900   10000  12793   9729  9.0813
   0.124  1278.400  973.300   10000  12784   9733  9.0813
   0.134  1278.000  973.300   10000  12780   9733  9.0813
   0.144  1279.500  973.500   10000  12795   9735  9.0813
   0.154  1281.000  973.400   10000  12810   9734  9.0813
   0.164  1280.300  973.500   10000  12803   9735  9.0813
   0.174  1281.800  973.100   10000  12818   9731  9.0813
   0.185  1278.000  973.100   10000  12780   9731  9.0813
   0.196  1278.700  973.300   10000  12787   9733  9.0813
   0.206  1280.100  973.300   10000  12801   9733  9.0813
   0.216  1277.700  973.400   10000  12777   9734  9.0813
   0.227  1278.200  973.100   10000  12782   9731  9.0813
   0.237  1278.700  972.800   10000  12787   9728  9.0813
   0.247  1280.200  973.000   10000  12802   9730  9.0813
   0.257  1278.700  973.100   10000  12787   9731  9.0813
   0.267  1280.000  973.300   10000  12800   9733  9.0813
   0.278  1279.900  973.100   10000  12799   9731  9.0813
   0.289  1279.100  973.600   10000  12791   9736  9.0813
   0.299  1278.200  973.200   10000  12782   9732  9.0813
   0.309  1280.800  973.000   10000  12808   9730  9.0813
   0.320  1281.100  973.200   10000  12811   9732  9.0813
   0.330  1280.700  973.500   10000  12807   9735  9.0813
   0.340  1280.100  973.500   10000  12801   9735  9.0813
   0.350  1277.900  973.400   10000  12779   9734  9.0813
   0.360  1280.500  973.300   10000  12805   9733  9.0813
   0.371  1280.300  973.700   10000  12803   9737  9.0813
   0.382  1278.400  973.100   10000  12784   9731  9.0813
   0.392  1279.800  973.400   10000  12798   9734  9.0813
   0.402  1279.100  972.800   10000  12791   9728  9.0813
   0.413  1277.200  973.600   10000  12772   9736  9.0813
   0.423  1279.700  973.300   10000  12797   9733  9.0813
   0.433  1279.500  973.200   10000  12795   9732  9.0813
   0.443  1279.700  972.900   10000  12797   9729  9.0813
   0.453  1279.900  973.400   10000  12799   9734  9.0813
   0.463  1278.900  973.000   10000  12789   9730  9.0813
   0.475  1279.900  973.400   10000  12799   9734  9.0813
   0.485  1278.900  973.200   10000  12789   9732  9.0813
   0.495  1278.900  973.200   10000  12789   9732  9.0813
   0.505  1281.700  973.500   10000  12817   9735  9.0813
   0.516  1281.000  973.500   10000  12810   9735  9.0813
   0.526  1280.400  973.300   10000  12804   9733  9.0813
   0.536  1280.100  973.000   10000  12801   9730  9.0813
   0.546  1277.700  973.100   10000  12777   9731  9.0813
   0.558  1280.500  973.100   10000  12805   9731  9.0813
   0.568  1278.600  973.100   10000  12786   9731  9.0813
   0.578  1277.500  973.400   10000  12775   9734  9.0813
   0.588  1278.900  973.200   10000  12789   9732  9.0813
   0.598  1280.600  973.100   10000  12806   9731  9.0813
   0.608  1279.500  972.700   10000  12795   9727  9.0813
   0.619  1280.200  973.200   10000  12802   9732  9.0813
   0.629  1280.900  973.400   10000  12809   9734  9.0813
   0.639  1280.600  973.200   10000  12806   9732  9.0813
   0.650  1278.200  973.500   10000  12782   9735  9.0813
   0.661  1279.100  973.200   10000  12791   9732  9.0813
   0.671  1280.000  973.400   10000  12800   9734  9.0813
   0.681  1277.900  973.200   10000  12779   9732  9.0813
   0.691  1280.700  973.400   10000  12807   9734  9.0813
   0.701  1278.900  973.400   10000  12789   9734  9.0813
   0.711  1279.900  973.500   10000  12799   9735  9.0813
   0.722  1280.700  973.300   10000  12807   9733  9.0813
   0.732  1278.100  973.000   10000  12781   9730  9.0813
   0.743  1278.000  973.400   10000  12780   9734  9.0813
   0.753  1280.900  973.800   10000  12809   9738  9.0813
   0.764  1279.000  973.600   10000  12790   9736  9.0813
   0.774  1279.200  973.300   10000  12792   9733  9.0813
   0.784  1281.600  973.300   10000  12816   9733  9.0813
   0.794  1280.400  973.300   10000  12804   9733  9.0813
   0.804  1279.800  973.300   10000  12798   9733  9.0813
   0.815  1279.500  973.400   10000  12795   9734  9.0813
   0.825  1280.000  972.900   10000  12800   9729  9.0813
   0.854  1281.500  973.400   10000  12815   9734  9.0813
   0.864  1280.000  973.300   10000  12800   9733  9.0813
   0.874  1279.200  973.400   10000  12792   9734  9.0813
   0.884  1277.800  972.800   10000  12778   9728  9.0813
   0.894  1280.400  972.300   10000  12804   9723  9.0813
   0.904  1280.700  972.400   10000  12807   9724  9.0813
   0.915  1280.900  972.600   10000  12809   9726  9.0813
   0.925  1279.800  973.400   10000  12798   9734  9.0813
   0.935  1278.600  973.300   10000  12786   9733  9.0813
   0.946  1281.000  973.400   10000  12810   9734  9.0813
   0.957  1280.900  973.200   10000  12809   9732  9.0813
   0.967  1279.100  973.300   10000  12791   9733  9.0813
   0.977  1281.000  973.200   10000  12810   9732  9.0813
   0.987  1279.600  972.900   10000  12796   9729  9.0813
   0.997  1280.300  973.200   10000  12803   9732  9.0813
   1.007  1279.700  973.200   10000  12797   9732  9.0813
   1.018  1279.600  973.300   10000  12796   9733  9.0813
   1.028  1279.200  973.000   10000  12792   9730  9.0813
   1.039  1280.600  973.300   10000  12806   9733  9.0813
   1.049  1279.900  973.300   10000  12799   9733  9.0813
   1.060  1280.800  973.300   10000  12808   9733  9.0813
   1.070  1279.100  973.000   10000  12791   9730  9.0813
   1.080  1279.500  973.000   10000  12795   9730  9.0813
   1.090  1279.800  973.000   10000  12798   9730  9.0813
   1.100  1277.600  973.300   10000  12776   9733  9.0813
   1.110  1278.900  972.900   10000  12789   9729  9.0813
   1.122  1279.100  973.400   10000  12791   9734  9.0813
   1.132  1279.800  973.200   10000  12798   9732  9.0813
   1.142  1279.200  973.000   10000  12792   9730  9.0813
   1.152  1280.000  973.300   10000  12800   9733  9.0813
   1.163  1278.800  973.500   10000  12788   9735  9.0813
   1.173  1279.500  973.100   10000  12795   9731  9.0813
   1.183  1277.200  973.000   10000  12772   9730  9.0813
   1.193  1278.000  973.400   10000  12780   9734  9.0813
   1.203  1280.200  973.800   10000  12802   9738  9.0813
   1.215  1278.600  973.400   10000  12786   9734  9.0813
   1.225  1279.700  973.400   10000  12797   9734  9.0813
   1.235  1278.500  973.500   10000  12785   9735  9.0813
   1.245  1279.700  973.600   10000  12797   9736  9.0813
   1.256  1278.500  973.400   10000  12785   9734  9.0813
   1.266  1278.000  973.200   10000  12780   9732  9.0813
   1.276  1278.600  972.900   10000  12786   9729  9.0813
   1.286  1278.900  973.100   10000  12789   9731  9.0813
   1.296  1277.600  973.200   10000  12776   9732  9.0813
   1.308  1278.900  973.200   10000  12789   9732  9.0813
   1.318  1279.500  973.200   10000  12795   9732  9.0813
   1.328  1279.100  973.600   10000  12791   9736  9.0813
   1.338  1279.200  973.700   10000  12792   9737  9.0813
   1.348  1280.100  973.200   10000  12801   9732  9.0813
   1.359  1278.800  973.200   10000  12788   9732  9.0813
   1.369  1280.400  973.600   10000  12804   9736  9.0813
   1.379  1280.400  973.600   10000  12804   9736  9.0813
   1.389  1278.900  973.100   10000  12789   9731  9.0813
   1.401  1278.600  973.200   10000  12786   9732  9.0813
   1.411  1278.600  973.400   10000  12786   9734  9.0813
   1.421  1281.200  973.600   10000  12812   9736  9.0961
   1.431  1279.700  973.200   10000  12797   9732  9.0961
   1.441  1280.600  972.900   10000  12806   9729  9.0961
   1.452  1278.100  973.300   10000  12781   9733  9.0961
   1.462  1279.600  973.400   10000  12796   9734  9.0961
   1.472  1279.600  973.300   10000  12796   9733  9.0961
   1.482  1278.300  973.400   10000  12783   9734  9.0961
   1.494  1279.200  973.200   10000  12792   9732  9.0961
   1.504  1279.300  973.500   10000  12793   9735  9.0961
   1.514  1280.000  973.300   10000  12800   9733  9.0961
   1.524  1281.200  973.600   10000  12812   9736  9.0961
   1.534  1278.800  973.600   10000  12788   9736  9.0961
   1.545  1278.500  973.600   10000  12785   9736  9.0961
   1.555  1279.200  973.700   10000  12792   9737  9.0961
   1.565  1278.900  973.600   10000  12789   9736  9.0961
   1.575  1278.600  973.500   10000  12786   9735  9.0961
   1.587  1279.900  973.400   10000  12799   9734  9.0961
   1.597  1279.000  973.300   10000  12790   9733  9.0961
   1.607  1279.500  973.100   10000  12795   9731  9.0961
   1.617  1281.200  973.200   10000  12812   9732  9.0961
   1.627  1279.300  973.400   10000  12793   9734  9.0961
   1.638  1281.000  973.500   10000  12810   9735  9.0961
   1.648  1279.400  973.400   10000  12794   9734  9.0961
   1.658  1279.300  973.300   10000  12793   9733  9.0961
   1.669  1279.400  973.300   10000  12794   9733  9.0961
   1.680  1278.300  972.600   10000  12783   9726  9.0961
   1.690  1278.100  972.900   10000  12781   9729  9.0961
   1.700  1277.500  973.100   10000  12775   9731  9.0961
   1.710  1279.300  973.300   10000  12793   9733  9.0961
   1.720  1279.900  973.100   10000  12799   9731  9.0961
   1.731  1278.900  972.900   10000  12789   9729  9.0961
   1.741  1280.800  973.100   10000  12808   9731  9.0961
   1.751  1278.500  973.000   10000  12785   9730  9.0961
   1.762  1278.800  973.500   10000  12788   9735  9.0961
   1.773  1278.900  973.300   10000  12789   9733  9.0961
   1.783  1280.300  973.600   10000  12803   9736  9.0961
   1.793  1281.700  973.500   10000  12817   9735  9.0961
   1.803  1279.900  973.100   10000  12799   9731  9.0961
   1.813  1277.400  973.200   10000  12774   9732  9.0961
   1.823  1278.700  973.000   10000  12787   9730  9.0961
   1.834  1279.200  973.100   10000  12792   9731  9.0961
   1.844  1280.600  973.300   10000  12806   9733  9.0961
   1.855  1279.100  973.600   10000  12791   9736  9.0961
   1.866  1278.700  973.200   10000  12787   9732  9.0961
   1.876  1280.400  973.200   10000  12804   9732  9.0961
   1.886  1280.700  973.200   10000  12807   9732  9.0961
   1.896  1279.100  973.100   10000  12791   9731  9.0961
   1.906  1279.300  973.200   10000  12793   9732  9.0961
   1.917  1280.500  973.200   10000  12805   9732  9.0961
   1.927  1280.200  973.000   10000  12802   9730  9.0961
   1.937  1281.100  973.100   10000  12811   9731  9.0961
   1.950  1280.100  973.100   10000  12801   9731  9.0961
   1.960  1279.100  973.200   10000  12791   9732  9.0961
   1.970  1279.900  972.900   10000  12799   9729  9.0961
   1.981  1278.700  973.000   10000  12787   9730  9.0961
   1.991  1278.600  973.000   10000  12786   9730  9.0961
   2.001  1280.100  972.900   10000  12801   9729  9.0961
   2.011  1279.400  972.700   10000  12794   9727  9.0961
   2.021  1276.300  972.800   10000  12763   9728  9.0961
   2.031  1278.700  972.800   10000  12787   9728  9.0961
   2.043  1280.100  972.600   10000  12801   9726  9.0961
   2.053  1279.300  972.900   10000  12793   9729  9.0961
   2.063  1278.000  973.000   10000  12780   9730  9.0961
   2.074  1279.700  972.500   10000  12797   9725  9.0961
   2.084  1280.200  972.600   10000  12802   9726  9.0961
   2.094  1280.600  972.900   10000  12806   9729  9.0961
   2.104  1279.500  972.700   10000  12795   9727  9.0961
   2.114  1278.400  972.900   10000  12784   9729  9.0961
   2.124  1280.300  972.700   10000  12803   9727  9.0961
   2.136  1279.400  972.400   10000  12794   9724  9.0961
   2.146  1277.200  972.500   10000  12772   9725  9.0961
   2.156  1280.600  972.700   10000  12806   9727  9.0961
   2.166  1276.500  972.700   10000  12765   9727  9.0961
   2.177  1280.400  972.900   10000  12804   9729  9.0961
   2.187  1278.800  973.400   10000  12788   9734  9.0961
   2.197  1279.600  973.100   10000  12796   9731  9.0961
   2.207  1279.300  972.900   10000  12793   9729  9.0961
   2.219  1279.300  972.800   10000  12793   9728  9.0961
   2.229  1279.300  973.000   10000  12793   9730  9.0961
   2.239  1278.000  973.300   10000  12780   9733  9.0961
   2.249  1279.600  973.300   10000  12796   9733  9.0961
   2.259  1278.600  972.900   10000  12786   9729  9.0961
   2.270  1280.800  973.600   10000  12808   9736  9.0961
   2.280  1277.600  973.100   10000  12776   9731  9.0961
   2.290  1277.600  973.000   10000  12776   9730  9.0961
   2.300  1279.400  973.200   10000  12794   9732  9.0961
   2.312  1280.900  973.300   10000  12809   9733  9.0961
   2.322  1278.300  973.200   10000  12783   9732  9.0961
   2.332  1279.500  973.600   10000  12795   9736  9.0961
   2.342  1279.600  973.200   10000  12796   9732  9.0961
   2.352  1280.200  973.300   10000  12802   9733  9.0961
   2.363  1277.700  972.900   10000  12777   9729  9.0961
   2.373  1278.900  972.800   10000  12789   9728  9.0961
   2.383  1279.000  972.300   10000  12790   9723  9.0961
   2.393  1278.900  972.300   10000  12789   9723  9.0961
   2.404  1279.400  972.700   10000  12794   9727  9.0961
   2.415  1278.800  972.800   10000  12788   9728  9.0961
   2.425  1280.900  972.700   10000  12809   9727  9.0961
   2.435  1280.900  972.700   10000  12809   9727  9.0961
   2.445  1280.600  972.900   10000  12806   9729  9.0961
   2.455  1279.000  972.400   10000  12790   9724  9.0961
   2.466  1278.000  972.500   10000  12780   9725  9.0961
   2.476  1278.900  972.700   10000  12789   9727  9.0961
   2.486  1281.100  972.700   10000  12811   9727  9.0961
   2.497  1276.600  972.600   10000  12766   9726  9.0961
   2.508  1279.200  972.900   10000  12792   9729  9.0961
   2.518  1279.600  972.600   10000  12796   9726  9.0961
   2.528  1279.400  972.700   10000  12794   9727  9.0961
   2.538  1280.200  972.700   10000  12802   9727  9.0961
   2.548  1277.300  972.700   10000  12773   9727  9.0961
   2.558  1278.700  972.600   10000  12787   9726  9.0961
   2.569  1278.600  972.500   10000  12786   9725  9.0961
   2.579  1280.000  973.000   10000  12800   9730  9.0961
   2.590  1278.800  972.700   10000  12788   9727  9.0961
   2.600  1278.100  972.600   10000  12781   9726  9.0961
   2.611  1279.400  973.000   10000  12794   9730  9.0961
   2.621  1279.300  972.900   10000  12793   9729  9.0961
   2.631  1279.000  972.700   10000  12790   9727  9.0961
   2.641  1279.000  972.700   10000  12790   9727  9.0961
   2.651  1278.700  973.100   10000  12787   9731  9.0961
   2.662  1279.200  972.800   10000  12792   9728  9.0961
   2.672  1280.600  972.300   10000  12806   9723  9.0961
   2.683  1275.300  973.000   10000  12753   9730  9.0961
   2.693  1279.300  973.000   10000  12793   9730  9.0961
   2.704  1279.600  972.800   10000  12796   9728  9.0961
   2.714  1277.700  972.700   10000  12777   9727  9.0961
   2.724  1278.000  972.800   10000  12780   9728  9.0961
   2.734  1277.400  972.400   10000  12774   9724  9.0961
   2.744  1279.700  972.400   10000  12797   9724  9.0961
   2.754  1278.200  972.800   10000  12782   9728  9.0961
   2.766  1278.100  973.000   10000  12781   9730  9.0961
   2.776  1280.300  972.700   10000  12803   9727  9.0813
   2.786  1279.700  972.800   10000  12797   9728  9.0813
   2.796  1278.300  972.900   10000  12783   9729  9.0813
   2.807  1278.300  972.800   10000  12783   9728  9.0813
   2.817  1276.900  972.800   10000  12769   9728  9.0813
   2.827  1278.500  972.700   10000  12785   9727  9.0813
   2.837  1281.000  972.600   10000  12810   9726  9.0813
   2.848  1278.100  973.100   10000  12781   9731  9.0813
   2.859  1280.000  972.700   10000  12800   9727  9.0813
   2.869  1277.200  972.900   10000  12772   9729  9.0813
   2.879  1279.100  972.700   10000  12791   9727  9.0813
   2.890  1279.400  972.200   10000  12794   9722  9.0813
   2.900  1277.600  972.500   10000  12776   9725  9.0813
   2.910  1278.500  972.400   10000  12785   9724  9.0813
   2.920  1280.300  972.800   10000  12803   9728  9.0813
   2.930  1278.700  972.800   10000  12787   9728  9.0813
   2.940  1280.100  972.400   10000  12801   9724  9.0813
   2.959  1280.000  972.800   10000  12800   9728  9.0813
   2.969  1278.100  972.600   10000  12781   9726  9.0813
   2.979  1276.700  972.100   10000  12767   9721  9.0813
   2.990  1280.400  972.400   10000  12804   9724  9.0813
   3.000  1279.000  972.500   10000  12790   9725  9.0813
   3.010  1279.700  972.400   10000  12797   9724  9.0813
   3.020  1280.200  972.400   10000  12802   9724  9.0813
   3.030  1279.400  972.300   10000  12794   9723  9.0813
   3.041  1278.300  972.500   10000  12783   9725  9.0813
   3.052  1280.600  972.600   10000  12806   9726  9.0813
   3.062  1279.100  972.600   10000  12791   9726  9.0813
   3.072  1277.700  972.700   10000  12777   9727  9.0813
   3.083  1276.400  972.700   10000  12764   9727  9.0813
   3.093  1279.200  972.600   10000  12792   9726  9.0813
   3.103  1281.700  972.900   10000  12817   9729  9.0813
   3.113  1279.400  973.200   10000  12794   9732  9.0813
   3.123  1277.800  972.800   10000  12778   9728  9.0813
   3.133  1278.200  972.800   10000  12782   9728  9.0813
   3.145  1279.600  972.600   10000  12796   9726  9.0813
   3.155  1278.500  972.600   10000  12785   9726  9.0813
   3.165  1276.900  972.400   10000  12769   9724  9.0813
   3.176  1277.600  972.200   10000  12776   9722  9.0813
   3.186  1280.700  972.600   10000  12807   9726  9.0813
   3.196  1281.000  972.300   10000  12810   9723  9.0813
   3.206  1280.000  972.300   10000  12800   9723  9.0813
   3.216  1276.900  972.600   10000  12769   9726  9.0813
   3.228  1279.100  972.600   10000  12791   9726  9.0813
   3.238  1279.700  972.600   10000  12797   9726  9.0813
   3.248  1280.400  972.700   10000  12804   9727  9.0813
   3.258  1280.200  972.600   10000  12802   9726  9.0813
   3.268  1279.700  972.500   10000  12797   9725  9.0813
   3.279  1281.000  972.400   10000  12810   9724  9.0813
   3.289  1281.600  972.000   10000  12816   9720  9.0813
   3.299  1279.700  972.600   10000  12797   9726  9.0813
   3.309  1279.600  971.800   10000  12796   9718  9.0813
   3.321  1278.200  971.800   10000  12782   9718  9.0813
   3.331  1280.600  971.700   10000  12806   9717  9.0813
   3.341  1279.100  971.800   10000  12791   9718  9.0813
   3.351  1279.200  972.100   10000  12792   9721  9.0813
   3.362  1279.500  972.400   10000  12795   9724  9.0813
   3.372  1280.700  972.000   10000  12807   9720  9.0813
   3.382  1278.600  972.600   10000  12786   9726  9.0813
   3.392  1275.900  972.400   10000  12759   9724  9.0813
   3.402  1279.200  972.800   10000  12792   9728  9.0813
   3.414  1277.500  972.900   10000  12775   9729  9.0813
   3.424  1279.500  972.500   10000  12795   9725  9.0813
   3.434  1279.700  972.800   10000  12797   9728  9.0813
   3.444  1279.000  972.700   10000  12790   9727  9.0813
   3.455  1279.700  972.800   10000  12797   9728  9.0813
   3.465  1279.000  973.000   10000  12790   9730  9.0813
   3.475  1280.200  972.600   10000  12802   9726  9.0813
   3.485  1278.100  972.100   10000  12781   9721  9.0813
   3.495  1280.600  972.500   10000  12806   9725  9.0813
   3.507  1278.300  972.600   10000  12783   9726  9.0813
   3.517  1280.200  972.200   10000  12802   9722  9.0813
   3.527  1280.600  972.300   10000  12806   9723  9.0813
   3.537  1279.900  972.600   10000  12799   9726  9.0813
   3.547  1281.100  972.200   10000  12811   9722  9.0813
   3.558  1279.000  972.300   10000  12790   9723  9.0813
   3.568  1278.300  972.300   10000  12783   9723  9.0813
   3.578  1278.900  972.200   10000  12789   9722  9.0813
   3.588  1279.600  972.400   10000  12796   9724  9.0813
   3.600  1277.200  972.500   10000  12772   9725  9.0813
   3.610  1279.600  972.600   10000  12796   9726  9.0813
   3.620  1279.900  971.900   10000  12799   9719  9.0813
   3.630  1278.800  972.200   10000  12788   9722  9.0813
   3.640  1277.200  972.100   10000  12772   9721  9.0813
   3.651  1278.400  972.500   10000  12784   9725  9.0813
   3.661  1279.700  972.400   10000  12797   9724  9.0813
   3.671  1280.200  972.300   10000  12802   9723  9.0813
   3.681  1279.800  972.200   10000  12798   9722  9.0813
   3.692  1279.600  972.200   10000  12796   9722  9.0813
   3.703  1279.500  972.300   10000  12795   9723  9.0813
   3.713  1278.700  971.900   10000  12787   9719  9.0813
   3.723  1279.200  972.300   10000  12792   9723  9.0813
   3.733  1279.800  972.200   10000  12798   9722  9.0813
   3.743  1279.300  972.100   10000  12793   9721  9.0813
   3.754  1280.700  971.900   10000  12807   9719  9.0813
   3.764  1278.500  971.800   10000  12785   9718  9.0813
   3.775  1280.200  971.900   10000  12802   9719  9.0813
   3.785  1280.900  972.100   10000  12809   9721  9.0813
   3.796  1278.200  972.000   10000  12782   9720  9.0813
   3.806  1278.600  972.000   10000  12786   9720  9.0813
   3.816  1278.100  972.200   10000  12781   9722  9.0813
   3.826  1278.500  971.900   10000  12785   9719  9.0813
   3.836  1278.700  972.000   10000  12787   9720  9.0813
   3.846  1278.500  972.300   10000  12785   9723  9.0813
   3.857  1277.500  972.100   10000  12775   9721  9.0813
   3.868  1279.900  972.000   10000  12799   9720  9.0813
   3.878  1280.300  972.000   10000  12803   9720  9.0813
   3.888  1279.400  971.800   10000  12794   9718  9.0813
   3.899  1276.900  972.200   10000  12769   9722  9.0813
   3.909  1278.000  972.200   10000  12780   9722  9.0813
   3.919  1277.700  972.800   10000  12777   9728  9.0813
   3.929  1278.800  972.200   10000  12788   9722  9.0813
   3.939  1278.700  972.300   10000  12787   9723  9.0813
   3.950  1279.300  972.600   10000  12793   9726  9.0813
   3.961  1279.400  972.600   10000  12794   9726  9.0813
   3.971  1279.600  972.100   10000  12796   9721  9.0813
   3.981  1278.800  972.700   10000  12788   9727  9.0813
   3.992  1279.100  972.600   10000  12791   9726  9.0813
   4.002  1279.700  972.500   10000  12797   9725  9.0813
   4.012  1279.500  972.300   10000  12795   9723  9.0813
   4.022  1280.100  972.600   10000  12801   9726  9.0813
   4.032  1277.900  972.600   10000  12779   9726  9.0813
   4.043  1281.200  972.800   10000  12812   9728  9.0813
   4.054  1280.000  973.000   10000  12800   9730  9.0813
   4.064  1280.300  972.500   10000  12803   9725  9.0813
   4.074  1279.400  972.400   10000  12794   9724  9.0813
   4.085  1278.100  972.700   10000  12781   9727  9.0813
   4.095  1279.900  973.100   10000  12799   9731  9.0813
   4.105  1281.600  972.800   10000  12816   9728  9.0813
   4.115  1277.600  972.800   10000  12776   9728  9.0813
   4.125  1278.300  972.100   10000  12783   9721  9.0813
   4.136  1280.000  972.800   10000  12800   9728  9.0813
   4.147  1278.700  972.400   10000  12787   9724  9.0813
   4.157  1277.600  972.300   10000  12776   9723  9.0813
   4.167  1280.000  972.500   10000  12800   9725  9.0813
   4.178  1280.200  972.300   10000  12802   9723  9.0813
   4.188  1280.600  972.500   10000  12806   9725  9.0813
   4.198  1277.300  972.900   10000  12773   9729  9.0813
   4.208  1280.700  973.100   10000  12807   9731  9.0813
   4.218  1280.700  973.000   10000  12807   9730  9.0813
   4.229  1278.600  972.500   10000  12786   9725  9.0813
   4.240  1280.500  973.000   10000  12805   9730  9.0813
   4.250  1278.300  972.600   10000  12783   9726  9.0813
   4.261  1280.500  972.500   10000  12805   9725  9.0813
   4.271  1277.000  972.400   10000  12770   9724  9.0813
   4.281  1278.800  972.600   10000  12788   9726  9.0813
   4.291  1279.400  972.400   10000  12794   9724  9.0813
   4.301  1280.800  972.500   10000  12808   9725  9.0813
   4.311  1280.500  972.700   10000  12805   9727  9.0813
   4.323  1280.500  972.500   10000  12805   9725  9.0813
   4.333  1279.400  972.400   10000  12794   9724  9.0813
   4.343  1281.800  972.500   10000  12818   9725  9.0813
   4.353  1279.100  972.600   10000  12791   9726  9.0813
   4.364  1281.600  973.000   10000  12816   9730  9.0813
   4.374  1279.400  973.300   10000  12794   9733  9.0813
   4.384  1279.400  973.100   10000  12794   9731  9.0813
   4.394  1279.800  973.200   10000  12798   9732  9.0813
   4.404  1278.400  973.400   10000  12784   9734  9.0813
   4.416  1280.900  973.300   10000  12809   9733  9.0813
   4.426  1279.700  973.100   10000  12797   9731  9.0813
   4.436  1279.400  973.000   10000  12794   9730  9.0813
   4.446  1277.500  973.400   10000  12775   9734  9.0813
   4.457  1278.700  973.200   10000  12787   9732  9.0813
   4.467  1279.100  972.500   10000  12791   9725  9.0813
   4.477  1278.900  972.800   10000  12789   9728  9.0813
   4.487  1280.300  973.500   10000  12803   9735  9.0813
   4.497  1279.200  973.000   10000  12792   9730  9.0813
   4.509  1279.800  972.600   10000  12798   9726  9.0813
   4.519  1281.100  972.500   10000  12811   9725  9.0813
   4.529  1279.200  972.600   10000  12792   9726  9.0813
   4.539  1280.100  972.700   10000  12801   9727  9.0813
   4.550  1278.500  972.900   10000  12785   9729  9.0813
   4.560  1278.900  972.700   10000  12789   9727  9.0813
   4.570  1280.400  972.700   10000  12804   9727  9.0813
   4.580  1280.200  972.100   10000  12802   9721  9.0813
   4.590  1279.800  972.300   10000  12798   9723  9.0813
   4.602  1278.700  972.700   10000  12787   9727  9.0813
   4.612  1279.300  972.800   10000  12793   9728  9.0813
   4.622  1277.900  972.300   10000  12779   9723  9.0813
   4.632  1277.700  972.700   10000  12777   9727  9.0813
   4.642  1279.800  972.800   10000  12798   9728  9.0813
   4.653  1278.600  972.700   10000  12786   9727  9.0813
   4.663  1281.400  972.800   10000  12814   9728  9.0813
   4.673  1281.300  972.500   10000  12813   9725  9.0813
   4.683  1278.500  972.600   10000  12785   9726  9.0813
   4.695  1281.000  973.300   10000  12810   9733  9.0813
   4.705  1281.800  972.900   10000  12818   9729  9.0813
   4.715  1278.700  973.000   10000  12787   9730  9.0813
   4.725  1280.000  973.400   10000  12800   9734  9.0813
   4.735  1279.300  973.000   10000  12793   9730  9.0813
   4.745  1278.800  972.700   10000  12788   9727  9.0813
   4.756  1275.900  972.400   10000  12759   9724  9.0813
   4.766  1277.800  973.100   10000  12778   9731  9.0813
   4.776  1278.700  972.600   10000  12787   9726  9.0813
   4.788  1278.500  972.700   10000  12785   9727  9.0813
   4.798  1278.400  972.900   10000  12784   9729  9.0813
   4.808  1279.600  972.600   10000  12796   9726  9.0813
   4.818  1279.400  972.700   10000  12794   9727  9.0813
   4.828  1279.200  972.600   10000  12792   9726  9.0813
   4.838  1280.000  972.600   10000  12800   9726  9.0813
   4.849  1275.600  972.900   10000  12756   9729  9.0813
   4.859  1277.100  972.800   10000  12771   9728  9.0813
   4.870  1278.400  973.200   10000  12784   9732  9.0813
   4.880  1277.800  972.800   10000  12778   9728  9.0813
   4.891  1277.400  972.800   10000  12774   9728  9.0813
   4.901  1279.300  972.300   10000  12793   9723  9.0813
   4.911  1278.500  972.800   10000  12785   9728  9.0813
   4.921  1278.100  972.300   10000  12781   9723  9.0813
   4.931  1279.400  972.600   10000  12794   9726  9.0813
   4.941  1282.200  972.700   10000  12822   9727  9.0813
   4.952  1280.100  972.500   10000  12801   9725  9.0813
   4.963  1277.600  972.600   10000  12776   9726  9.0813
   4.973  1279.900  972.500   10000  12799   9725  9.0813
   4.983  1279.200  972.200   10000  12792   9722  9.0813
   4.994  1279.100  972.300   10000  12791   9723  9.0813
   5.004  1279.900  972.800   10000  12799   9728  9.0813
   5.014  1279.500  972.600   10000  12795   9726  9.0813
   5.024  1280.700  972.500   10000  12807   9725  9.0813
   5.034  1281.300  972.600   10000  12813   9726  9.0813
   5.045  1280.200  972.500   10000  12802   9725  9.0813
   5.056  1278.500  972.700   10000  12785   9727  9.0813
   5.066  1277.000  972.800   10000  12770   9728  9.0813
   5.076  1277.400  972.900   10000  12774   9729  9.0813
   5.087  1279.000  972.800   10000  12790   9728  9.0813
   5.097  1280.800  972.900   10000  12808   9729  9.0813
   5.107  1278.600  972.400   10000  12786   9724  9.0813
   5.117  1279.400  972.800   10000  12794   9728  9.0813
   5.127  1280.100  972.900   10000  12801   9729  9.0813
   5.138  1278.900  972.400   10000  12789   9724  9.0813
   5.149  1279.800  972.500   10000  12798   9725  9.0813
   5.159  1279.200  972.500   10000  12792   9725  9.0813
   5.169  1280.000  972.700   10000  12800   9727  9.0813
   5.180  1280.400  972.600   10000  12804   9726  9.0813
   5.190  1281.100  972.800   10000  12811   9728  9.0813
