   0.010   517.800 2264.300   10000   5178  22643  9.4226
   0.020   518.000 2264.400   10000   5180  22644  9.4226
   0.031   517.900 2261.700   10000   5179  22617  9.4226
   0.041   517.800 2265.100   10000   5178  22651  9.4226
   0.051   517.900 2261.500   10000   5179  22615  9.4226
   0.061   518.000 2147.500   10000   5180  21475  9.4226
   0.071   517.900 2049.000   10000   5179  20490  9.4226
   0.082   517.900 2264.800   10000   5179  22648  9.4226
   0.092   517.900 2263.300   10000   5179  22633  9.4226
   0.103   518.000 2263.700   10000   5180  22637  9.4226
   0.113   517.900 2265.900   10000   5179  22659  9.4226
   0.124   518.000 2263.400   10000   5180  22634  9.4226
   0.134   517.900 2263.300   10000   5179  22633  9.4226
   0.144   517.800 2266.000   10000   5178  22660  9.4226
   0.154   517.700 2263.100   10000   5177  22631  9.4226
   0.164   517.900 2263.000   10000   5179  22630  9.4226
   0.175   517.900 1926.700   10000   5179  19267  9.4226
   0.185   517.900 2265.100   10000   5179  22651  9.4226
   0.196   517.900 2262.900   10000   5179  22629  9.4226
   0.206   518.000 2262.600   10000   5180  22626  9.4226
   0.217   517.900 2263.300   10000   5179  22633  9.4226
   0.227   517.900 2263.000   10000   5179  22630  9.4226
   0.237   517.700 2266.700   10000   5177  22667  9.4226
   0.247   517.800 2262.500   10000   5178  22625  9.4226
   0.257   517.900 2263.900   10000   5179  22639  9.4226
   0.267   517.900 2265.100   10000   5179  22651  9.4226
   0.278   517.800 1923.500   10000   5178  19235  9.4226
   0.289   518.000 2266.900   10000   5180  22669  9.4226
   0.299   517.900 2261.300   10000   5179  22613  9.4226
   0.309   517.900 2265.300   10000   5179  22653  9.4226
   0.320   517.900 2263.800   10000   5179  22638  9.4226
   0.330   517.900 2263.700   10000   5179  22637  9.4226
   0.340   518.000 2266.400   10000   5180  22664  9.4226
   0.350   518.000 2259.900   10000   5180  22599  9.4226
   0.360   518.000 2265.000   10000   5180  22650  9.4226
   0.370   518.000 2266.800   10000   5180  22668  9.4226
   0.382   517.900 1946.300   10000   5179  19463  9.4226
   0.392   517.900 2255.200   10000   5179  22552  9.4226
   0.402   517.900 2261.300   10000   5179  22613  9.4226
   0.413   517.800 2264.800   10000   5178  22648  9.4226
   0.423   518.100 2266.300   10000   5181  22663  9.4226
   0.433   517.900 2262.600   10000   5179  22626  9.4226
   0.443   518.000 2266.200   10000   5180  22662  9.4226
   0.453   517.900 2263.000   10000   5179  22630  9.4226
   0.463   517.900 2264.700   10000   5179  22647  9.4226
   0.475   517.900 2267.100   10000   5179  22671  9.4226
   0.485   517.900 2086.600   10000   5179  20866  9.4226
   0.495   518.000 2109.600   10000   5180  21096  9.4226
   0.505   518.000 2263.600   10000   5180  22636  9.4226
   0.516   518.000 2266.200   10000   5180  22662  9.4226
   0.526   518.100 2263.600   10000   5181  22636  9.4226
   0.536   518.200 2262.800   10000   5182  22628  9.4226
   0.546   518.000 2266.600   10000   5180  22666  9.4226
   0.558   518.000 2263.200   10000   5180  22632  9.4226
   0.568   518.100 2264.800   10000   5181  22648  9.4226
   0.578   518.000 2265.300   10000   5180  22653  9.4226
   0.588   517.900 2225.000   10000   5179  22250  9.4226
   0.598   517.800 1974.300   10000   5178  19743  9.4226
   0.608   517.900 2263.900   10000   5179  22639  9.4226
   0.619   518.100 2267.100   10000   5181  22671  9.4226
   0.629   518.000 2263.000   10000   5180  22630  9.4226
   0.639   518.000 2267.200   10000   5180  22672  9.4226
   0.650   518.000 2264.700   10000   5180  22647  9.4226
   0.661   518.000 2266.000   10000   5180  22660  9.4226
   0.671   517.900 2264.200   10000   5179  22642  9.4226
   0.681   518.000 2263.900   10000   5180  22639  9.4226
   0.691   517.900 2265.800   10000   5179  22658  9.4226
   0.701   517.800 1919.400   10000   5178  19194  9.4226
   0.712   518.000 2264.500   10000   5180  22645  9.4226
   0.722   518.100 2265.200   10000   5181  22652  9.4226
   0.732   517.900 2263.700   10000   5179  22637  9.4226
   0.743   517.800 2265.200   10000   5178  22652  9.4226
   0.753   517.800 2262.000   10000   5178  22620  9.4226
   0.764   517.900 2264.600   10000   5179  22646  9.4226
   0.774   517.900 2266.200   10000   5179  22662  9.4226
   0.784   517.800 2260.800   10000   5178  22608  9.4226
   0.794   517.700 2269.000   10000   5177  22690  9.4226
   0.804   517.900 1957.300   10000   5179  19573  9.4226
   0.815   518.000 2230.400   10000   5180  22304  9.4226
   0.825   517.900 2266.300   10000   5179  22663  9.4226
   0.836   517.900 2259.700   10000   5179  22597  9.4226
   0.846   518.000 2267.200   10000   5180  22672  9.4374
   0.857   517.900 2263.000   10000   5179  22630  9.4374
   0.867   517.900 2265.600   10000   5179  22656  9.4374
   0.877   517.800 2265.900   10000   5178  22659  9.4374
   0.887   517.900 2259.800   10000   5179  22598  9.4374
   0.897   518.000 2266.600   10000   5180  22666  9.4374
   0.908   518.000 2089.500   10000   5180  20895  9.4374
   0.918   517.800 2101.600   10000   5178  21016  9.4374
   0.929   518.000 2266.300   10000   5180  22663  9.4374
   0.939   518.000 2262.600   10000   5180  22626  9.4374
   0.950   517.900 2266.200   10000   5179  22662  9.4374
   0.960   518.000 2264.000   10000   5180  22640  9.4374
   0.970   518.000 2265.100   10000   5180  22651  9.4374
   0.980   517.900 2266.400   10000   5179  22664  9.4374
   0.990   517.900 2261.800   10000   5179  22618  9.4374
   1.000   518.000 2267.500   10000   5180  22675  9.4374
   1.011   517.900 2214.300   10000   5179  22143  9.4374
   1.022   518.000 2048.500   10000   5180  20485  9.4374
   1.032   518.100 2264.200   10000   5181  22642  9.4374
   1.042   517.900 2263.500   10000   5179  22635  9.4374
   1.053   518.000 2266.600   10000   5180  22666  9.4374
   1.063   517.900 2265.200   10000   5179  22652  9.4374
   1.073   517.900 2262.400   10000   5179  22624  9.4374
   1.083   517.900 2265.600   10000   5179  22656  9.4374
   1.093   517.900 2263.000   10000   5179  22630  9.4374
   1.105   518.000 2266.800   10000   5180  22668  9.4374
   1.115   518.000 2262.600   10000   5180  22626  9.4374
   1.125   517.900 1930.000   10000   5179  19300  9.4374
   1.135   517.800 2264.300   10000   5178  22643  9.4374
   1.146   518.000 2264.800   10000   5180  22648  9.4374
   1.156   517.900 2265.400   10000   5179  22654  9.4374
   1.166   517.900 2264.800   10000   5179  22648  9.4374
   1.176   518.000 2265.400   10000   5180  22654  9.4374
   1.186   518.100 2260.800   10000   5181  22608  9.4374
   1.198   517.800 2266.700   10000   5178  22667  9.4374
   1.208   517.800 2264.200   10000   5178  22642  9.4374
   1.218   517.900 2266.200   10000   5179  22662  9.4374
   1.228   517.800 1922.200   10000   5178  19222  9.4374
   1.239   517.900 2263.500   10000   5179  22635  9.4374
   1.249   518.000 2265.800   10000   5180  22658  9.4374
   1.259   517.900 2264.200   10000   5179  22642  9.4374
   1.269   517.900 2265.400   10000   5179  22654  9.4374
   1.279   518.000 2266.500   10000   5180  22665  9.4374
   1.291   517.900 2260.700   10000   5179  22607  9.4374
   1.301   518.000 2267.800   10000   5180  22678  9.4374
   1.311   517.900 2262.400   10000   5179  22624  9.4374
   1.321   517.900 2264.900   10000   5179  22649  9.4374
   1.331   517.800 1972.900   10000   5178  19729  9.4374
   1.342   517.800 2219.000   10000   5178  22190  9.4374
   1.352   517.700 2268.300   10000   5177  22683  9.4374
   1.362   517.800 2261.900   10000   5178  22619  9.4374
   1.372   518.100 2265.000   10000   5181  22650  9.4374
   1.384   517.900 2264.300   10000   5179  22643  9.4374
   1.394   518.000 2262.900   10000   5180  22629  9.4374
   1.404   517.900 2265.800   10000   5179  22658  9.4374
   1.414   517.900 2263.800   10000   5179  22638  9.4374
   1.424   517.900 2263.700   10000   5179  22637  9.4374
   1.435   517.900 2096.600   10000   5179  20966  9.4374
   1.445   517.900 2096.300   10000   5179  20963  9.4374
   1.455   517.900 2267.800   10000   5179  22678  9.4374
   1.465   517.800 2262.000   10000   5178  22620  9.4374
   1.477   518.000 2264.600   10000   5180  22646  9.4374
   1.487   517.900 2265.400   10000   5179  22654  9.4374
   1.497   518.000 2264.500   10000   5180  22645  9.4374
   1.507   517.900 2265.900   10000   5179  22659  9.4374
   1.518   517.900 2262.000   10000   5179  22620  9.4374
   1.528   518.000 2263.400   10000   5180  22634  9.4374
   1.538   517.900 2199.000   10000   5179  21990  9.4374
   1.548   517.900 1996.500   10000   5179  19965  9.4374
   1.558   518.000 2266.600   10000   5180  22666  9.4374
   1.570   518.000 2264.200   10000   5180  22642  9.4374
   1.580   518.000 2266.900   10000   5180  22669  9.4374
   1.590   517.900 2265.000   10000   5179  22650  9.4374
   1.600   517.900 2265.300   10000   5179  22653  9.4374
   1.610   518.000 2265.500   10000   5180  22655  9.4374
   1.621   517.900 2266.700   10000   5179  22667  9.4374
   1.631   517.800 2264.800   10000   5178  22648  9.4374
   1.641   517.900 2264.100   10000   5179  22641  9.4374
   1.652   517.900 1947.100   10000   5179  19471  9.4374
   1.663   517.800 2266.200   10000   5178  22662  9.4374
   1.673   517.900 2265.300   10000   5179  22653  9.4374
   1.683   518.000 2265.100   10000   5180  22651  9.4374
   1.693   517.800 2262.100   10000   5178  22621  9.4374
   1.703   518.000 2267.000   10000   5180  22670  9.4374
   1.714   517.900 2264.700   10000   5179  22647  9.4374
   1.724   517.900 2264.900   10000   5179  22649  9.4374
   1.734   517.900 2266.000   10000   5179  22660  9.4374
   1.745   517.900 2264.400   10000   5179  22644  9.4374
   1.756   517.700 1919.600   10000   5177  19196  9.4374
   1.766   517.900 2264.300   10000   5179  22643  9.4374
   1.776   518.000 2262.900   10000   5180  22629  9.4374
   1.786   517.900 2266.900   10000   5179  22669  9.4374
   1.796   517.900 2264.000   10000   5179  22640  9.4374
   1.806   517.900 2268.800   10000   5179  22688  9.4374
   1.817   517.900 2264.100   10000   5179  22641  9.4374
   1.827   517.800 2266.000   10000   5178  22660  9.4374
   1.838   517.900 2267.000   10000   5179  22670  9.4374
   1.848   517.900 2264.600   10000   5179  22646  9.4374
   1.859   517.800 1937.300   10000   5178  19373  9.4374
   1.869   517.900 2259.700   10000   5179  22597  9.4374
   1.879   517.900 2263.500   10000   5179  22635  9.4374
   1.889   517.800 2269.200   10000   5178  22692  9.4374
   1.899   517.900 2262.200   10000   5179  22622  9.4374
   1.910   518.000 2269.700   10000   5180  22697  9.4374
   1.920   517.900 2262.800   10000   5179  22628  9.4374
   1.931   517.900 2264.900   10000   5179  22649  9.4374
   1.941   518.000 2267.700   10000   5180  22677  9.4374
   1.952   517.900 2264.800   10000   5179  22648  9.4374
   1.962   517.900 2044.900   10000   5179  20449  9.4374
   1.972   517.800 2150.100   10000   5178  21501  9.4374
   1.982   517.900 2266.100   10000   5179  22661  9.4374
   1.992   517.800 2266.800   10000   5178  22668  9.4374
   2.002   517.900 2264.300   10000   5179  22643  9.4374
   2.013   518.000 2267.400   10000   5180  22674  9.4374
   2.024   518.000 2264.000   10000   5180  22640  9.4374
   2.034   517.800 2266.200   10000   5178  22662  9.4374
   2.044   517.900 2266.400   10000   5179  22664  9.4374
   2.055   517.900 2265.200   10000   5179  22652  9.4374
   2.065   517.900 2155.700   10000   5179  21557  9.4374
   2.075   518.000 2040.500   10000   5180  20405  9.4374
   2.085   517.900 2264.900   10000   5179  22649  9.4374
   2.095   517.800 2265.100   10000   5178  22651  9.4374
   2.106   518.000 2267.900   10000   5180  22679  9.4374
   2.117   518.000 2266.500   10000   5180  22665  9.4374
   2.127   518.000 2265.300   10000   5180  22653  9.4374
   2.138   517.800 2266.100   10000   5178  22661  9.4374
   2.148   517.800 2264.000   10000   5178  22640  9.4374
   2.158   517.900 2267.600   10000   5179  22676  9.4374
   2.168   517.900 2262.700   10000   5179  22627  9.4374
   2.178   518.000 1929.800   10000   5180  19298  9.4374
   2.188   517.900 2268.300   10000   5179  22683  9.4374
   2.200   517.800 2264.200   10000   5178  22642  9.4374
   2.210   517.900 2267.500   10000   5179  22675  9.4374
   2.220   517.800 2266.300   10000   5178  22663  9.4374
   2.230   517.800 2264.800   10000   5178  22648  9.4374
   2.241   517.900 2268.300   10000   5179  22683  9.4374
   2.251   518.000 2264.800   10000   5180  22648  9.4374
   2.261   517.900 2267.000   10000   5179  22670  9.4374
   2.271   517.900 2266.300   10000   5179  22663  9.4374
   2.281   517.800 1920.600   10000   5178  19206  9.4374
   2.293   517.900 2270.800   10000   5179  22708  9.4374
   2.303   518.000 2265.000   10000   5180  22650  9.4374
   2.313   517.900 2269.100   10000   5179  22691  9.4374
   2.323   518.000 2263.800   10000   5180  22638  9.4374
   2.334   517.900 2266.700   10000   5179  22667  9.4374
   2.344   517.800 2269.100   10000   5178  22691  9.4374
   2.354   517.900 2265.600   10000   5179  22656  9.4374
   2.364   517.900 2267.800   10000   5179  22678  9.4374
   2.374   517.900 2266.200   10000   5179  22662  9.4374
   2.386   517.900 1925.500   10000   5179  19255  9.4374
   2.396   518.000 2269.500   10000   5180  22695  9.4374
   2.406   517.800 2264.200   10000   5178  22642  9.4374
   2.416   517.900 2268.400   10000   5179  22684  9.4374
   2.427   517.800 2266.600   10000   5178  22666  9.4374
   2.437   517.700 2265.800   10000   5177  22658  9.4374
   2.447   517.800 2267.700   10000   5178  22677  9.4374
   2.457   517.900 2264.400   10000   5179  22644  9.4374
   2.467   518.000 2267.900   10000   5180  22679  9.4374
   2.479   517.900 2264.500   10000   5179  22645  9.4374
   2.490   517.800 1996.800   10000   5178  19968  9.4374
   2.500   517.900 2202.700   10000   5179  22027  9.4374
   2.510   518.000 2265.300   10000   5180  22653  9.4374
   2.520   517.900 2267.600   10000   5179  22676  9.4374
   2.530   517.900 2263.800   10000   5179  22638  9.4374
   2.541   518.000 2267.400   10000   5180  22674  9.4374
   2.551   517.800 2265.700   10000   5178  22657  9.4374
   2.561   517.800 2265.300   10000   5178  22653  9.4374
   2.577   517.900 2267.800   10000   5179  22678  9.4374
   2.587   518.000 2267.500   10000   5180  22675  9.4374
   2.597   517.800 1920.200   10000   5178  19202  9.4374
   2.608   517.700 2269.800   10000   5177  22698  9.4374
   2.618   517.800 2264.800   10000   5178  22648  9.4374
   2.628   517.900 2267.600   10000   5179  22676  9.4374
   2.638   518.000 2265.500   10000   5180  22655  9.4374
   2.648   518.000 2266.100   10000   5180  22661  9.4374
   2.658   517.900 2267.700   10000   5179  22677  9.4374
   2.670   518.000 2264.400   10000   5180  22644  9.4374
   2.681   517.800 2269.900   10000   5178  22699  9.4374
   2.691   517.900 2265.700   10000   5179  22657  9.4374
   2.701   518.000 1989.100   10000   5180  19891  9.4374
   2.711   517.900 2213.800   10000   5179  22138  9.4374
   2.721   518.000 2265.300   10000   5180  22653  9.4374
   2.732   517.900 2268.600   10000   5179  22686  9.4374
   2.742   517.900 2264.900   10000   5179  22649  9.4374
   2.753   517.900 2265.200   10000   5179  22652  9.4374
   2.763   517.800 2268.000   10000   5178  22680  9.4374
   2.774   517.800 2265.700   10000   5178  22657  9.4374
   2.784   517.900 2267.300   10000   5179  22673  9.4374
   2.794   517.900 2265.600   10000   5179  22656  9.4374
   2.804   518.000 2109.100   10000   5180  21091  9.4374
   2.814   517.900 2090.900   10000   5179  20909  9.4374
   2.825   517.800 2264.500   10000   5178  22645  9.4374
   2.835   517.800 2270.100   10000   5178  22701  9.4374
   2.846   517.800 2267.200   10000   5178  22672  9.4374
   2.856   517.800 2267.300   10000   5178  22673  9.4374
   2.867   517.900 2265.800   10000   5179  22658  9.4374
   2.877   517.900 2265.800   10000   5179  22658  9.4374
   2.887   517.800 2269.500   10000   5178  22695  9.4374
   2.897   517.800 2263.100   10000   5178  22631  9.4374
   2.907   517.900 2237.500   10000   5179  22375  9.4374
   2.917   517.800 1965.200   10000   5178  19652  9.4374
   2.928   517.900 2265.200   10000   5179  22652  9.4374
   2.939   518.000 2267.900   10000   5180  22679  9.4374
   2.949   517.800 2265.000   10000   5178  22650  9.4374
   2.959   517.800 2268.700   10000   5178  22687  9.4374
   2.970   517.800 2263.200   10000   5178  22632  9.4374
   2.980   517.800 2267.600   10000   5178  22676  9.4374
   2.990   517.800 2268.000   10000   5178  22680  9.4374
   3.000   517.800 2266.300   10000   5178  22663  9.4374
   3.010   517.900 2269.400   10000   5179  22694  9.4374
   3.021   517.800 1919.700   10000   5178  19197  9.4374
   3.032   517.900 2268.400   10000   5179  22684  9.4374
   3.042   518.000 2267.800   10000   5180  22678  9.4374
   3.052   517.900 2266.900   10000   5179  22669  9.4374
   3.063   517.800 2271.000   10000   5178  22710  9.4374
   3.073   517.900 2263.700   10000   5179  22637  9.4374
   3.083   517.900 2270.500   10000   5179  22705  9.4374
   3.093   517.900 2263.900   10000   5179  22639  9.4374
   3.103   518.000 2268.700   10000   5180  22687  9.4374
   3.114   517.900 2267.700   10000   5179  22677  9.4374
   3.125   517.800 1924.400   10000   5178  19244  9.4374
   3.135   517.900 2269.600   10000   5179  22696  9.4374
   3.145   517.800 2268.100   10000   5178  22681  9.4374
   3.156   517.900 2264.800   10000   5179  22648  9.4374
   3.166   518.000 2269.900   10000   5180  22699  9.4374
   3.176   518.000 2263.900   10000   5180  22639  9.4374
   3.186   517.800 2269.700   10000   5178  22697  9.4374
   3.196   517.800 2264.500   10000   5178  22645  9.4374
   3.208   517.800 2266.600   10000   5178  22666  9.4374
   3.218   518.000 2268.100   10000   5180  22681  9.4374
   3.228   518.000 1985.800   10000   5180  19858  9.4374
   3.238   517.900 2213.900   10000   5179  22139  9.4374
   3.248   517.900 2267.000   10000   5179  22670  9.4374
   3.259   517.900 2268.300   10000   5179  22683  9.4374
   3.269   518.000 2266.100   10000   5180  22661  9.4374
   3.279   518.100 2267.100   10000   5181  22671  9.4374
   3.289   517.900 2268.700   10000   5179  22687  9.4374
   3.301   517.900 2265.600   10000   5179  22656  9.4374
   3.311   517.800 2268.200   10000   5178  22682  9.4374
   3.321   517.900 2263.100   10000   5179  22631  9.4374
   3.331   517.800 2110.900   10000   5178  21109  9.4374
   3.341   517.800 2092.000   10000   5178  20920  9.4374
   3.351   517.900 2264.200   10000   5179  22642  9.4374
   3.362   517.700 2268.500   10000   5177  22685  9.4374
   3.372   517.900 2264.000   10000   5179  22640  9.4374
   3.382   517.900 2267.900   10000   5179  22679  9.4374
   3.393   517.800 2267.100   10000   5178  22671  9.4374
   3.404   517.900 2264.300   10000   5179  22643  9.4374
   3.414   517.900 2270.300   10000   5179  22703  9.4374
   3.424   517.900 2263.700   10000   5179  22637  9.4374
   3.434   517.900 2237.800   10000   5179  22378  9.4374
   3.444   517.900 1969.200   10000   5179  19692  9.4374
   3.455   518.000 2265.200   10000   5180  22652  9.4374
   3.465   517.900 2267.800   10000   5179  22678  9.4374
   3.475   518.000 2264.400   10000   5180  22644  9.4374
   3.486   517.900 2266.600   10000   5179  22666  9.4374
   3.497   517.900 2268.300   10000   5179  22683  9.4374
   3.507   517.900 2263.100   10000   5179  22631  9.4374
   3.517   517.900 2268.400   10000   5179  22684  9.4374
   3.527   518.000 2264.000   10000   5180  22640  9.4374
   3.537   517.900 2269.900   10000   5179  22699  9.4374
   3.548   518.100 1924.500   10000   5181  19245  9.4522
   3.558   518.000 2267.800   10000   5180  22678  9.4522
   3.568   518.000 2267.100   10000   5180  22671  9.4522
   3.579   518.000 2264.900   10000   5180  22649  9.4522
   3.590   517.900 2268.600   10000   5179  22686  9.4522
   3.600   517.900 2266.300   10000   5179  22663  9.4522
   3.610   517.900 2267.200   10000   5179  22672  9.4522
   3.620   517.900 2268.600   10000   5179  22686  9.4522
   3.630   517.900 2265.400   10000   5179  22654  9.4522
   3.641   517.900 2268.200   10000   5179  22682  9.4522
   3.651   517.900 1938.800   10000   5179  19388  9.4522
   3.661   517.900 2259.900   10000   5179  22599  9.4522
   3.673   517.900 2266.600   10000   5179  22666  9.4522
   3.683   517.900 2267.500   10000   5179  22675  9.4522
   3.693   517.800 2266.500   10000   5178  22665  9.4522
   3.703   517.900 2267.100   10000   5179  22671  9.4522
   3.713   517.800 2267.200   10000   5178  22672  9.4522
   3.723   517.900 2265.500   10000   5179  22655  9.4522
   3.734   517.900 2267.800   10000   5179  22678  9.4522
   3.744   517.900 2268.500   10000   5179  22685  9.4522
   3.755   517.900 1997.100   10000   5179  19971  9.4522
   3.765   517.900 2204.900   10000   5179  22049  9.4522
   3.776   517.900 2264.100   10000   5179  22641  9.4522
   3.786   517.900 2269.800   10000   5179  22698  9.4522
   3.796   517.900 2267.300   10000   5179  22673  9.4522
   3.806   518.000 2265.200   10000   5180  22652  9.4522
   3.816   518.000 2269.200   10000   5180  22692  9.4522
   3.827   517.800 2263.900   10000   5178  22639  9.4522
   3.837   517.800 2268.600   10000   5178  22686  9.4522
   3.848   517.800 2266.300   10000   5178  22663  9.4522
   3.859   517.900 2116.100   10000   5179  21161  9.4522
   3.869   518.000 2082.700   10000   5180  20827  9.4522
   3.879   517.900 2264.400   10000   5179  22644  9.4522
   3.889   518.000 2268.900   10000   5180  22689  9.4522
   3.899   517.900 2266.400   10000   5179  22664  9.4522
   3.909   518.000 2266.800   10000   5180  22668  9.4522
   3.920   517.900 2268.800   10000   5179  22688  9.4522
   3.930   518.100 2266.300   10000   5181  22663  9.4522
   3.941   518.000 2268.500   10000   5180  22685  9.4522
   3.951   517.900 2265.900   10000   5179  22659  9.4522
   3.962   518.000 2240.900   10000   5180  22409  9.4522
   3.972   517.900 1957.400   10000   5179  19574  9.4522
   3.982   518.000 2264.900   10000   5180  22649  9.4522
   3.992   517.900 2269.800   10000   5179  22698  9.4522
   4.002   517.900 2267.800   10000   5179  22678  9.4522
   4.013   517.900 2267.200   10000   5179  22672  9.4522
   4.023   518.000 2268.900   10000   5180  22689  9.4522
   4.034   517.900 2265.000   10000   5179  22650  9.4522
   4.044   517.800 2268.900   10000   5178  22689  9.4522
   4.055   517.900 2267.600   10000   5179  22676  9.4522
   4.065   517.900 2267.900   10000   5179  22679  9.4522
   4.075   517.800 1923.600   10000   5178  19236  9.4522
   4.085   517.900 2265.500   10000   5179  22655  9.4522
   4.095   518.000 2268.000   10000   5180  22680  9.4522
   4.106   517.900 2266.800   10000   5179  22668  9.4522
   4.116   517.900 2267.300   10000   5179  22673  9.4522
   4.127   517.800 2269.700   10000   5178  22697  9.4522
   4.137   517.900 2266.900   10000   5179  22669  9.4522
   4.148   517.800 2267.600   10000   5178  22676  9.4522
   4.158   518.000 2267.600   10000   5180  22676  9.4522
   4.168   517.900 2267.600   10000   5179  22676  9.4522
   4.178   517.800 1931.900   10000   5178  19319  9.4522
   4.188   518.000 2267.200   10000   5180  22672  9.4522
   4.199   517.900 2266.900   10000   5179  22669  9.4522
   4.209   517.900 2266.400   10000   5179  22664  9.4522
   4.220   517.900 2267.200   10000   5179  22672  9.4522
   4.230   518.100 2267.100   10000   5181  22671  9.4522
   4.241   517.900 2268.000   10000   5179  22680  9.4522
   4.251   518.000 2266.500   10000   5180  22665  9.4522
   4.261   518.000 2266.500   10000   5180  22665  9.4522
   4.271   518.000 2269.600   10000   5180  22696  9.4522
   4.281   518.000 2042.700   10000   5180  20427  9.4522
   4.292   517.900 2155.200   10000   5179  21552  9.4522
   4.303   518.000 2267.100   10000   5180  22671  9.4522
   4.313   517.900 2266.400   10000   5179  22664  9.4522
   4.323   517.900 2268.400   10000   5179  22684  9.4522
   4.333   517.900 2265.000   10000   5179  22650  9.4522
   4.344   517.900 2267.600   10000   5179  22676  9.4522
   4.354   517.900 2266.300   10000   5179  22663  9.4522
   4.364   517.900 2264.900   10000   5179  22649  9.4522
   4.374   517.800 2268.900   10000   5178  22689  9.4522
   4.384   517.900 2159.900   10000   5179  21599  9.4522
   4.396   517.900 2099.800   10000   5179  20998  9.4522
   4.406   517.900 2264.000   10000   5179  22640  9.4522
   4.416   517.900 2268.700   10000   5179  22687  9.4522
   4.426   517.900 2267.100   10000   5179  22671  9.4522
   4.437   517.700 2265.400   10000   5177  22654  9.4522
   4.447   517.900 2267.400   10000   5179  22674  9.4522
   4.457   517.900 2266.700   10000   5179  22667  9.4522
   4.467   518.000 2265.400   10000   5180  22654  9.4522
   4.477   517.800 2267.100   10000   5178  22671  9.4522
   4.489   517.800 2214.400   10000   5178  22144  9.4522
   4.499   517.700 1979.700   10000   5177  19797  9.4522
   4.509   518.000 2265.400   10000   5180  22654  9.4522
   4.519   518.000 2264.500   10000   5180  22645  9.4522
   4.530   517.900 2267.600   10000   5179  22676  9.4522
   4.540   517.900 2267.200   10000   5179  22672  9.4522
   4.550   517.800 2266.500   10000   5178  22665  9.4522
   4.560   517.900 2267.600   10000   5179  22676  9.4522
   4.570   517.900 2267.300   10000   5179  22673  9.4522
   4.582   517.900 2265.600   10000   5179  22656  9.4522
   4.592   517.900 2267.900   10000   5179  22679  9.4522
   4.602   517.800 1919.300   10000   5178  19193  9.4522
   4.612   518.000 2265.700   10000   5180  22657  9.4522
   4.622   517.800 2268.000   10000   5178  22680  9.4522
   4.633   517.800 2264.000   10000   5178  22640  9.4522
   4.643   517.900 2269.200   10000   5179  22692  9.4522
   4.653   517.800 2265.800   10000   5178  22658  9.4522
   4.663   517.900 2267.600   10000   5179  22676  9.4522
   4.675   518.000 2267.800   10000   5180  22678  9.4522
   4.685   518.000 2266.200   10000   5180  22662  9.4522
   4.695   517.900 2268.000   10000   5179  22680  9.4522
   4.705   517.900 1926.300   10000   5179  19263  9.4522
   4.715   517.800 2266.000   10000   5178  22660  9.4522
   4.726   517.800 2268.400   10000   5178  22684  9.4522
   4.736   517.900 2264.900   10000   5179  22649  9.4522
   4.746   517.900 2269.200   10000   5179  22692  9.4522
   4.756   517.900 2265.000   10000   5179  22650  9.4522
   4.768   517.800 2265.200   10000   5178  22652  9.4522
   4.778   517.900 2266.600   10000   5179  22666  9.4522
   4.788   517.800 2264.000   10000   5178  22640  9.4522
   4.798   517.900 2266.900   10000   5179  22669  9.4522
   4.808   518.000 1996.600   10000   5180  19966  9.4522
   4.819   517.900 2195.700   10000   5179  21957  9.4522
   4.829   517.900 2268.100   10000   5179  22681  9.4522
   4.839   517.800 2263.900   10000   5178  22639  9.4522
   4.850   517.900 2267.100   10000   5179  22671  9.4522
   4.861   517.900 2266.300   10000   5179  22663  9.4522
   4.871   517.900 2265.600   10000   5179  22656  9.4522
   4.881   518.000 2268.300   10000   5180  22683  9.4522
   4.891   517.800 2263.700   10000   5178  22637  9.4522
   4.901   517.900 2269.000   10000   5179  22690  9.4226
   4.912   518.100 2109.700   10000   5181  21097  9.4226
   4.922   517.900 2081.900   10000   5179  20819  9.4226
   4.932   517.900 2267.600   10000   5179  22676  9.4226
   4.943   517.900 2263.900   10000   5179  22639  9.4226
   4.954   517.900 2269.500   10000   5179  22695  9.4226
   4.964   517.900 2263.600   10000   5179  22636  9.4226
   4.974   518.000 2264.500   10000   5180  22645  9.4226
   4.984   517.900 2265.000   10000   5179  22650  9.4226
   4.994   518.000 2266.100   10000   5180  22661  9.4226
   5.005   517.900 2264.800   10000   5179  22648  9.4226
   5.015   517.700 2230.000   10000   5177  22300  9.4226
   5.025   517.700 1968.700   10000   5177  19687  9.4226
   5.036   517.900 2266.700   10000   5179  22667  9.4226
   5.047   517.800 2265.300   10000   5178  22653  9.4226
   5.057   517.800 2266.300   10000   5178  22663  9.4226
   5.067   517.900 2263.700   10000   5179  22637  9.4226
   5.077   517.900 2268.500   10000   5179  22685  9.4226
   5.087   518.100 2265.700   10000   5181  22657  9.4226
   5.098   518.000 2266.600   10000   5180  22666  9.4226
   5.108   518.000 2264.100   10000   5180  22641  9.4226
   5.118   518.000 2266.100   10000   5180  22661  9.4226
   5.129   518.000 1921.200   10000   5180  19212  9.4226
   5.140   517.900 2264.300   10000   5179  22643  9.4226
   5.150   517.900 2267.200   10000   5179  22672  9.4226
   5.160   518.000 2263.700   10000   5180  22637  9.4226
   5.170   518.000 2265.400   10000   5180  22654  9.4226
