   0.010  1017.900 1052.000   10000  10179  10520  9.1109
   0.020  1034.800 1050.600   10000  10348  10506  9.1109
   0.031  1019.100 1048.000   10000  10191  10480  9.1109
   0.041  1062.700 1048.200   10000  10627  10482  9.1109
   0.051  1037.800 1050.600   10000  10378  10506  9.1109
   0.061  1089.900 1049.300   10000  10899  10493  9.1109
   0.071   990.200 1053.900   10000   9902  10539  9.1109
   0.082  1062.300 1049.100   10000  10623  10491  9.1109
   0.092   996.600 1051.600   10000   9966  10516  9.1109
   0.103  1032.400 1053.900   10000  10324  10539  9.1109
   0.113   995.500 1050.100   10000   9955  10501  9.1109
   0.124  1056.900 1051.300   10000  10569  10513  9.1109
   0.134  1046.600 1047.100   10000  10466  10471  9.1109
   0.144  1025.400 1050.900   10000  10254  10509  9.1109
   0.154   994.400 1046.700   10000   9944  10467  9.1109
   0.164  1000.500 1047.800   10000  10005  10478  9.1109
   0.174  1026.400 1046.600   10000  10264  10466  9.1109
   0.185   988.800 1051.500   10000   9888  10515  9.1109
   0.196  1041.000 1051.200   10000  10410  10512  9.1109
   0.206  1044.100 1048.100   10000  10441  10481  9.1109
   0.216  1052.700 1050.800   10000  10527  10508  9.1109
   0.227   994.900 1052.800   10000   9949  10528  9.1109
   0.237  1038.000 1047.100   10000  10380  10471  9.1109
   0.247  1039.200 1046.400   10000  10392  10464  9.1109
   0.257  1012.400 1044.500   10000  10124  10445  9.1109
   0.267  1052.700 1049.500   10000  10527  10495  9.1109
   0.277  1035.700 1043.600   10000  10357  10436  9.1109
   0.289  1088.600 1040.100   10000  10886  10401  9.1109
   0.299  1044.800 1048.100   10000  10448  10481  9.1109
   0.309  1039.900 1050.100   10000  10399  10501  9.1109
   0.319   999.500 1048.000   10000   9995  10480  9.1109
   0.329  1032.500 1052.200   10000  10325  10522  9.1109
   0.340  1038.700 1050.200   10000  10387  10502  9.1109
   0.350   997.500 1045.400   10000   9975  10454  9.1109
   0.360  1029.300 1046.400   10000  10293  10464  9.1109
   0.370  1059.100 1049.600   10000  10591  10496  9.1109
   0.382  1016.300 1050.200   10000  10163  10502  9.1109
   0.392  1006.500 1051.600   10000  10065  10516  9.1109
   0.402  1009.800 1050.500   10000  10098  10505  9.1109
   0.412  1030.600 1049.500   10000  10306  10495  9.1109
   0.422  1031.200 1048.200   10000  10312  10482  9.1109
   0.432  1049.200 1049.500   10000  10492  10495  9.1109
   0.443  1044.500 1048.700   10000  10445  10487  9.1109
   0.453  1023.800 1046.300   10000  10238  10463  9.1109
   0.463   997.300 1048.100   10000   9973  10481  9.1109
   0.474  1025.700 1040.700   10000  10257  10407  9.1109
   0.485  1058.700 1046.300   10000  10587  10463  9.1109
   0.495  1040.200 1047.700   10000  10402  10477  9.1109
   0.505  1042.000 1048.500   10000  10420  10485  9.1109
   0.515  1018.300 1047.400   10000  10183  10474  9.1109
   0.525  1038.000 1051.700   10000  10380  10517  9.1109
   0.535  1000.700 1049.500   10000  10007  10495  9.1109
   0.546  1039.800 1049.300   10000  10398  10493  9.1109
   0.557  1050.200 1045.500   10000  10502  10455  9.1109
   0.567  1004.300 1048.300   10000  10043  10483  9.1109
   0.577  1007.800 1050.000   10000  10078  10500  9.1109
   0.587  1007.000 1046.500   10000  10070  10465  9.1109
   0.598  1044.500 1051.200   10000  10445  10512  9.1109
   0.608  1039.400 1045.400   10000  10394  10454  9.1109
   0.618  1011.700 1049.500   10000  10117  10495  9.1109
   0.628  1042.300 1049.600   10000  10423  10496  9.1109
   0.638  1014.500 1051.100   10000  10145  10511  9.1109
   0.650  1006.700 1049.500   10000  10067  10495  9.1109
   0.660  1061.700 1050.000   10000  10617  10500  9.1109
   0.670  1077.700 1049.500   10000  10777  10495  9.1109
   0.680  1026.900 1048.900   10000  10269  10489  9.1109
   0.690  1055.700 1049.800   10000  10557  10498  9.1109
   0.701  1033.100 1048.900   10000  10331  10489  9.1109
   0.711  1024.600 1049.000   10000  10246  10490  9.1109
   0.721   995.000 1048.000   10000   9950  10480  9.1109
   0.731   991.100 1047.700   10000   9911  10477  9.1109
   0.742  1033.500 1050.300   10000  10335  10503  9.1109
   0.753   995.000 1049.000   10000   9950  10490  9.1109
   0.763  1067.200 1047.900   10000  10672  10479  9.1109
   0.773  1027.700 1046.500   10000  10277  10465  9.1109
   0.783  1006.700 1051.600   10000  10067  10516  9.1109
   0.793  1015.900 1046.900   10000  10159  10469  9.1109
   0.803  1021.400 1050.600   10000  10214  10506  9.1109
   0.814  1008.400 1050.700   10000  10084  10507  9.1109
   0.824  1019.500 1051.500   10000  10195  10515  9.1109
   0.835  1064.600 1051.000   10000  10646  10510  9.1109
   0.845  1014.200 1050.600   10000  10142  10506  9.1109
   0.856  1045.200 1052.100   10000  10452  10521  9.1109
   0.866   999.700 1044.500   10000   9997  10445  9.1109
   0.876  1033.300 1048.400   10000  10333  10484  9.1109
   0.886  1010.100 1049.000   10000  10101  10490  9.1109
   0.896  1023.000 1054.500   10000  10230  10545  9.1109
   0.906   995.700 1047.500   10000   9957  10475  9.1109
   0.917   997.300 1049.000   10000   9973  10490  9.1109
   0.928  1082.400 1045.400   10000  10824  10454  9.1109
   0.938  1033.600 1047.900   10000  10336  10479  9.1109
   0.948  1048.400 1045.500   10000  10484  10455  9.1109
   0.959   996.800 1047.300   10000   9968  10473  9.1109
   0.969  1030.300 1044.200   10000  10303  10442  9.1109
   0.979  1036.300 1046.400   10000  10363  10464  9.1109
   0.989  1087.500 1050.700   10000  10875  10507  9.1109
   0.999  1073.800 1050.500   10000  10738  10505  9.1109
   1.009  1010.700 1046.200   10000  10107  10462  9.1109
   1.021  1035.300 1048.700   10000  10353  10487  9.1109
   1.031  1059.300 1047.100   10000  10593  10471  9.1109
   1.041  1075.800 1047.600   10000  10758  10476  9.1109
   1.051  1025.900 1051.400   10000  10259  10514  9.1109
   1.062  1052.200 1048.800   10000  10522  10488  9.1109
   1.072  1017.900 1045.300   10000  10179  10453  9.1109
   1.082  1049.700 1050.900   10000  10497  10509  9.1109
   1.092  1002.500 1053.000   10000  10025  10530  9.1109
   1.103  1058.900 1051.600   10000  10589  10516  9.1109
   1.114  1050.700 1044.000   10000  10507  10440  9.1109
   1.124  1005.800 1050.000   10000  10058  10500  9.1109
   1.134   993.500 1051.400   10000   9935  10514  9.1109
   1.144  1021.000 1049.300   10000  10210  10493  9.1109
   1.154  1088.300 1053.700   10000  10883  10537  9.1109
   1.165  1004.300 1050.700   10000  10043  10507  9.1109
   1.175   993.400 1044.000   10000   9934  10440  9.1109
   1.185   991.400 1053.300   10000   9914  10533  9.1109
   1.196  1007.500 1051.800   10000  10075  10518  9.1109
   1.206  1051.200 1049.100   10000  10512  10491  9.1109
   1.217  1028.700 1046.700   10000  10287  10467  9.1109
   1.227   992.400 1043.400   10000   9924  10434  9.1109
   1.237  1012.400 1048.300   10000  10124  10483  9.1109
   1.247  1039.200 1048.000   10000  10392  10480  9.1109
   1.257  1024.900 1047.900   10000  10249  10479  9.1109
   1.268   997.100 1046.400   10000   9971  10464  9.1109
   1.278  1007.300 1044.400   10000  10073  10444  9.1109
   1.289  1023.500 1046.200   10000  10235  10462  9.1109
   1.299  1007.700 1050.600   10000  10077  10506  9.1109
   1.310  1015.800 1046.100   10000  10158  10461  9.1109
   1.320  1010.000 1049.300   10000  10100  10493  9.1109
   1.330  1025.100 1046.700   10000  10251  10467  9.1109
   1.340   994.400 1041.700   10000   9944  10417  9.1109
   1.350   989.300 1048.900   10000   9893  10489  9.1109
   1.360  1002.800 1046.900   10000  10028  10469  9.1109
   1.371  1012.000 1048.200   10000  10120  10482  9.1109
   1.382  1048.500 1050.100   10000  10485  10501  9.1109
   1.392  1052.400 1051.900   10000  10524  10519  9.1109
   1.402  1056.700 1048.500   10000  10567  10485  9.1109
   1.413  1050.000 1045.500   10000  10500  10455  9.1109
   1.423  1011.900 1049.300   10000  10119  10493  9.1109
   1.433  1054.500 1047.600   10000  10545  10476  9.1109
   1.443  1042.700 1049.200   10000  10427  10492  9.1109
   1.453  1039.900 1046.800   10000  10399  10468  9.1109
   1.463  1025.800 1050.200   10000  10258  10502  9.1109
   1.475  1015.900 1053.000   10000  10159  10530  9.1109
   1.485  1020.400 1042.900   10000  10204  10429  9.1109
   1.495  1017.300 1041.900   10000  10173  10419  9.1109
   1.505  1018.900 1049.800   10000  10189  10498  9.1109
   1.516  1038.700 1046.900   10000  10387  10469  9.1109
   1.526  1064.200 1050.500   10000  10642  10505  9.1109
   1.536   996.500 1053.400   10000   9965  10534  9.1109
   1.546   992.100 1046.500   10000   9921  10465  9.1109
   1.556  1005.200 1045.500   10000  10052  10455  9.1109
   1.568  1033.900 1054.000   10000  10339  10540  9.1109
   1.578  1013.300 1051.900   10000  10133  10519  9.1109
   1.588  1005.600 1049.000   10000  10056  10490  9.1109
   1.598  1022.900 1047.300   10000  10229  10473  9.1109
   1.608  1063.300 1050.000   10000  10633  10500  9.1109
   1.619  1027.400 1049.400   10000  10274  10494  9.1109
   1.629  1012.900 1048.500   10000  10129  10485  9.1109
   1.639  1004.200 1051.700   10000  10042  10517  9.1109
   1.650  1022.700 1042.800   10000  10227  10428  9.1109
   1.661  1027.400 1048.800   10000  10274  10488  9.1109
   1.671  1057.700 1044.700   10000  10577  10447  9.1109
   1.681  1043.300 1051.400   10000  10433  10514  9.1109
   1.691  1001.600 1046.900   10000  10016  10469  9.1109
   1.701  1028.700 1047.300   10000  10287  10473  9.1109
   1.711  1013.100 1044.600   10000  10131  10446  9.1109
   1.722  1066.400 1046.300   10000  10664  10463  9.1109
   1.732  1023.800 1048.200   10000  10238  10482  9.1109
   1.743  1024.600 1047.700   10000  10246  10477  9.1109
   1.753  1036.500 1047.400   10000  10365  10474  9.1109
   1.764   993.100 1049.200   10000   9931  10492  9.1109
   1.774  1011.500 1044.900   10000  10115  10449  9.1109
   1.784   999.200 1044.700   10000   9992  10447  9.1109
   1.794  1016.900 1048.600   10000  10169  10486  9.1109
   1.804  1083.000 1052.400   10000  10830  10524  9.1109
   1.814  1006.000 1052.400   10000  10060  10524  9.1109
   1.825  1083.300 1042.300   10000  10833  10423  9.1109
   1.836   997.200 1045.200   10000   9972  10452  9.1109
   1.846  1023.900 1048.600   10000  10239  10486  9.1109
   1.856  1006.000 1049.600   10000  10060  10496  9.1109
   1.866  1017.500 1050.200   10000  10175  10502  9.1109
   1.877   993.500 1049.800   10000   9935  10498  9.1109
   1.887  1002.400 1047.200   10000  10024  10472  9.1109
   1.897  1030.600 1050.500   10000  10306  10505  9.1109
   1.907  1004.900 1046.500   10000  10049  10465  9.1109
   1.917  1021.700 1048.400   10000  10217  10484  9.1109
   1.929  1021.300 1048.800   10000  10213  10488  9.1109
   1.939  1027.400 1052.000   10000  10274  10520  9.1109
   1.949  1044.300 1051.900   10000  10443  10519  9.1109
   1.959  1027.800 1047.700   10000  10278  10477  9.1109
   1.970  1004.900 1048.600   10000  10049  10486  9.1109
   1.980  1010.200 1049.200   10000  10102  10492  9.1109
   1.990  1060.500 1047.800   10000  10605  10478  9.1109
   2.000  1048.100 1045.400   10000  10481  10454  9.1109
   2.010  1080.100 1048.300   10000  10801  10483  9.1109
   2.022  1028.700 1042.800   10000  10287  10428  9.1109
   2.032  1008.500 1047.200   10000  10085  10472  9.1109
   2.042  1006.700 1049.100   10000  10067  10491  9.1109
   2.052  1011.900 1052.800   10000  10119  10528  9.1109
   2.062  1005.700 1045.500   10000  10057  10455  9.1109
   2.073  1002.600 1051.900   10000  10026  10519  9.1109
   2.083  1007.200 1051.100   10000  10072  10511  9.1109
   2.093  1015.900 1050.100   10000  10159  10501  9.1109
   2.103  1010.300 1050.200   10000  10103  10502  9.1109
   2.114  1024.300 1048.900   10000  10243  10489  9.1109
   2.125  1051.200 1053.600   10000  10512  10536  9.1109
   2.135  1000.100 1053.000   10000  10001  10530  9.1109
   2.145  1005.000 1052.300   10000  10050  10523  9.1109
   2.155  1018.500 1046.700   10000  10185  10467  9.1109
   2.165  1059.600 1048.300   10000  10596  10483  9.1109
   2.176  1074.700 1049.700   10000  10747  10497  9.1109
   2.186  1016.800 1044.800   10000  10168  10448  9.1109
   2.197   995.800 1048.500   10000   9958  10485  9.1109
   2.207  1023.100 1048.000   10000  10231  10480  9.1109
   2.218   998.100 1047.100   10000   9981  10471  9.0813
   2.228  1036.000 1048.800   10000  10360  10488  9.0813
   2.238  1021.600 1047.400   10000  10216  10474  9.0813
   2.248  1011.400 1044.400   10000  10114  10444  9.0813
   2.258  1008.000 1044.700   10000  10080  10447  9.0813
   2.268  1025.400 1052.400   10000  10254  10524  9.0813
   2.279  1015.000 1044.400   10000  10150  10444  9.0813
   2.290  1060.400 1039.800   10000  10604  10398  9.0813
   2.300  1033.100 1051.100   10000  10331  10511  9.0813
   2.310  1080.700 1052.500   10000  10807  10525  9.0813
   2.321  1034.800 1051.900   10000  10348  10519  9.0813
   2.331  1045.600 1049.100   10000  10456  10491  9.0813
   2.341  1082.600 1046.400   10000  10826  10464  9.0813
   2.351  1018.500 1050.900   10000  10185  10509  9.0813
   2.361   998.000 1042.400   10000   9980  10424  9.0813
   2.372  1035.200 1053.700   10000  10352  10537  9.0813
   2.383  1027.900 1051.600   10000  10279  10516  9.0813
   2.393  1043.500 1049.700   10000  10435  10497  9.0813
   2.403   988.300 1049.000   10000   9883  10490  9.0813
   2.414  1004.300 1050.000   10000  10043  10500  9.0813
   2.424  1007.400 1048.300   10000  10074  10483  9.0813
   2.434  1001.600 1048.200   10000  10016  10482  9.0813
   2.444  1040.800 1047.500   10000  10408  10475  9.0813
   2.454  1042.100 1045.700   10000  10421  10457  9.0813
   2.464  1011.700 1050.200   10000  10117  10502  9.0813
   2.476  1019.100 1043.900   10000  10191  10439  9.0813
   2.486  1038.400 1047.300   10000  10384  10473  9.0813
   2.496  1074.900 1049.500   10000  10749  10495  9.0813
   2.506  1023.500 1046.800   10000  10235  10468  9.0813
   2.517   994.700 1049.000   10000   9947  10490  9.0813
   2.527  1038.700 1047.300   10000  10387  10473  9.0813
   2.537  1033.000 1052.000   10000  10330  10520  9.0813
   2.547  1031.000 1045.900   10000  10310  10459  9.0813
   2.557  1043.800 1050.600   10000  10438  10506  9.0813
   2.569   994.400 1044.400   10000   9944  10444  9.0813
   2.579  1016.900 1053.800   10000  10169  10538  9.0813
   2.589  1060.500 1045.100   10000  10605  10451  9.0813
   2.599  1009.200 1044.900   10000  10092  10449  9.0813
   2.609  1067.200 1051.500   10000  10672  10515  9.0813
   2.620  1040.100 1048.600   10000  10401  10486  9.0813
   2.630  1035.100 1050.300   10000  10351  10503  9.0813
   2.640  1014.200 1049.700   10000  10142  10497  9.0813
   2.650  1026.200 1049.800   10000  10262  10498  9.0813
   2.662  1044.300 1046.400   10000  10443  10464  9.0813
   2.672  1010.000 1047.300   10000  10100  10473  9.0813
   2.682  1071.100 1049.700   10000  10711  10497  9.0813
   2.692  1053.300 1046.500   10000  10533  10465  9.0813
   2.702   994.600 1045.300   10000   9946  10453  9.0813
   2.712  1032.600 1049.200   10000  10326  10492  9.0813
   2.723  1061.600 1046.600   10000  10616  10466  9.0813
   2.733  1019.300 1048.400   10000  10193  10484  9.0813
   2.744  1013.200 1045.300   10000  10132  10453  9.0813
   2.754  1031.300 1052.400   10000  10313  10524  9.0813
   2.765  1039.300 1050.100   10000  10393  10501  9.0813
   2.775  1048.400 1052.400   10000  10484  10524  9.0813
   2.785   995.800 1043.200   10000   9958  10432  9.0813
   2.795  1056.800 1052.700   10000  10568  10527  9.0813
   2.805  1007.900 1051.100   10000  10079  10511  9.0813
   2.815   996.800 1044.800   10000   9968  10448  9.0813
   2.826  1067.900 1045.100   10000  10679  10451  9.0813
   2.837  1001.200 1053.600   10000  10012  10536  9.0813
   2.847  1012.700 1050.900   10000  10127  10509  9.0813
   2.857  1019.900 1049.300   10000  10199  10493  9.0813
   2.868  1041.400 1046.200   10000  10414  10462  9.0813
   2.878  1003.200 1047.500   10000  10032  10475  9.0813
   2.888  1018.000 1048.500   10000  10180  10485  9.0813
   2.898  1032.300 1046.500   10000  10323  10465  9.0813
   2.908  1064.600 1048.400   10000  10646  10484  9.0813
   2.918  1071.300 1048.100   10000  10713  10481  9.0813
   2.930  1007.000 1045.700   10000  10070  10457  9.0813
   2.940  1083.600 1046.800   10000  10836  10468  9.0813
   2.950  1031.400 1048.300   10000  10314  10483  9.0813
   2.961  1035.700 1050.000   10000  10357  10500  9.0813
   2.971  1099.900 1055.300   10000  10999  10553  9.0813
   2.981  1010.900 1050.200   10000  10109  10502  9.0813
   2.991  1039.400 1044.700   10000  10394  10447  9.0813
   3.001  1048.300 1053.400   10000  10483  10534  9.0813
   3.012  1012.500 1049.900   10000  10125  10499  9.0813
   3.023  1028.300 1050.800   10000  10283  10508  9.0813
   3.033  1006.000 1049.500   10000  10060  10495  9.0813
   3.043  1048.000 1047.000   10000  10480  10470  9.0813
   3.053   996.400 1052.200   10000   9964  10522  9.0813
   3.064  1014.900 1056.100   10000  10149  10561  9.0813
   3.074  1007.100 1049.700   10000  10071  10497  9.0813
   3.084  1062.400 1051.800   10000  10624  10518  9.0813
   3.094  1051.400 1048.400   10000  10514  10484  9.0813
   3.104  1028.400 1047.400   10000  10284  10474  9.0813
   3.116  1027.100 1050.300   10000  10271  10503  9.0813
   3.126  1032.200 1050.800   10000  10322  10508  9.0813
   3.136  1007.800 1045.500   10000  10078  10455  9.0813
   3.146  1028.800 1047.300   10000  10288  10473  9.0813
   3.157  1015.200 1053.400   10000  10152  10534  9.0813
   3.167  1025.600 1051.100   10000  10256  10511  9.0813
   3.177  1036.200 1049.900   10000  10362  10499  9.0813
   3.187  1035.700 1051.600   10000  10357  10516  9.0813
   3.198  1035.200 1044.100   10000  10352  10441  9.0813
   3.209   998.700 1048.700   10000   9987  10487  9.0813
   3.219  1010.300 1046.700   10000  10103  10467  9.0813
   3.229  1001.700 1046.100   10000  10017  10461  9.0813
   3.239  1011.900 1047.600   10000  10119  10476  9.0813
   3.249  1072.000 1047.900   10000  10720  10479  9.0813
   3.260   999.900 1051.000   10000   9999  10510  9.0813
   3.270  1040.700 1050.400   10000  10407  10504  9.0813
   3.280  1016.800 1049.500   10000  10168  10495  9.0813
   3.291  1019.400 1046.200   10000  10194  10462  9.0813
   3.301  1081.300 1048.800   10000  10813  10488  9.0813
   3.312  1034.600 1048.500   10000  10346  10485  9.0813
   3.322  1000.200 1053.600   10000  10002  10536  9.0813
   3.332  1042.700 1044.000   10000  10427  10440  9.0813
   3.342  1038.000 1049.700   10000  10380  10497  9.0813
   3.352   998.000 1050.300   10000   9980  10503  9.0813
   3.362  1050.300 1047.200   10000  10503  10472  9.0813
   3.373  1042.500 1035.300   10000  10425  10353  9.0813
   3.384  1044.300 1050.200   10000  10443  10502  9.0813
   3.394  1040.700 1051.900   10000  10407  10519  9.0813
   3.405  1001.700 1052.800   10000  10017  10528  9.0813
   3.415  1028.800 1044.200   10000  10288  10442  9.0813
   3.425  1022.500 1048.600   10000  10225  10486  9.0813
   3.435  1001.800 1047.300   10000  10018  10473  9.0813
   3.445   993.300 1052.600   10000   9933  10526  9.0813
   3.455  1035.700 1052.000   10000  10357  10520  9.0813
   3.466   992.300 1050.000   10000   9923  10500  9.0813
   3.477  1047.500 1048.700   10000  10475  10487  9.0813
   3.487  1048.000 1048.700   10000  10480  10487  9.0813
   3.497   988.000 1048.900   10000   9880  10489  9.0813
   3.508   992.700 1050.700   10000   9927  10507  9.0813
   3.518   995.900 1048.900   10000   9959  10489  9.0813
   3.528  1024.500 1055.500   10000  10245  10555  9.0813
   3.538  1015.400 1047.000   10000  10154  10470  9.0813
   3.548  1004.500 1050.700   10000  10045  10507  9.0813
   3.558  1051.800 1050.700   10000  10518  10507  9.0813
   3.570  1012.900 1048.500   10000  10129  10485  9.0813
   3.580  1044.000 1045.000   10000  10440  10450  9.0813
   3.590  1029.600 1046.300   10000  10296  10463  9.0813
   3.601  1032.200 1050.100   10000  10322  10501  9.0813
   3.611  1016.500 1047.500   10000  10165  10475  9.0813
   3.621  1026.700 1053.800   10000  10267  10538  9.0813
   3.631   999.000 1051.100   10000   9990  10511  9.0813
   3.641   998.900 1047.900   10000   9989  10479  9.0813
   3.651  1001.400 1049.100   10000  10014  10491  9.0813
   3.663  1029.500 1047.900   10000  10295  10479  9.0813
   3.673  1009.800 1051.400   10000  10098  10514  9.0813
   3.683  1001.900 1045.500   10000  10019  10455  9.0813
   3.693  1021.900 1051.700   10000  10219  10517  9.0813
   3.704  1049.400 1051.100   10000  10494  10511  9.0813
   3.714  1008.200 1045.600   10000  10082  10456  9.0813
   3.724  1060.700 1049.800   10000  10607  10498  9.0813
   3.734  1049.900 1048.500   10000  10499  10485  9.0813
   3.745  1030.100 1051.400   10000  10301  10514  9.0813
   3.756  1044.800 1045.900   10000  10448  10459  9.0813
   3.766  1029.400 1051.500   10000  10294  10515  9.0813
   3.776  1029.200 1048.100   10000  10292  10481  9.0813
   3.786  1003.300 1048.200   10000  10033  10482  9.0813
   3.796  1111.500 1052.200   10000  11115  10522  9.0813
   3.807  1076.700 1047.000   10000  10767  10470  9.0813
   3.817  1049.400 1047.000   10000  10494  10470  9.0813
   3.827  1040.600 1047.200   10000  10406  10472  9.0813
   3.838  1020.100 1046.900   10000  10201  10469  9.0813
   3.849   996.300 1048.100   10000   9963  10481  9.0813
   3.859  1012.000 1049.700   10000  10120  10497  9.0813
   3.869  1022.300 1048.100   10000  10223  10481  9.0813
   3.879  1007.500 1047.900   10000  10075  10479  9.0813
   3.889  1052.300 1050.900   10000  10523  10509  9.0813
   3.899  1011.800 1052.500   10000  10118  10525  9.0813
   3.910  1073.100 1047.900   10000  10731  10479  9.0813
   3.920  1013.500 1047.500   10000  10135  10475  9.0813
   3.931  1027.900 1049.100   10000  10279  10491  9.0813
   3.941  1020.700 1043.900   10000  10207  10439  9.0813
   3.952  1009.800 1053.700   10000  10098  10537  9.0813
   3.962   991.200 1049.300   10000   9912  10493  9.0813
   3.972  1020.800 1051.400   10000  10208  10514  9.0813
   3.982  1014.800 1050.300   10000  10148  10503  9.0813
   3.992  1047.100 1050.400   10000  10471  10504  9.0813
   4.002  1035.500 1048.400   10000  10355  10484  9.0813
   4.013  1056.500 1051.900   10000  10565  10519  9.0813
   4.024  1030.400 1048.400   10000  10304  10484  9.0813
   4.034  1049.300 1044.800   10000  10493  10448  9.0813
   4.044  1009.300 1049.800   10000  10093  10498  9.0813
   4.055  1039.100 1048.300   10000  10391  10483  9.0813
   4.065  1049.600 1051.300   10000  10496  10513  9.0813
   4.075  1059.800 1054.800   10000  10598  10548  9.0813
   4.085  1009.100 1044.200   10000  10091  10442  9.0813
   4.095  1025.600 1045.900   10000  10256  10459  9.0813
   4.105  1037.000 1045.700   10000  10370  10457  9.0813
   4.117   996.400 1043.200   10000   9964  10432  9.0813
   4.127  1019.500 1047.700   10000  10195  10477  9.0813
   4.137  1006.200 1048.400   10000  10062  10484  9.0813
   4.147  1049.500 1050.600   10000  10495  10506  9.0813
   4.158  1048.300 1050.700   10000  10483  10507  9.0813
   4.168  1048.000 1047.800   10000  10480  10478  9.0813
   4.178  1041.200 1052.300   10000  10412  10523  9.0813
   4.188  1040.000 1047.200   10000  10400  10472  9.0813
   4.198  1020.400 1052.600   10000  10204  10526  9.0813
   4.210  1037.200 1050.500   10000  10372  10505  9.0813
   4.220  1045.400 1050.100   10000  10454  10501  9.0813
   4.230  1009.200 1047.800   10000  10092  10478  9.0813
   4.240  1023.100 1047.400   10000  10231  10474  9.0813
   4.250  1021.100 1050.200   10000  10211  10502  9.0813
   4.261  1000.200 1047.700   10000  10002  10477  9.0813
   4.271  1020.500 1045.100   10000  10205  10451  9.0813
   4.281  1015.900 1046.100   10000  10159  10461  9.0813
   4.292  1040.300 1044.800   10000  10403  10448  9.0813
   4.303  1002.200 1047.100   10000  10022  10471  9.0813
   4.313  1040.100 1044.100   10000  10401  10441  9.0813
   4.323  1007.800 1044.600   10000  10078  10446  9.0813
   4.333  1029.100 1043.700   10000  10291  10437  9.0813
   4.343   998.900 1045.200   10000   9989  10452  9.0813
   4.353  1014.300 1046.400   10000  10143  10464  9.0813
   4.364  1048.200 1048.100   10000  10482  10481  9.0813
   4.374   996.700 1049.800   10000   9967  10498  9.0813
   4.385  1070.100 1046.600   10000  10701  10466  9.0813
   4.395  1013.000 1047.800   10000  10130  10478  9.0813
   4.405  1032.700 1051.000   10000  10327  10510  9.0813
   4.416  1012.100 1042.600   10000  10121  10426  9.0813
   4.426  1033.600 1049.000   10000  10336  10490  9.0813
   4.436  1056.800 1045.600   10000  10568  10456  9.0813
   4.446  1014.900 1047.900   10000  10149  10479  9.0813
   4.456  1023.500 1048.200   10000  10235  10482  9.0813
   4.467  1058.500 1055.300   10000  10585  10553  9.0813
   4.478  1019.100 1045.800   10000  10191  10458  9.0813
   4.488  1059.800 1047.000   10000  10598  10470  9.0813
   4.498   998.800 1041.900   10000   9988  10419  9.0813
   4.509   993.600 1040.500   10000   9936  10405  9.0813
   4.519  1069.100 1044.700   10000  10691  10447  9.0813
   4.529  1007.300 1051.900   10000  10073  10519  9.0813
   4.539  1067.600 1051.100   10000  10676  10511  9.0813
   4.549  1002.400 1042.500   10000  10024  10425  9.0813
   4.560  1038.400 1045.700   10000  10384  10457  9.0813
   4.571  1022.600 1052.600   10000  10226  10526  9.0813
   4.581  1025.600 1050.100   10000  10256  10501  9.0813
   4.591  1000.100 1039.500   10000  10001  10395  9.0813
   4.601  1027.500 1051.400   10000  10275  10514  9.0813
   4.612  1083.600 1045.100   10000  10836  10451  9.0813
   4.622  1075.800 1048.900   10000  10758  10489  9.0813
   4.632  1032.500 1048.900   10000  10325  10489  9.0813
   4.642  1035.500 1044.800   10000  10355  10448  9.0813
   4.652   992.800 1046.500   10000   9928  10465  9.0813
   4.664  1053.700 1049.900   10000  10537  10499  9.0813
   4.674  1012.500 1048.500   10000  10125  10485  9.0813
   4.684  1014.200 1050.300   10000  10142  10503  9.0813
   4.694  1006.300 1050.400   10000  10063  10504  9.0813
   4.704  1022.900 1046.600   10000  10229  10466  9.0813
   4.715  1058.900 1045.300   10000  10589  10453  9.0813
   4.725  1009.500 1043.900   10000  10095  10439  9.0813
   4.735  1033.700 1051.300   10000  10337  10513  9.0813
   4.745  1046.500 1041.600   10000  10465  10416  9.0813
   4.757  1019.800 1051.900   10000  10198  10519  9.0813
   4.767  1022.800 1053.500   10000  10228  10535  9.0813
   4.777  1025.800 1050.100   10000  10258  10501  9.0813
   4.787  1043.000 1043.000   10000  10430  10430  9.0813
   4.797  1084.100 1047.300   10000  10841  10473  9.0813
   4.807  1033.400 1051.200   10000  10334  10512  9.0813
   4.818   985.700 1052.000   10000   9857  10520  9.0813
   4.828   999.600 1049.300   10000   9996  10493  9.0813
   4.839  1070.900 1048.800   10000  10709  10488  9.0813
   4.849  1098.600 1047.000   10000  10986  10470  9.0813
   4.860  1001.100 1049.300   10000  10011  10493  9.0813
   4.870  1053.000 1049.300   10000  10530  10493  9.0813
   4.880  1024.400 1050.800   10000  10244  10508  9.0813
   4.890  1000.300 1048.900   10000  10003  10489  9.0813
   4.900  1014.400 1051.200   10000  10144  10512  9.0813
   4.910  1011.000 1056.100   10000  10110  10561  9.0813
   4.921  1033.300 1048.700   10000  10333  10487  9.0961
   4.932   997.300 1051.600   10000   9973  10516  9.0961
   4.942  1057.900 1047.100   10000  10579  10471  9.0961
   4.952   999.600 1049.800   10000   9996  10498  9.0961
   4.963  1051.000 1048.000   10000  10510  10480  9.0961
   4.973  1017.400 1047.600   10000  10174  10476  9.0961
   4.983  1012.700 1049.100   10000  10127  10491  9.0961
   4.993  1023.900 1053.300   10000  10239  10533  9.0961
   5.003   997.800 1052.400   10000   9978  10524  9.0961
   5.014  1022.900 1055.600   10000  10229  10556  9.0961
   5.025   996.600 1046.500   10000   9966  10465  9.0961
   5.035  1020.200 1050.800   10000  10202  10508  9.0961
   5.045  1037.300 1054.300   10000  10373  10543  9.0961
   5.055  1060.300 1047.300   10000  10603  10473  9.0961
   5.066  1011.300 1051.600   10000  10113  10516  9.0961
   5.076  1084.600 1050.700   10000  10846  10507  9.0961
   5.086   993.600 1047.800   10000   9936  10478  9.0961
   5.096   998.600 1049.200   10000   9986  10492  9.0961
   5.106  1042.700 1046.700   10000  10427  10467  9.0961
   5.118  1023.400 1046.500   10000  10234  10465  9.0961
   5.128  1025.800 1050.900   10000  10258  10509  9.0961
   5.138  1054.800 1048.800   10000  10548  10488  9.0961
   5.148  1059.600 1045.100   10000  10596  10451  9.0961
   5.158  1006.200 1047.700   10000  10062  10477  9.0961
