   0.010   400.300 1081.100   10000   4003  10811  8.6658
   0.020   400.800 1077.300   10000   4008  10773  8.6658
   0.031   400.600 1078.100   10000   4006  10781  8.6658
   0.041   400.500 1080.400   10000   4005  10804  8.6658
   0.051   400.900 1075.300   10000   4009  10753  8.6658
   0.061   400.600 1081.500   10000   4006  10815  8.6658
   0.071   401.000 1075.400   10000   4010  10754  8.6658
   0.082   400.700 1077.300   10000   4007  10773  8.6658
   0.092   400.600 1079.100   10000   4006  10791  8.6658
   0.103   400.500 1077.400   10000   4005  10774  8.6658
   0.114   400.500 1080.800   10000   4005  10808  8.6658
   0.124   400.900 1078.800   10000   4009  10788  8.6658
   0.134   400.600 1080.200   10000   4006  10802  8.6658
   0.144   400.500 1079.800   10000   4005  10798  8.6658
   0.154   400.800 1076.000   10000   4008  10760  8.6658
   0.164   401.000 1082.200   10000   4010  10822  8.6658
   0.175   400.300 1078.700   10000   4003  10787  8.6658
   0.185   400.200 1079.800   10000   4002  10798  8.6658
   0.196   401.200 1071.000   10000   4012  10710  8.6658
   0.206   401.400 1068.600   10000   4014  10686  8.6658
   0.217   401.000 1073.700   10000   4010  10737  8.6658
   0.227   400.900 1070.700   10000   4009  10707  8.6658
   0.237   401.700 1073.700   10000   4017  10737  8.6658
   0.247   401.000 1071.200   10000   4010  10712  8.6658
   0.257   401.300 1068.900   10000   4013  10689  8.6658
   0.268   400.900 1071.100   10000   4009  10711  8.6658
   0.278   400.800 1069.800   10000   4008  10698  8.6658
   0.289   401.900 1066.800   10000   4019  10668  8.6658
   0.299   401.800 1060.200   10000   4018  10602  8.6658
   0.310   401.600 1065.500   10000   4016  10655  8.6658
   0.320   401.900 1066.800   10000   4019  10668  8.6658
   0.330   401.600 1067.600   10000   4016  10676  8.6658
   0.340   400.900 1070.400   10000   4009  10704  8.6658
   0.350   401.800 1067.000   10000   4018  10670  8.6658
   0.360   401.600 1072.000   10000   4016  10720  8.6658
   0.371   401.200 1067.800   10000   4012  10678  8.6658
   0.382   400.800 1068.000   10000   4008  10680  8.6658
   0.392   401.400 1066.200   10000   4014  10662  8.6658
   0.402   401.800 1059.400   10000   4018  10594  8.6658
   0.413   402.400 1063.200   10000   4024  10632  8.6658
   0.423   401.800 1059.200   10000   4018  10592  8.6658
   0.433   401.400 1061.300   10000   4014  10613  8.6658
   0.443   401.200 1068.700   10000   4012  10687  8.6658
   0.453   401.600 1064.900   10000   4016  10649  8.6658
   0.463   401.500 1073.200   10000   4015  10732  8.6658
   0.475   400.500 1072.800   10000   4005  10728  8.6658
   0.485   401.500 1072.700   10000   4015  10727  8.6658
   0.495   400.600 1076.600   10000   4006  10766  8.6658
   0.505   401.100 1071.900   10000   4011  10719  8.6658
   0.516   400.900 1075.400   10000   4009  10754  8.6658
   0.526   400.900 1073.000   10000   4009  10730  8.6658
   0.536   400.900 1073.500   10000   4009  10735  8.6658
   0.546   400.600 1077.100   10000   4006  10771  8.6658
   0.558   400.900 1072.600   10000   4009  10726  8.6658
   0.568   401.000 1074.400   10000   4010  10744  8.6658
   0.578   400.800 1076.400   10000   4008  10764  8.6658
   0.588   400.700 1074.500   10000   4007  10745  8.6658
   0.598   400.700 1079.400   10000   4007  10794  8.6658
   0.608   401.100 1075.900   10000   4011  10759  8.6658
   0.619   401.300 1077.600   10000   4013  10776  8.6658
   0.629   400.500 1076.300   10000   4005  10763  8.6658
   0.639   401.400 1076.100   10000   4014  10761  8.6658
   0.651   401.100 1080.100   10000   4011  10801  8.6658
   0.661   400.800 1073.300   10000   4008  10733  8.6658
   0.671   401.200 1078.600   10000   4012  10786  8.6658
   0.681   400.800 1076.600   10000   4008  10766  8.6658
   0.691   400.900 1073.900   10000   4009  10739  8.6658
   0.701   401.300 1077.000   10000   4013  10770  8.6658
   0.712   401.200 1073.400   10000   4012  10734  8.6658
   0.722   401.200 1079.400   10000   4012  10794  8.6658
   0.732   401.200 1076.700   10000   4012  10767  8.6658
   0.743   400.600 1077.100   10000   4006  10771  8.6658
   0.753   400.900 1078.500   10000   4009  10785  8.6658
   0.764   401.200 1075.200   10000   4012  10752  8.6658
   0.774   401.200 1077.900   10000   4012  10779  8.6658
   0.784   400.900 1075.200   10000   4009  10752  8.6658
   0.794   401.000 1076.200   10000   4010  10762  8.6658
   0.804   400.600 1076.800   10000   4006  10768  8.6658
   0.815   401.400 1073.300   10000   4014  10733  8.6658
   0.825   400.700 1077.900   10000   4007  10779  8.6658
   0.836   401.100 1073.900   10000   4011  10739  8.6658
   0.846   401.100 1076.400   10000   4011  10764  8.6658
   0.857   400.600 1075.700   10000   4006  10757  8.6658
   0.867   400.900 1076.600   10000   4009  10766  8.6658
   0.877   400.600 1078.200   10000   4006  10782  8.6658
   0.887   401.000 1074.100   10000   4010  10741  8.6658
   0.897   401.000 1080.100   10000   4010  10801  8.6658
   0.907   400.300 1076.200   10000   4003  10762  8.6658
   0.918   400.700 1078.400   10000   4007  10784  8.6658
   0.929   400.500 1079.000   10000   4005  10790  8.6658
   0.939   400.500 1075.900   10000   4005  10759  8.6658
   0.949   401.200 1079.800   10000   4012  10798  8.6658
   0.960   400.200 1076.700   10000   4002  10767  8.6658
   0.970   401.500 1076.600   10000   4015  10766  8.6658
   0.980   400.500 1076.900   10000   4005  10769  8.6658
   0.990   401.000 1074.200   10000   4010  10742  8.6658
   1.000   400.600 1079.800   10000   4006  10798  8.6658
   1.010   400.500 1074.900   10000   4005  10749  8.6658
   1.022   400.500 1076.700   10000   4005  10767  8.6658
   1.032   401.000 1076.100   10000   4010  10761  8.6658
   1.042   401.200 1075.700   10000   4012  10757  8.6658
   1.052   401.100 1078.700   10000   4011  10787  8.6658
   1.063   400.600 1073.700   10000   4006  10737  8.6658
   1.073   400.700 1077.900   10000   4007  10779  8.6658
   1.083   400.600 1075.800   10000   4006  10758  8.6658
   1.093   400.700 1077.500   10000   4007  10775  8.6658
   1.105   400.700 1080.800   10000   4007  10808  8.6658
   1.115   401.000 1075.000   10000   4010  10750  8.6658
   1.125   401.100 1080.000   10000   4011  10800  8.6658
   1.135   401.100 1076.500   10000   4011  10765  8.6658
   1.145   400.900 1076.800   10000   4009  10768  8.6658
   1.155   400.600 1083.100   10000   4006  10831  8.6658
   1.166   400.700 1076.700   10000   4007  10767  8.6658
   1.176   401.000 1079.900   10000   4010  10799  8.6658
   1.186   401.100 1077.000   10000   4011  10770  8.6658
   1.198   401.100 1075.000   10000   4011  10750  8.6658
   1.208   400.500 1079.200   10000   4005  10792  8.6658
   1.218   401.100 1077.100   10000   4011  10771  8.6658
   1.228   400.600 1082.800   10000   4006  10828  8.6658
   1.238   400.900 1078.900   10000   4009  10789  8.6658
   1.249   400.800 1077.300   10000   4008  10773  8.6658
   1.259   400.500 1080.200   10000   4005  10802  8.6658
   1.269   400.700 1078.400   10000   4007  10784  8.6658
   1.279   400.100 1084.300   10000   4001  10843  8.6658
   1.291   400.800 1080.300   10000   4008  10803  8.6658
   1.301   400.700 1079.200   10000   4007  10792  8.6658
   1.311   400.000 1081.700   10000   4000  10817  8.6658
   1.321   400.900 1078.000   10000   4009  10780  8.6658
   1.331   400.200 1080.100   10000   4002  10801  8.6658
   1.341   400.800 1079.900   10000   4008  10799  8.6658
   1.352   400.900 1079.200   10000   4009  10792  8.6658
   1.362   400.600 1078.900   10000   4006  10789  8.6658
   1.372   400.900 1077.500   10000   4009  10775  8.6658
   1.383   400.700 1080.000   10000   4007  10800  8.6658
   1.394   400.400 1080.100   10000   4004  10801  8.6658
   1.404   401.000 1077.100   10000   4010  10771  8.6658
   1.414   400.900 1078.500   10000   4009  10785  8.6658
   1.424   400.600 1076.200   10000   4006  10762  8.6658
   1.434   400.800 1077.200   10000   4008  10772  8.6658
   1.445   400.500 1077.600   10000   4005  10776  8.6658
   1.455   400.500 1079.400   10000   4005  10794  8.6658
   1.465   400.400 1078.500   10000   4004  10785  8.6658
   1.476   400.900 1078.100   10000   4009  10781  8.6658
   1.487   401.000 1078.600   10000   4010  10786  8.6658
   1.497   400.500 1077.100   10000   4005  10771  8.6658
   1.507   401.100 1078.100   10000   4011  10781  8.6658
   1.517   400.700 1079.600   10000   4007  10796  8.6658
   1.527   400.700 1079.700   10000   4007  10797  8.6658
   1.537   400.900 1077.400   10000   4009  10774  8.6658
   1.548   401.600 1068.600   10000   4016  10686  8.6658
   1.558   401.400 1071.900   10000   4014  10719  8.6658
   1.569   400.800 1071.400   10000   4008  10714  8.6658
   1.580   401.700 1069.800   10000   4017  10698  8.6658
   1.590   401.500 1073.400   10000   4015  10734  8.6658
   1.600   401.400 1071.200   10000   4014  10712  8.6658
   1.610   401.300 1073.500   10000   4013  10735  8.6658
   1.620   401.000 1070.000   10000   4010  10700  8.6658
   1.630   401.400 1071.100   10000   4014  10711  8.6658
   1.641   401.800 1067.300   10000   4018  10673  8.6658
   1.652   402.400 1061.200   10000   4024  10612  8.6658
   1.662   401.800 1067.700   10000   4018  10677  8.6658
   1.672   401.800 1066.200   10000   4018  10662  8.6658
   1.683   401.600 1066.900   10000   4016  10669  8.6658
   1.693   400.800 1069.700   10000   4008  10697  8.6658
   1.703   401.700 1066.100   10000   4017  10661  8.6658
   1.713   401.200 1073.000   10000   4012  10730  8.6658
   1.723   400.800 1068.000   10000   4008  10680  8.6658
   1.734   401.600 1070.700   10000   4016  10707  8.6658
   1.745   401.400 1064.500   10000   4014  10645  8.6658
   1.755   401.800 1058.200   10000   4018  10582  8.6658
   1.765   401.800 1060.400   10000   4018  10604  8.6658
   1.776   402.100 1059.300   10000   4021  10593  8.6658
   1.786   401.700 1064.600   10000   4017  10646  8.6658
   1.796   401.200 1067.000   10000   4012  10670  8.6658
   1.806   401.800 1064.600   10000   4018  10646  8.6658
   1.816   400.700 1069.600   10000   4007  10696  8.6658
   1.826   400.900 1068.600   10000   4009  10686  8.6658
   1.838   400.900 1071.900   10000   4009  10719  8.6658
   1.848   401.000 1072.400   10000   4010  10724  8.6658
   1.858   400.700 1071.900   10000   4007  10719  8.6658
   1.869   400.900 1076.000   10000   4009  10760  8.6658
   1.879   401.000 1071.600   10000   4010  10716  8.6658
   1.889   400.900 1075.500   10000   4009  10755  8.6658
   1.899   400.600 1075.400   10000   4006  10754  8.6658
   1.909   400.900 1074.800   10000   4009  10748  8.6658
   1.919   400.800 1075.900   10000   4008  10759  8.6658
   1.931   401.100 1073.300   10000   4011  10733  8.6658
   1.941   400.600 1074.800   10000   4006  10748  8.6658
   1.951   400.800 1074.200   10000   4008  10742  8.6658
   1.962   400.800 1074.900   10000   4008  10749  8.6658
   1.972   401.500 1075.300   10000   4015  10753  8.6658
   1.982   400.900 1074.200   10000   4009  10742  8.6658
   1.992   400.600 1075.600   10000   4006  10756  8.6658
   2.002   401.000 1073.600   10000   4010  10736  8.6658
   2.012   400.800 1076.000   10000   4008  10760  8.6658
   2.024   400.900 1074.200   10000   4009  10742  8.6658
   2.034   401.200 1073.200   10000   4012  10732  8.6658
   2.044   400.900 1075.800   10000   4009  10758  8.6658
   2.054   401.600 1075.200   10000   4016  10752  8.6658
   2.065   401.300 1076.000   10000   4013  10760  8.6658
   2.075   400.700 1076.400   10000   4007  10764  8.6658
   2.085   401.500 1075.600   10000   4015  10756  8.6658
   2.095   400.500 1076.600   10000   4005  10766  8.6658
   2.105   400.800 1074.800   10000   4008  10748  8.6658
   2.117   400.700 1077.600   10000   4007  10776  8.6658
   2.127   400.700 1073.700   10000   4007  10737  8.6658
   2.137   400.600 1074.400   10000   4006  10744  8.6658
   2.147   400.900 1075.700   10000   4009  10757  8.6658
   2.157   401.200 1073.400   10000   4012  10734  8.6658
   2.168   400.900 1076.800   10000   4009  10768  8.6658
   2.178   400.600 1075.100   10000   4006  10751  8.6658
   2.188   400.800 1076.900   10000   4008  10769  8.6658
   2.199   400.500 1077.200   10000   4005  10772  8.6658
   2.210   400.300 1074.800   10000   4003  10748  8.6658
   2.220   401.000 1077.100   10000   4010  10771  8.6658
   2.230   400.600 1074.000   10000   4006  10740  8.6658
   2.240   400.600 1076.700   10000   4006  10767  8.6658
   2.250   400.700 1078.100   10000   4007  10781  8.6658
   2.261   401.000 1076.100   10000   4010  10761  8.6658
   2.271   400.500 1078.300   10000   4005  10783  8.6658
   2.281   400.400 1075.900   10000   4004  10759  8.6658
   2.292   400.600 1077.000   10000   4006  10770  8.6658
   2.303   400.900 1078.600   10000   4009  10786  8.6658
   2.313   400.300 1074.700   10000   4003  10747  8.6658
   2.323   400.700 1077.100   10000   4007  10771  8.6658
   2.333   401.000 1076.100   10000   4010  10761  8.6658
   2.343   400.800 1075.600   10000   4008  10756  8.6658
   2.354   400.900 1075.800   10000   4009  10758  8.6658
   2.364   400.500 1074.500   10000   4005  10745  8.6658
   2.374   401.300 1077.800   10000   4013  10778  8.6658
   2.385   400.600 1075.600   10000   4006  10756  8.6658
   2.396   400.600 1076.000   10000   4006  10760  8.6658
   2.406   400.500 1078.500   10000   4005  10785  8.6658
   2.416   401.200 1074.400   10000   4012  10744  8.6658
   2.426   401.100 1077.800   10000   4011  10778  8.6658
   2.436   400.700 1076.600   10000   4007  10766  8.6658
   2.446   401.200 1076.200   10000   4012  10762  8.6658
   2.457   400.200 1079.600   10000   4002  10796  8.6658
   2.467   401.500 1076.000   10000   4015  10760  8.6658
   2.478   400.200 1078.200   10000   4002  10782  8.6658
   2.488   400.800 1076.400   10000   4008  10764  8.6658
   2.499   401.000 1076.500   10000   4010  10765  8.6658
   2.509   400.200 1080.500   10000   4002  10805  8.6658
   2.519   401.200 1077.500   10000   4012  10775  8.6658
   2.529   400.300 1078.700   10000   4003  10787  8.6658
   2.539   401.200 1076.500   10000   4012  10765  8.6658
   2.550   401.100 1078.300   10000   4011  10783  8.6658
   2.560   400.000 1079.300   10000   4000  10793  8.6658
   2.571   400.400 1079.300   10000   4004  10793  8.6658
   2.581   400.400 1077.500   10000   4004  10775  8.6658
   2.592   400.600 1078.200   10000   4006  10782  8.6658
   2.602   401.000 1078.500   10000   4010  10785  8.6658
   2.612   400.300 1077.900   10000   4003  10779  8.6658
   2.622   400.800 1081.700   10000   4008  10817  8.6658
   2.632   400.500 1081.800   10000   4005  10818  8.6658
   2.643   400.300 1079.200   10000   4003  10792  8.6658
   2.653   401.000 1079.700   10000   4010  10797  8.6658
   2.664   400.900 1079.600   10000   4009  10796  8.6658
   2.674   400.400 1079.100   10000   4004  10791  8.6658
   2.685   400.700 1077.400   10000   4007  10774  8.6658
   2.695   400.400 1076.900   10000   4004  10769  8.6658
   2.705   400.300 1078.300   10000   4003  10783  8.6658
   2.715   400.600 1074.100   10000   4006  10741  8.6658
   2.725   401.500 1076.900   10000   4015  10769  8.6658
   2.736   401.100 1077.000   10000   4011  10770  8.6658
   2.747   400.800 1076.900   10000   4008  10769  8.6658
   2.757   400.800 1081.600   10000   4008  10816  8.6658
   2.767   401.000 1075.500   10000   4010  10755  8.6658
   2.778   400.300 1077.400   10000   4003  10774  8.6658
   2.788   401.200 1075.100   10000   4012  10751  8.6658
   2.798   400.900 1078.900   10000   4009  10789  8.6658
   2.808   400.300 1081.200   10000   4003  10812  8.6658
   2.818   401.000 1076.100   10000   4010  10761  8.6658
   2.828   400.300 1079.500   10000   4003  10795  8.6658
   2.840   400.800 1075.900   10000   4008  10759  8.6658
   2.850   401.000 1073.900   10000   4010  10739  8.6658
   2.860   400.400 1079.200   10000   4004  10792  8.6658
   2.871   400.800 1077.900   10000   4008  10779  8.6658
   2.881   400.600 1080.900   10000   4006  10809  8.6658
   2.891   401.100 1072.900   10000   4011  10729  8.6658
   2.901   401.600 1068.900   10000   4016  10689  8.6658
   2.911   400.800 1072.300   10000   4008  10723  8.6658
   2.922   401.000 1068.100   10000   4010  10681  8.6658
   2.933   400.900 1071.400   10000   4009  10714  8.6658
   2.943   400.400 1070.700   10000   4004  10707  8.6658
   2.953   401.400 1069.600   10000   4014  10696  8.6658
   2.964   401.400 1072.700   10000   4014  10727  8.6658
   2.974   401.300 1070.000   10000   4013  10700  8.6658
   2.984   401.600 1071.500   10000   4016  10715  8.6658
   2.994   401.300 1063.900   10000   4013  10639  8.6658
   3.004   402.400 1064.900   10000   4024  10649  8.6658
   3.014   401.500 1067.500   10000   4015  10675  8.6658
   3.026   401.300 1068.500   10000   4013  10685  8.6658
   3.036   401.800 1068.200   10000   4018  10682  8.6658
   3.046   401.600 1069.900   10000   4016  10699  8.6658
   3.057   401.400 1069.000   10000   4014  10690  8.6658
   3.067   401.400 1069.600   10000   4014  10696  8.6658
   3.077   401.200 1070.700   10000   4012  10707  8.6658
   3.087   401.200 1068.300   10000   4012  10683  8.6658
   3.097   401.500 1061.600   10000   4015  10616  8.6658
   3.107   402.300 1059.700   10000   4023  10597  8.6658
   3.120   402.300 1058.600   10000   4023  10586  8.6658
   3.130   401.500 1059.600   10000   4015  10596  8.6658
   3.140   401.600 1064.100   10000   4016  10641  8.6658
   3.150   401.500 1066.500   10000   4015  10665  8.6658
   3.161   401.300 1068.100   10000   4013  10681  8.6658
   3.171   401.200 1071.600   10000   4012  10716  8.6658
   3.181   401.000 1071.200   10000   4010  10712  8.6658
   3.191   401.100 1073.400   10000   4011  10734  8.6658
   3.203   400.900 1074.000   10000   4009  10740  8.6658
   3.213   401.500 1073.000   10000   4015  10730  8.6658
   3.223   400.800 1073.700   10000   4008  10737  8.6658
   3.233   401.300 1074.800   10000   4013  10748  8.6658
   3.243   401.300 1075.200   10000   4013  10752  8.6658
   3.254   401.200 1073.400   10000   4012  10734  8.6658
   3.264   401.200 1075.900   10000   4012  10759  8.6658
   3.274   401.100 1075.200   10000   4011  10752  8.6658
   3.284   401.100 1075.700   10000   4011  10757  8.6658
   3.296   401.300 1074.900   10000   4013  10749  8.6658
   3.306   400.700 1074.400   10000   4007  10744  8.6658
   3.316   401.500 1076.100   10000   4015  10761  8.6658
   3.326   400.600 1076.000   10000   4006  10760  8.6658
   3.336   401.900 1075.300   10000   4019  10753  8.6658
   3.346   401.300 1076.900   10000   4013  10769  8.6658
   3.357   400.600 1073.900   10000   4006  10739  8.6658
   3.367   401.600 1075.400   10000   4016  10754  8.6658
   3.377   400.700 1074.500   10000   4007  10745  8.6658
   3.388   401.400 1074.600   10000   4014  10746  8.6658
   3.399   400.700 1077.800   10000   4007  10778  8.6658
   3.409   401.000 1074.300   10000   4010  10743  8.6658
   3.419   401.100 1077.100   10000   4011  10771  8.6658
   3.429   401.200 1074.600   10000   4012  10746  8.6658
   3.439   401.600 1077.000   10000   4016  10770  8.6658
   3.449   400.900 1078.300   10000   4009  10783  8.6658
   3.460   400.900 1073.100   10000   4009  10731  8.6658
   3.470   400.800 1079.000   10000   4008  10790  8.6658
   3.481   401.000 1073.700   10000   4010  10737  8.6658
   3.491   401.200 1076.200   10000   4012  10762  8.6658
   3.502   400.400 1076.800   10000   4004  10768  8.6658
   3.512   401.300 1073.300   10000   4013  10733  8.6658
   3.522   401.000 1080.000   10000   4010  10800  8.6658
   3.532   401.200 1073.400   10000   4012  10734  8.6658
   3.542   400.500 1076.700   10000   4005  10767  8.6658
   3.553   401.100 1078.600   10000   4011  10786  8.6658
   3.563   401.400 1075.600   10000   4014  10756  8.6658
   3.574   400.900 1079.400   10000   4009  10794  8.6658
   3.584   401.200 1075.800   10000   4012  10758  8.6658
   3.595   402.400 1078.000   10000   4024  10780  8.6658
   3.605   401.000 1076.800   10000   4010  10768  8.6658
   3.615   401.300 1075.600   10000   4013  10756  8.6658
   3.625   401.100 1079.800   10000   4011  10798  8.6658
   3.635   401.400 1074.000   10000   4014  10740  8.6658
   3.645   401.000 1076.900   10000   4010  10769  8.6658
   3.656   400.800 1077.000   10000   4008  10770  8.6658
   3.667   401.500 1074.000   10000   4015  10740  8.6658
   3.677   400.800 1078.200   10000   4008  10782  8.6658
   3.687   401.400 1076.000   10000   4014  10760  8.6658
   3.698   401.300 1076.200   10000   4013  10762  8.6658
   3.708   400.900 1075.800   10000   4009  10758  8.6658
   3.718   401.400 1074.100   10000   4014  10741  8.6658
   3.728   401.200 1075.000   10000   4012  10750  8.6658
   3.738   400.900 1076.100   10000   4009  10761  8.6658
   3.750   401.600 1076.100   10000   4016  10761  8.6658
   3.760   400.900 1075.900   10000   4009  10759  8.6658
   3.770   401.200 1076.200   10000   4012  10762  8.6658
   3.780   401.000 1077.000   10000   4010  10770  8.6658
   3.791   400.900 1077.100   10000   4009  10771  8.6658
   3.801   401.300 1077.700   10000   4013  10777  8.6658
   3.811   400.900 1078.900   10000   4009  10789  8.6658
   3.821   401.500 1079.100   10000   4015  10791  8.6658
   3.831   400.900 1076.600   10000   4009  10766  8.6658
   3.843   401.000 1076.900   10000   4010  10769  8.6658
   3.853   400.900 1077.400   10000   4009  10774  8.6658
   3.863   400.500 1077.300   10000   4005  10773  8.6658
   3.873   401.000 1079.800   10000   4010  10798  8.6658
   3.884   400.800 1077.000   10000   4008  10770  8.6658
   3.894   400.600 1078.100   10000   4006  10781  8.6658
   3.904   401.000 1079.200   10000   4010  10792  8.6658
   3.914   400.600 1078.900   10000   4006  10789  8.6658
   3.924   400.500 1079.200   10000   4005  10792  8.6658
   3.936   400.800 1078.600   10000   4008  10786  8.6658
   3.946   401.200 1078.500   10000   4012  10785  8.6658
   3.956   400.900 1081.100   10000   4009  10811  8.6658
   3.966   400.500 1078.400   10000   4005  10784  8.6658
   3.977   400.700 1085.100   10000   4007  10851  8.6658
   3.987   400.700 1082.200   10000   4007  10822  8.6658
   3.997   400.900 1080.500   10000   4009  10805  8.6658
   4.007   401.200 1082.500   10000   4012  10825  8.6658
   4.017   401.000 1078.700   10000   4010  10787  8.6658
   4.029   400.900 1077.800   10000   4009  10778  8.6658
   4.039   401.000 1078.900   10000   4010  10789  8.6658
   4.049   400.700 1075.800   10000   4007  10758  8.6658
   4.059   400.500 1077.300   10000   4005  10773  8.6658
   4.069   401.500 1074.300   10000   4015  10743  8.6658
   4.080   400.600 1078.700   10000   4006  10787  8.6658
   4.090   400.600 1078.600   10000   4006  10786  8.6658
   4.100   400.800 1077.900   10000   4008  10779  8.6658
   4.110   400.900 1080.600   10000   4009  10806  8.6658
   4.122   400.900 1077.400   10000   4009  10774  8.6658
   4.132   401.000 1079.800   10000   4010  10798  8.6658
   4.142   400.600 1080.400   10000   4006  10804  8.6658
   4.152   400.500 1079.100   10000   4005  10791  8.6658
   4.162   400.900 1080.400   10000   4009  10804  8.6658
   4.173   401.200 1077.300   10000   4012  10773  8.6658
   4.183   400.700 1080.900   10000   4007  10809  8.6658
   4.193   400.900 1079.300   10000   4009  10793  8.6658
   4.203   401.000 1078.000   10000   4010  10780  8.6658
   4.215   401.100 1083.400   10000   4011  10834  8.6658
   4.225   400.500 1081.500   10000   4005  10815  8.6658
   4.235   401.200 1079.300   10000   4012  10793  8.6658
   4.245   400.700 1075.200   10000   4007  10752  8.6658
   4.255   401.300 1070.200   10000   4013  10702  8.6658
   4.266   401.100 1074.800   10000   4011  10748  8.6658
   4.276   401.000 1072.200   10000   4010  10722  8.6658
   4.286   401.500 1074.600   10000   4015  10746  8.6658
   4.297   400.800 1072.800   10000   4008  10728  8.6658
   4.308   401.600 1070.400   10000   4016  10704  8.6658
   4.318   401.500 1072.800   10000   4015  10728  8.6658
   4.328   401.300 1071.300   10000   4013  10713  8.6658
   4.338   401.900 1069.700   10000   4019  10697  8.6658
   4.348   402.000 1064.700   10000   4020  10647  8.6658
   4.359   401.800 1064.100   10000   4018  10641  8.6658
   4.369   401.600 1069.100   10000   4016  10691  8.6658
   4.379   401.300 1066.400   10000   4013  10664  8.6658
   4.390   401.400 1071.100   10000   4014  10711  8.6658
   4.401   401.300 1067.300   10000   4013  10673  8.6658
   4.411   401.100 1068.200   10000   4011  10682  8.6658
   4.421   401.200 1070.200   10000   4012  10702  8.6658
   4.431   401.200 1069.400   10000   4012  10694  8.6658
   4.441   401.900 1065.000   10000   4019  10650  8.6658
   4.451   402.500 1062.400   10000   4025  10624  8.6658
   4.462   402.600 1061.000   10000   4026  10610  8.6658
   4.472   402.100 1061.300   10000   4021  10613  8.6658
   4.483   402.000 1063.700   10000   4020  10637  8.6658
   4.493   401.400 1066.400   10000   4014  10664  8.6658
   4.504   401.200 1065.300   10000   4012  10653  8.6658
   4.514   401.600 1071.000   10000   4016  10710  8.6658
   4.524   401.000 1068.300   10000   4010  10683  8.6658
   4.534   401.300 1070.700   10000   4013  10707  8.6658
   4.544   401.700 1073.700   10000   4017  10737  8.6658
   4.555   401.300 1072.100   10000   4013  10721  8.6658
   4.565   401.500 1074.400   10000   4015  10744  8.6658
   4.576   401.200 1075.700   10000   4012  10757  8.6658
   4.586   401.400 1076.300   10000   4014  10763  8.6658
   4.597   401.200 1076.000   10000   4012  10760  8.6658
   4.607   400.600 1075.900   10000   4006  10759  8.6658
   4.617   401.400 1078.400   10000   4014  10784  8.6658
   4.627   400.500 1075.500   10000   4005  10755  8.6658
   4.637   400.900 1077.000   10000   4009  10770  8.6658
   4.647   401.300 1076.500   10000   4013  10765  8.6658
   4.658   401.100 1076.400   10000   4011  10764  8.6658
   4.669   401.400 1078.000   10000   4014  10780  8.6658
   4.679   401.100 1076.400   10000   4011  10764  8.6658
   4.689   400.800 1076.900   10000   4008  10769  8.6658
   4.700   400.900 1078.300   10000   4009  10783  8.6658
   4.710   400.500 1077.200   10000   4005  10772  8.6658
   4.720   401.700 1078.100   10000   4017  10781  8.6658
   4.730   400.900 1077.400   10000   4009  10774  8.6658
   4.740   401.200 1078.800   10000   4012  10788  8.6658
   4.751   401.200 1078.600   10000   4012  10786  8.6658
   4.762   401.200 1074.900   10000   4012  10749  8.6658
   4.772   400.900 1077.800   10000   4009  10778  8.6658
   4.782   401.000 1077.100   10000   4010  10771  8.6658
   4.793   401.100 1077.600   10000   4011  10776  8.6658
   4.803   400.800 1078.700   10000   4008  10787  8.6658
   4.813   400.900 1075.900   10000   4009  10759  8.6658
   4.823   400.800 1078.900   10000   4008  10789  8.6658
   4.833   400.500 1077.200   10000   4005  10772  8.6658
   4.845   400.800 1076.600   10000   4008  10766  8.6658
   4.855   401.400 1079.000   10000   4014  10790  8.6658
   4.865   401.000 1076.200   10000   4010  10762  8.6658
   4.875   401.500 1079.100   10000   4015  10791  8.6658
   4.885   400.700 1075.800   10000   4007  10758  8.6658
   4.896   400.900 1077.500   10000   4009  10775  8.6658
   4.906   401.100 1080.600   10000   4011  10806  8.6658
   4.916   401.100 1074.200   10000   4011  10742  8.6658
   4.926   401.200 1080.200   10000   4012  10802  8.6658
   4.938   400.900 1077.900   10000   4009  10779  8.6658
   4.948   401.100 1075.900   10000   4011  10759  8.6658
   4.958   400.500 1077.800   10000   4005  10778  8.6658
   4.968   401.600 1075.200   10000   4016  10752  8.6658
   4.978   401.600 1077.600   10000   4016  10776  8.6658
   4.989   401.300 1076.600   10000   4013  10766  8.6658
   4.999   401.600 1076.600   10000   4016  10766  8.6658
   5.009   400.700 1078.100   10000   4007  10781  8.6658
   5.019   401.800 1075.700   10000   4018  10757  8.6658
   5.031   401.700 1079.000   10000   4017  10790  8.6658
   5.041   400.900 1078.300   10000   4009  10783  8.6658
   5.051   401.700 1076.000   10000   4017  10760  8.6658
   5.061   401.200 1077.400   10000   4012  10774  8.6658
   5.071   401.000 1076.500   10000   4010  10765  8.6658
   5.081   401.200 1078.100   10000   4012  10781  8.6658
   5.092   401.500 1077.000   10000   4015  10770  8.6658
   5.102   401.300 1078.700   10000   4013  10787  8.6658
   5.112   400.900 1077.500   10000   4009  10775  8.6658
   5.123   401.200 1078.300   10000   4012  10783  8.6658
   5.134   401.000 1079.600   10000   4010  10796  8.6658
   5.144   400.400 1078.900   10000   4004  10789  8.6658
   5.154   400.900 1078.300   10000   4009  10783  8.6658
   5.164   400.500 1079.000   10000   4005  10790  8.6658
