

*******************************************************************************
Thu Jan 20 10:48:46 2005


FIT:    data read from 'beacon_from_pads' u 4:5
        #datapoints = 6
        residuals are weighted equally (unit weight)

function used for fitting: f(x)
fitted parameters initialized with current variable values



*******************************************************************************
Thu Jan 20 10:48:57 2005


FIT:    data read from 'beacon_from_pads' u 4:5
        #datapoints = 6
        residuals are weighted equally (unit weight)

function used for fitting: f(x)
fitted parameters initialized with current variable values



Iteration 0
WSSR        : 1.16213e+10       delta(WSSR)/WSSR   : 0
delta(WSSR) : 0                 limit for stopping : 1e-05
lambda	  : 39648.8

initial set of free parameter values

a               = 1
b               = 1
c               = 1

After 10 iterations the fit converged.
final sum of squares of residuals : 1.38191e+07
rel. change during last iteration : -2.58389e-13

degrees of freedom (ndf) : 3
rms of residuals      (stdfit) = sqrt(WSSR/ndf)      : 2146.24
variance of residuals (reduced chisquare) = WSSR/ndf : 4.60635e+06

Final set of parameters            Asymptotic Standard Error
=======================            ==========================

a               = 1.99058          +/- 0.5616       (28.21%)
b               = -1323.49         +/- 321.5        (24.29%)
c               = 260634           +/- 4.294e+04    (16.47%)


correlation matrix of the fit parameters:

               a      b      c      
a               1.000 
b              -0.999  1.000 
c               0.996 -0.999  1.000 


*******************************************************************************
Thu Jan 20 10:49:46 2005


FIT:    data read from 'beacon_from_pads' u 4:5
        #datapoints = 6
        residuals are weighted equally (unit weight)

function used for fitting: f(x)
fitted parameters initialized with current variable values



Iteration 0
WSSR        : 1.38191e+07       delta(WSSR)/WSSR   : 0
delta(WSSR) : 0                 limit for stopping : 1e-05
lambda	  : 48559.7

initial set of free parameter values

a               = 1.99058
b               = -1323.49

After 1 iterations the fit converged.
final sum of squares of residuals : 1.38191e+07
rel. change during last iteration : 0

degrees of freedom (ndf) : 4
rms of residuals      (stdfit) = sqrt(WSSR/ndf)      : 1858.7
variance of residuals (reduced chisquare) = WSSR/ndf : 3.45476e+06

Final set of parameters            Asymptotic Standard Error
=======================            ==========================

a               = 1.99058          +/- 0.04222      (2.121%)
b               = -1323.49         +/- 11.81        (0.8927%)


correlation matrix of the fit parameters:

               a      b      
a               1.000 
b              -0.965  1.000 


*******************************************************************************
Thu Jan 20 10:49:54 2005


FIT:    data read from 'beacon_from_pads' u 4:5
        #datapoints = 6
        residuals are weighted equally (unit weight)

function used for fitting: f(x)
fitted parameters initialized with current variable values



Iteration 0
WSSR        : 1.38191e+07       delta(WSSR)/WSSR   : 0
delta(WSSR) : 0                 limit for stopping : 1e-05
lambda	  : 48559.4

initial set of free parameter values

a               = 1.99058
c               = 260634

After 1 iterations the fit converged.
final sum of squares of residuals : 1.38191e+07
rel. change during last iteration : 0

degrees of freedom (ndf) : 4
rms of residuals      (stdfit) = sqrt(WSSR/ndf)      : 1858.7
variance of residuals (reduced chisquare) = WSSR/ndf : 3.45476e+06

Final set of parameters            Asymptotic Standard Error
=======================            ==========================

a               = 1.99058          +/- 0.02298      (1.154%)
c               = 260634           +/- 1578         (0.6054%)


correlation matrix of the fit parameters:

               a      c      
a               1.000 
c              -0.877  1.000 


*******************************************************************************
Thu Jan 20 10:50:12 2005


FIT:    data read from 'beacon_from_pads' u 4:5
        #datapoints = 6
        residuals are weighted equally (unit weight)

function used for fitting: f(x)
fitted parameters initialized with current variable values



Iteration 0
WSSR        : 1.38191e+07       delta(WSSR)/WSSR   : 0
delta(WSSR) : 0                 limit for stopping : 1e-05
lambda	  : 39648.8

initial set of free parameter values

a               = 1.99058
b               = -1323.49
c               = 260634

After 1 iterations the fit converged.
final sum of squares of residuals : 1.38191e+07
rel. change during last iteration : 0

degrees of freedom (ndf) : 3
rms of residuals      (stdfit) = sqrt(WSSR/ndf)      : 2146.24
variance of residuals (reduced chisquare) = WSSR/ndf : 4.60635e+06

Final set of parameters            Asymptotic Standard Error
=======================            ==========================

a               = 1.99058          +/- 0.5616       (28.21%)
b               = -1323.49         +/- 321.5        (24.29%)
c               = 260634           +/- 4.294e+04    (16.47%)


correlation matrix of the fit parameters:

               a      b      c      
a               1.000 
b              -0.999  1.000 
c               0.996 -0.999  1.000 


*******************************************************************************
Thu Jan 20 10:50:29 2005


FIT:    data read from 'beacon_from_pads' u 4:5
        #datapoints = 6
        residuals are weighted equally (unit weight)

function used for fitting: f(x)
fitted parameters initialized with current variable values



Iteration 0
WSSR        : 2.59791e+10       delta(WSSR)/WSSR   : 0
delta(WSSR) : 0                 limit for stopping : 1e-05
lambda	  : 48559.4

initial set of free parameter values

a               = 1e-30
c               = 1e-30

After 8 iterations the fit converged.
final sum of squares of residuals : 9.18873e+07
rel. change during last iteration : -5.76876e-06

degrees of freedom (ndf) : 4
rms of residuals      (stdfit) = sqrt(WSSR/ndf)      : 4792.89
variance of residuals (reduced chisquare) = WSSR/ndf : 2.29718e+07

Final set of parameters            Asymptotic Standard Error
=======================            ==========================

a               = -0.318922        +/- 0.05925      (18.58%)
c               = 84037.7          +/- 4069         (4.842%)


correlation matrix of the fit parameters:

               a      c      
a               1.000 
c              -0.877  1.000 


*******************************************************************************
Thu Jan 20 10:50:56 2005


FIT:    data read from 'beacon_from_pads' u 4:5
        #datapoints = 6
        residuals are weighted equally (unit weight)

function used for fitting: f(x)
fitted parameters initialized with current variable values



Iteration 0
WSSR        : 2.96992e+09       delta(WSSR)/WSSR   : 0
delta(WSSR) : 0                 limit for stopping : 1e-05
lambda	  : 0.707107

initial set of free parameter values

b               = 1e-30
c               = 84037.7

After 3 iterations the fit converged.
final sum of squares of residuals : 7.5749e+08
rel. change during last iteration : -1.19817e-08

degrees of freedom (ndf) : 4
rms of residuals      (stdfit) = sqrt(WSSR/ndf)      : 13761.3
variance of residuals (reduced chisquare) = WSSR/ndf : 1.89373e+08

BREAK:          Singular matrix in Invert_RtR



*******************************************************************************
Thu Jan 20 10:51:39 2005


FIT:    data read from 'beacon_from_pads' u 4:5
        #datapoints = 6
        residuals are weighted equally (unit weight)

function used for fitting: f(x)
fitted parameters initialized with current variable values



Iteration 0
WSSR        : 2.59791e+10       delta(WSSR)/WSSR   : 0
delta(WSSR) : 0                 limit for stopping : 1e-05
lambda	  : 39648.8

initial set of free parameter values

a               = 1e-30
b               = 1e-30
c               = 1e-30

After 10 iterations the fit converged.
final sum of squares of residuals : 1.38191e+07
rel. change during last iteration : -2.42079e-13

degrees of freedom (ndf) : 3
rms of residuals      (stdfit) = sqrt(WSSR/ndf)      : 2146.24
variance of residuals (reduced chisquare) = WSSR/ndf : 4.60635e+06

Final set of parameters            Asymptotic Standard Error
=======================            ==========================

a               = 1.99058          +/- 0.5616       (28.21%)
b               = -1323.49         +/- 321.5        (24.29%)
c               = 260634           +/- 4.294e+04    (16.47%)


correlation matrix of the fit parameters:

               a      b      c      
a               1.000 
b              -0.999  1.000 
c               0.996 -0.999  1.000 


*******************************************************************************
Thu Jan 20 10:52:35 2005


FIT:    data read from 'beacon_from_pads' u 4:5
        #datapoints = 6
        residuals are weighted equally (unit weight)

function used for fitting: f(x)
fitted parameters initialized with current variable values



Iteration 0
WSSR        : 6.82376e+09       delta(WSSR)/WSSR   : 0
delta(WSSR) : 0                 limit for stopping : 1e-05
lambda	  : 173.511

initial set of free parameter values

b               = -1323.49
c               = 260634

After 6 iterations the fit converged.
final sum of squares of residuals : 1.73337e+07
rel. change during last iteration : -1.23145e-07

degrees of freedom (ndf) : 4
rms of residuals      (stdfit) = sqrt(WSSR/ndf)      : 2081.69
variance of residuals (reduced chisquare) = WSSR/ndf : 4.33343e+06

Final set of parameters            Asymptotic Standard Error
=======================            ==========================

b               = -1042.99         +/- 14.73        (1.412%)
c               = 223271           +/- 3614         (1.619%)


correlation matrix of the fit parameters:

               b      c      
b               1.000 
c              -0.972  1.000 


*******************************************************************************
Thu Jan 20 10:53:00 2005


FIT:    data read from 'beacon_from_pads' u 4:5
        #datapoints = 6
        residuals are weighted equally (unit weight)

function used for fitting: f(x)
fitted parameters initialized with current variable values



Iteration 0
WSSR        : 7.09853e+09       delta(WSSR)/WSSR   : 0
delta(WSSR) : 0                 limit for stopping : 1e-05
lambda	  : 173.511

initial set of free parameter values

b               = -1042.99
c               = 223271

After 6 iterations the fit converged.
final sum of squares of residuals : 2.8149e+07
rel. change during last iteration : -7.87717e-08

degrees of freedom (ndf) : 4
rms of residuals      (stdfit) = sqrt(WSSR/ndf)      : 2652.78
variance of residuals (reduced chisquare) = WSSR/ndf : 7.03726e+06

Final set of parameters            Asymptotic Standard Error
=======================            ==========================

b               = -757.094         +/- 18.77        (2.479%)
c               = 185191           +/- 4606         (2.487%)


correlation matrix of the fit parameters:

               b      c      
b               1.000 
c              -0.972  1.000 
